[1.365s] Invoking command in '/home/yahboom/S25_RobotProgramming_Ardent/aruco_final_project/src/aruco_follower': PYTHONPATH=/home/yahboom/S25_RobotProgramming_Ardent/aruco_final_project/build/aruco_follower/prefix_override:/home/yahboom/S25_RobotProgramming_Ardent/aruco_final_project/install/aruco_follower/lib/python3.8/site-packages:${PYTHONPATH} /usr/bin/python3 setup.py egg_info --egg-base ../../build/aruco_follower build --build-base /home/yahboom/S25_RobotProgramming_Ardent/aruco_final_project/build/aruco_follower/build install --record /home/yahboom/S25_RobotProgramming_Ardent/aruco_final_project/build/aruco_follower/install.log --install-scripts $base/lib/aruco_follower --single-version-externally-managed
[1.759s] running egg_info
[1.759s] creating ../../build/aruco_follower/aruco_follower.egg-info
[1.760s] writing ../../build/aruco_follower/aruco_follower.egg-info/PKG-INFO
[1.760s] writing dependency_links to ../../build/aruco_follower/aruco_follower.egg-info/dependency_links.txt
[1.760s] writing entry points to ../../build/aruco_follower/aruco_follower.egg-info/entry_points.txt
[1.760s] writing requirements to ../../build/aruco_follower/aruco_follower.egg-info/requires.txt
[1.760s] writing top-level names to ../../build/aruco_follower/aruco_follower.egg-info/top_level.txt
[1.777s] writing manifest file '../../build/aruco_follower/aruco_follower.egg-info/SOURCES.txt'
[1.817s] reading manifest file '../../build/aruco_follower/aruco_follower.egg-info/SOURCES.txt'
[1.817s] writing manifest file '../../build/aruco_follower/aruco_follower.egg-info/SOURCES.txt'
[1.818s] running build
[1.818s] running build_py
[1.818s] creating /home/yahboom/S25_RobotProgramming_Ardent/aruco_final_project/build/aruco_follower/build
[1.818s] creating /home/yahboom/S25_RobotProgramming_Ardent/aruco_final_project/build/aruco_follower/build/lib
[1.818s] creating /home/yahboom/S25_RobotProgramming_Ardent/aruco_final_project/build/aruco_follower/build/lib/aruco_follower
[1.819s] copying aruco_follower/__init__.py -> /home/yahboom/S25_RobotProgramming_Ardent/aruco_final_project/build/aruco_follower/build/lib/aruco_follower
[1.819s] running install
[1.820s] running install_lib
[1.822s] creating /home/yahboom/S25_RobotProgramming_Ardent/aruco_final_project/install/aruco_follower/lib/python3.8/site-packages/aruco_follower
[1.822s] copying /home/yahboom/S25_RobotProgramming_Ardent/aruco_final_project/build/aruco_follower/build/lib/aruco_follower/__init__.py -> /home/yahboom/S25_RobotProgramming_Ardent/aruco_final_project/install/aruco_follower/lib/python3.8/site-packages/aruco_follower
[1.823s] byte-compiling /home/yahboom/S25_RobotProgramming_Ardent/aruco_final_project/install/aruco_follower/lib/python3.8/site-packages/aruco_follower/__init__.py to __init__.cpython-38.pyc
[1.824s] running install_data
[1.825s] creating /home/yahboom/S25_RobotProgramming_Ardent/aruco_final_project/install/aruco_follower/share/ament_index
[1.825s] creating /home/yahboom/S25_RobotProgramming_Ardent/aruco_final_project/install/aruco_follower/share/ament_index/resource_index
[1.825s] creating /home/yahboom/S25_RobotProgramming_Ardent/aruco_final_project/install/aruco_follower/share/ament_index/resource_index/packages
[1.825s] copying resource/aruco_follower -> /home/yahboom/S25_RobotProgramming_Ardent/aruco_final_project/install/aruco_follower/share/ament_index/resource_index/packages
[1.826s] copying package.xml -> /home/yahboom/S25_RobotProgramming_Ardent/aruco_final_project/install/aruco_follower/share/aruco_follower
[1.826s] running install_egg_info
[1.829s] Copying ../../build/aruco_follower/aruco_follower.egg-info to /home/yahboom/S25_RobotProgramming_Ardent/aruco_final_project/install/aruco_follower/lib/python3.8/site-packages/aruco_follower-0.0.0-py3.8.egg-info
[1.831s] running install_scripts
[1.858s] Installing follower_node script to /home/yahboom/S25_RobotProgramming_Ardent/aruco_final_project/install/aruco_follower/lib/aruco_follower
[1.858s] writing list of installed files to '/home/yahboom/S25_RobotProgramming_Ardent/aruco_final_project/build/aruco_follower/install.log'
[1.890s] Invoked command in '/home/yahboom/S25_RobotProgramming_Ardent/aruco_final_project/src/aruco_follower' returned '0': PYTHONPATH=/home/yahboom/S25_RobotProgramming_Ardent/aruco_final_project/build/aruco_follower/prefix_override:/home/yahboom/S25_RobotProgramming_Ardent/aruco_final_project/install/aruco_follower/lib/python3.8/site-packages:${PYTHONPATH} /usr/bin/python3 setup.py egg_info --egg-base ../../build/aruco_follower build --build-base /home/yahboom/S25_RobotProgramming_Ardent/aruco_final_project/build/aruco_follower/build install --record /home/yahboom/S25_RobotProgramming_Ardent/aruco_final_project/build/aruco_follower/install.log --install-scripts $base/lib/aruco_follower --single-version-externally-managed
