[0.023s] Invoking command in '/home/jason/ros2_ws/build/gazebo_ros_link_attacher': CMAKE_PREFIX_PATH=/opt/ros/humble /usr/bin/cmake /home/jason/ros2_ws/src/libs/gazebo_ros_link_attacher -DCMAKE_INSTALL_PREFIX=/home/jason/ros2_ws/install/gazebo_ros_link_attacher
[0.342s] -- The C compiler identification is GNU 11.4.0
[0.400s] -- The CXX compiler identification is GNU 11.4.0
[0.407s] -- Detecting C compiler ABI info
[0.476s] -- Detecting C compiler ABI info - done
[0.480s] -- Check for working C compiler: /usr/bin/cc - skipped
[0.481s] -- Detecting C compile features
[0.482s] -- Detecting C compile features - done
[0.486s] -- Detecting CXX compiler ABI info
[0.587s] -- Detecting CXX compiler ABI info - done
[0.592s] -- Check for working CXX compiler: /usr/bin/c++ - skipped
[0.592s] -- Detecting CXX compile features
[0.592s] -- Detecting CXX compile features - done
[0.595s] -- Found ament_cmake: 1.3.11 (/opt/ros/humble/share/ament_cmake/cmake)
[0.740s] -- Found Python3: /usr/bin/python3 (found version "3.10.12") found components: Interpreter 
[0.856s] -- Found rclcpp: 16.0.12 (/opt/ros/humble/share/rclcpp/cmake)
[0.922s] -- Found rosidl_generator_c: 3.1.6 (/opt/ros/humble/share/rosidl_generator_c/cmake)
[0.926s] -- Found rosidl_adapter: 3.1.6 (/opt/ros/humble/share/rosidl_adapter/cmake)
[0.936s] -- Found rosidl_generator_cpp: 3.1.6 (/opt/ros/humble/share/rosidl_generator_cpp/cmake)
[0.957s] -- Using all available rosidl_typesupport_c: rosidl_typesupport_fastrtps_c;rosidl_typesupport_introspection_c
[0.973s] -- Using all available rosidl_typesupport_cpp: rosidl_typesupport_fastrtps_cpp;rosidl_typesupport_introspection_cpp
[1.038s] -- Found rmw_implementation_cmake: 6.1.2 (/opt/ros/humble/share/rmw_implementation_cmake/cmake)
[1.043s] -- Found rmw_fastrtps_cpp: 6.2.7 (/opt/ros/humble/share/rmw_fastrtps_cpp/cmake)
[1.159s] -- Found OpenSSL: /usr/lib/x86_64-linux-gnu/libcrypto.so (found version "3.0.2")  
[1.187s] -- Found FastRTPS: /opt/ros/humble/include  
[1.224s] -- Using RMW implementation 'rmw_fastrtps_cpp' as default
[1.237s] -- Looking for pthread.h
[1.328s] -- Looking for pthread.h - found
[1.329s] -- Performing Test CMAKE_HAVE_LIBC_PTHREAD
[1.426s] -- Performing Test CMAKE_HAVE_LIBC_PTHREAD - Success
[1.428s] -- Found Threads: TRUE  
[1.491s] -- Found gazebo_ros: 3.9.0 (/opt/ros/humble/share/gazebo_ros/cmake)
[1.504s] -- Found PkgConfig: /usr/bin/pkg-config (found version "0.29.2") 
[1.506s] -- Checking for module 'bullet>=2.82'
[1.519s] --   Found bullet, version 3.05
[1.656s] -- Found fcl: /usr/include (found suitable version "0.7.0", minimum required is "0.5.0") 
[1.709s] -- Found assimp: /usr/include (found version "5.2.0") 
[1.746s] -- Found DART: /usr/include (Required is at least version "6.6") found components: dart 
[1.779s] -- Found Boost: /usr/lib/x86_64-linux-gnu/cmake/Boost-1.74.0/BoostConfig.cmake (found suitable version "1.74.0", minimum required is "1.40.0") found components: thread system filesystem program_options regex iostreams date_time 
[1.802s] -- Found Protobuf: /usr/lib/x86_64-linux-gnu/libprotobuf.so (found version "3.12.4") 
[1.807s] -- Looking for ignition-math6 -- found version 6.15.1
[1.820s] -- Searching for dependencies of ignition-math6
[1.822s] -- Looking for OGRE...
[1.823s] -- OGRE_PREFIX_WATCH changed.
[1.829s] -- Checking for module 'OGRE'
[1.844s] --   Found OGRE, version 1.9.0
[1.881s] -- Found Ogre Ghadamon (1.9.0)
[1.890s] -- Found OGRE: optimized;/usr/lib/x86_64-linux-gnu/libOgreMain.so;debug;/usr/lib/x86_64-linux-gnu/libOgreMain.so
[1.896s] -- Looking for OGRE_Paging...
[1.901s] -- Found OGRE_Paging: optimized;/usr/lib/x86_64-linux-gnu/libOgrePaging.so;debug;/usr/lib/x86_64-linux-gnu/libOgrePaging.so
[1.901s] -- Looking for OGRE_Terrain...
[1.906s] -- Found OGRE_Terrain: optimized;/usr/lib/x86_64-linux-gnu/libOgreTerrain.so;debug;/usr/lib/x86_64-linux-gnu/libOgreTerrain.so
[1.906s] -- Looking for OGRE_Property...
[1.910s] -- Found OGRE_Property: optimized;/usr/lib/x86_64-linux-gnu/libOgreProperty.so;debug;/usr/lib/x86_64-linux-gnu/libOgreProperty.so
[1.910s] -- Looking for OGRE_RTShaderSystem...
[1.917s] -- Found OGRE_RTShaderSystem: optimized;/usr/lib/x86_64-linux-gnu/libOgreRTShaderSystem.so;debug;/usr/lib/x86_64-linux-gnu/libOgreRTShaderSystem.so
[1.917s] -- Looking for OGRE_Volume...
[1.920s] -- Found OGRE_Volume: optimized;/usr/lib/x86_64-linux-gnu/libOgreVolume.so;debug;/usr/lib/x86_64-linux-gnu/libOgreVolume.so
[1.920s] -- Looking for OGRE_Overlay...
[1.924s] -- Found OGRE_Overlay: optimized;/usr/lib/x86_64-linux-gnu/libOgreOverlay.so;debug;/usr/lib/x86_64-linux-gnu/libOgreOverlay.so
[2.018s] -- Looking for ignition-math6 -- found version 6.15.1
[2.021s] -- Looking for ignition-transport8 -- found version 8.2.1
[2.021s] -- Searching for dependencies of ignition-transport8
[2.040s] -- Found Protobuf: /usr/lib/x86_64-linux-gnu/libprotobuf.so (found suitable version "3.12.4", minimum required is "3") 
[2.050s] -- Config-file not installed for ZeroMQ -- checking for pkg-config
[2.059s] -- Checking for module 'libzmq >= 4'
[2.077s] --   Found libzmq , version 4.3.4
[2.117s] -- Found ZeroMQ: TRUE (Required is at least version "4") 
[2.124s] -- Checking for module 'uuid'
[2.143s] --   Found uuid, version 2.37.2
[2.189s] -- Found UUID: TRUE  
[2.192s] -- Looking for ignition-msgs5 -- found version 5.8.1
[2.196s] -- Searching for dependencies of ignition-msgs5
[2.211s] -- Looking for ignition-math6 -- found version 6.15.1
[2.218s] -- Checking for module 'tinyxml2'
[2.236s] --   Found tinyxml2, version 9.0.0
[2.275s] -- Looking for ignition-msgs5 -- found version 5.8.1
[2.278s] -- Looking for ignition-common3 -- found version 3.14.0
[2.278s] -- Searching for dependencies of ignition-common3
[2.279s] -- Looking for dlfcn.h - found
[2.280s] -- Looking for libdl - found
[2.281s] -- Found DL: TRUE  
[2.294s] -- Found tinyobjloader: /usr/lib/x86_64-linux-gnu/cmake/tinyobjloader/tinyobjloader-config.cmake (found version "2.0.0") 
[2.298s] -- Searching for <ignition-common3> component [graphics]
[2.298s] -- Looking for ignition-common3-graphics -- found version 3.14.0
[2.298s] -- Searching for dependencies of ignition-common3-graphics
[2.298s] -- Looking for ignition-math6 -- found version 6.15.1
[2.304s] -- Looking for ignition-fuel_tools4 -- found version 4.4.0
[2.304s] -- Searching for dependencies of ignition-fuel_tools4
[2.423s] -- Found CURL: /usr/lib/x86_64-linux-gnu/libcurl.so (found version "7.81.0")  
[2.443s] -- Checking for module 'jsoncpp'
[2.471s] --   Found jsoncpp, version 1.9.5
[2.528s] -- Found JSONCPP: TRUE  
[2.539s] -- Checking for module 'libzip'
[2.572s] --   Found libzip, version 1.7.3
[2.648s] -- Found ZIP: TRUE  
[2.649s] -- Looking for ignition-common3 -- found version 3.14.0
[2.649s] -- Looking for ignition-math6 -- found version 6.15.1
[2.649s] -- Looking for ignition-msgs5 -- found version 5.8.1
[2.660s] -- Gazebo version: 11.10
[2.660s] -- Checking for module 'tbb'
[2.690s] --   Found tbb, version 2021.5.0
[2.751s] -- Found rosidl_default_generators: 1.2.0 (/opt/ros/humble/share/rosidl_default_generators/cmake)
[3.247s] -- Found ament_cmake_ros: 0.10.0 (/opt/ros/humble/share/ament_cmake_ros/cmake)
[3.881s] -- Using all available rosidl_typesupport_c: rosidl_typesupport_fastrtps_c;rosidl_typesupport_introspection_c
[4.038s] -- Using all available rosidl_typesupport_cpp: rosidl_typesupport_fastrtps_cpp;rosidl_typesupport_introspection_cpp
[4.078s] -- Found PythonInterp: /usr/bin/python3 (found suitable version "3.10.12", minimum required is "3.6") 
[4.078s] -- Found python_cmake_module: 0.10.0 (/opt/ros/humble/share/python_cmake_module/cmake)
[4.117s] -- Found PythonLibs: /usr/lib/x86_64-linux-gnu/libpython3.10.so (found suitable version "3.10.12", minimum required is "3.5") 
[4.117s] -- Using PYTHON_EXECUTABLE: /usr/bin/python3
[4.117s] -- Using PYTHON_INCLUDE_DIRS: /usr/include/python3.10
[4.117s] -- Using PYTHON_LIBRARIES: /usr/lib/x86_64-linux-gnu/libpython3.10.so
[4.151s] -- Found PythonExtra: .so  
[4.260s] -- Configuring done
[4.599s] -- Generating done
[4.649s] -- Build files have been written to: /home/jason/ros2_ws/build/gazebo_ros_link_attacher
[4.708s] Invoked command in '/home/jason/ros2_ws/build/gazebo_ros_link_attacher' returned '0': CMAKE_PREFIX_PATH=/opt/ros/humble /usr/bin/cmake /home/jason/ros2_ws/src/libs/gazebo_ros_link_attacher -DCMAKE_INSTALL_PREFIX=/home/jason/ros2_ws/install/gazebo_ros_link_attacher
[4.709s] Invoking command in '/home/jason/ros2_ws/build/gazebo_ros_link_attacher': CMAKE_PREFIX_PATH=/opt/ros/humble /usr/bin/cmake --build /home/jason/ros2_ws/build/gazebo_ros_link_attacher -- -j4 -l4
[4.815s] [  3%] [34m[1mGenerating C code for ROS interfaces[0m
[4.907s] [  3%] Built target ament_cmake_python_copy_gazebo_ros_link_attacher
[4.908s] [  6%] [34m[1mGenerating C++ code for ROS interfaces[0m
[5.758s] [  9%] [32mBuilding C object CMakeFiles/gazebo_ros_link_attacher__rosidl_generator_c.dir/rosidl_generator_c/gazebo_ros_link_attacher/srv/detail/attach__functions.c.o[0m
[5.814s] [  9%] Built target gazebo_ros_link_attacher__cpp
[5.854s] [ 12%] [34m[1mGenerating C++ type support dispatch for ROS interfaces[0m
[5.879s] [ 15%] [34m[1mGenerating C++ type support for eProsima Fast-RTPS[0m
[5.880s] running egg_info
[5.881s] creating gazebo_ros_link_attacher.egg-info
[5.885s] writing gazebo_ros_link_attacher.egg-info/PKG-INFO
[5.890s] writing dependency_links to gazebo_ros_link_attacher.egg-info/dependency_links.txt
[5.891s] writing top-level names to gazebo_ros_link_attacher.egg-info/top_level.txt
[5.891s] writing manifest file 'gazebo_ros_link_attacher.egg-info/SOURCES.txt'
[5.901s] reading manifest file 'gazebo_ros_link_attacher.egg-info/SOURCES.txt'
[5.902s] writing manifest file 'gazebo_ros_link_attacher.egg-info/SOURCES.txt'
[6.024s] [ 18%] [32m[1mLinking C shared library libgazebo_ros_link_attacher__rosidl_generator_c.so[0m
[6.071s] [ 18%] Built target ament_cmake_python_build_gazebo_ros_link_attacher_egg
[6.113s] [ 21%] [34m[1mGenerating C++ introspection for ROS interfaces[0m
[6.170s] [ 21%] Built target gazebo_ros_link_attacher__rosidl_generator_c
[6.224s] [ 24%] [34m[1mGenerating C type support for eProsima Fast-RTPS[0m
[6.559s] [ 27%] [32mBuilding CXX object CMakeFiles/gazebo_ros_link_attacher__rosidl_typesupport_fastrtps_cpp.dir/rosidl_typesupport_fastrtps_cpp/gazebo_ros_link_attacher/srv/detail/dds_fastrtps/attach__type_support.cpp.o[0m
[6.814s] [ 30%] [32mBuilding CXX object CMakeFiles/gazebo_ros_link_attacher__rosidl_typesupport_fastrtps_c.dir/rosidl_typesupport_fastrtps_c/gazebo_ros_link_attacher/srv/detail/attach__type_support_c.cpp.o[0m
[6.865s] [ 33%] [32mBuilding CXX object CMakeFiles/gazebo_ros_link_attacher__rosidl_typesupport_cpp.dir/rosidl_typesupport_cpp/gazebo_ros_link_attacher/srv/attach__type_support.cpp.o[0m
[6.960s] [ 36%] [32mBuilding CXX object CMakeFiles/gazebo_ros_link_attacher__rosidl_typesupport_introspection_cpp.dir/rosidl_typesupport_introspection_cpp/gazebo_ros_link_attacher/srv/detail/attach__type_support.cpp.o[0m
[7.868s] [ 39%] [32m[1mLinking CXX shared library libgazebo_ros_link_attacher__rosidl_typesupport_fastrtps_cpp.so[0m
[7.998s] [ 42%] [32m[1mLinking CXX shared library libgazebo_ros_link_attacher__rosidl_typesupport_cpp.so[0m
[8.215s] [ 42%] Built target gazebo_ros_link_attacher__rosidl_typesupport_cpp
[8.242s] [ 45%] [34m[1mGenerating C introspection for ROS interfaces[0m
[8.305s] [ 48%] [32m[1mLinking CXX shared library libgazebo_ros_link_attacher__rosidl_typesupport_fastrtps_c.so[0m
[8.377s] [ 48%] Built target gazebo_ros_link_attacher__rosidl_typesupport_fastrtps_cpp
[8.418s] [ 51%] [34m[1mGenerating C type support dispatch for ROS interfaces[0m
[8.723s] [ 51%] Built target gazebo_ros_link_attacher__rosidl_typesupport_fastrtps_c
[8.814s] [ 54%] [32m[1mLinking CXX shared library libgazebo_ros_link_attacher__rosidl_typesupport_introspection_cpp.so[0m
[8.836s] [ 57%] [32mBuilding CXX object CMakeFiles/gazebo_ros_link_attacher_plugin.dir/src/gazebo_ros_link_attacher.cpp.o[0m
[9.124s] [ 57%] Built target gazebo_ros_link_attacher__rosidl_typesupport_introspection_cpp
[9.295s] [ 60%] [32mBuilding C object CMakeFiles/gazebo_ros_link_attacher__rosidl_typesupport_introspection_c.dir/rosidl_typesupport_introspection_c/gazebo_ros_link_attacher/srv/detail/attach__type_support.c.o[0m
[9.462s] [ 63%] [32m[1mLinking C shared library libgazebo_ros_link_attacher__rosidl_typesupport_introspection_c.so[0m
[9.525s] [ 66%] [32mBuilding CXX object CMakeFiles/gazebo_ros_link_attacher__rosidl_typesupport_c.dir/rosidl_typesupport_c/gazebo_ros_link_attacher/srv/attach__type_support.cpp.o[0m
[9.671s] [ 66%] Built target gazebo_ros_link_attacher__rosidl_typesupport_introspection_c
[9.708s] [ 69%] [32m[1mLinking CXX shared library libgazebo_ros_link_attacher__rosidl_typesupport_c.so[0m
[9.862s] [ 69%] Built target gazebo_ros_link_attacher__rosidl_typesupport_c
[9.982s] [ 69%] Built target gazebo_ros_link_attacher
[10.090s] [ 72%] [34m[1mGenerating Python code for ROS interfaces[0m
[11.232s] [ 72%] Built target gazebo_ros_link_attacher__py
[11.344s] [ 75%] [32mBuilding C object CMakeFiles/gazebo_ros_link_attacher__rosidl_generator_py.dir/rosidl_generator_py/gazebo_ros_link_attacher/srv/_attach_s.c.o[0m
[11.749s] [ 78%] [32m[1mLinking C shared library rosidl_generator_py/gazebo_ros_link_attacher/libgazebo_ros_link_attacher__rosidl_generator_py.so[0m
[11.826s] [ 78%] Built target gazebo_ros_link_attacher__rosidl_generator_py
[11.872s] [ 81%] [32mBuilding C object CMakeFiles/gazebo_ros_link_attacher__rosidl_typesupport_introspection_c__pyext.dir/rosidl_generator_py/gazebo_ros_link_attacher/_gazebo_ros_link_attacher_s.ep.rosidl_typesupport_introspection_c.c.o[0m
[11.909s] [ 84%] [32mBuilding C object CMakeFiles/gazebo_ros_link_attacher__rosidl_typesupport_fastrtps_c__pyext.dir/rosidl_generator_py/gazebo_ros_link_attacher/_gazebo_ros_link_attacher_s.ep.rosidl_typesupport_fastrtps_c.c.o[0m
[11.938s] [ 87%] [32mBuilding C object CMakeFiles/gazebo_ros_link_attacher__rosidl_typesupport_c__pyext.dir/rosidl_generator_py/gazebo_ros_link_attacher/_gazebo_ros_link_attacher_s.ep.rosidl_typesupport_c.c.o[0m
[12.176s] [ 90%] [32m[1mLinking C shared library rosidl_generator_py/gazebo_ros_link_attacher/gazebo_ros_link_attacher_s__rosidl_typesupport_c.cpython-310-x86_64-linux-gnu.so[0m
[12.197s] [ 93%] [32m[1mLinking C shared library rosidl_generator_py/gazebo_ros_link_attacher/gazebo_ros_link_attacher_s__rosidl_typesupport_introspection_c.cpython-310-x86_64-linux-gnu.so[0m
[12.286s] [ 93%] Built target gazebo_ros_link_attacher__rosidl_typesupport_c__pyext
[12.316s] [ 96%] [32m[1mLinking C shared library rosidl_generator_py/gazebo_ros_link_attacher/gazebo_ros_link_attacher_s__rosidl_typesupport_fastrtps_c.cpython-310-x86_64-linux-gnu.so[0m
[12.341s] [ 96%] Built target gazebo_ros_link_attacher__rosidl_typesupport_introspection_c__pyext
[12.466s] [ 96%] Built target gazebo_ros_link_attacher__rosidl_typesupport_fastrtps_c__pyext
[41.458s] [100%] [32m[1mLinking CXX shared library libgazebo_ros_link_attacher_plugin.so[0m
[42.917s] [100%] Built target gazebo_ros_link_attacher_plugin
[43.009s] Invoked command in '/home/jason/ros2_ws/build/gazebo_ros_link_attacher' returned '0': CMAKE_PREFIX_PATH=/opt/ros/humble /usr/bin/cmake --build /home/jason/ros2_ws/build/gazebo_ros_link_attacher -- -j4 -l4
[43.058s] Invoking command in '/home/jason/ros2_ws/build/gazebo_ros_link_attacher': CMAKE_PREFIX_PATH=/opt/ros/humble /usr/bin/cmake --install /home/jason/ros2_ws/build/gazebo_ros_link_attacher
[43.065s] -- Install configuration: ""
[43.071s] -- Installing: /home/jason/ros2_ws/install/gazebo_ros_link_attacher/share/ament_index/resource_index/rosidl_interfaces/gazebo_ros_link_attacher
[43.071s] -- Installing: /home/jason/ros2_ws/install/gazebo_ros_link_attacher/include/gazebo_ros_link_attacher/gazebo_ros_link_attacher
[43.071s] -- Installing: /home/jason/ros2_ws/install/gazebo_ros_link_attacher/include/gazebo_ros_link_attacher/gazebo_ros_link_attacher/srv
[43.071s] -- Installing: /home/jason/ros2_ws/install/gazebo_ros_link_attacher/include/gazebo_ros_link_attacher/gazebo_ros_link_attacher/srv/attach.h
[43.071s] -- Installing: /home/jason/ros2_ws/install/gazebo_ros_link_attacher/include/gazebo_ros_link_attacher/gazebo_ros_link_attacher/srv/detail
[43.071s] -- Installing: /home/jason/ros2_ws/install/gazebo_ros_link_attacher/include/gazebo_ros_link_attacher/gazebo_ros_link_attacher/srv/detail/attach__functions.c
[43.071s] -- Installing: /home/jason/ros2_ws/install/gazebo_ros_link_attacher/include/gazebo_ros_link_attacher/gazebo_ros_link_attacher/srv/detail/attach__type_support.h
[43.071s] -- Installing: /home/jason/ros2_ws/install/gazebo_ros_link_attacher/include/gazebo_ros_link_attacher/gazebo_ros_link_attacher/srv/detail/attach__functions.h
[43.071s] -- Installing: /home/jason/ros2_ws/install/gazebo_ros_link_attacher/include/gazebo_ros_link_attacher/gazebo_ros_link_attacher/srv/detail/attach__struct.h
[43.071s] -- Installing: /home/jason/ros2_ws/install/gazebo_ros_link_attacher/include/gazebo_ros_link_attacher/gazebo_ros_link_attacher/msg
[43.071s] -- Installing: /home/jason/ros2_ws/install/gazebo_ros_link_attacher/include/gazebo_ros_link_attacher/gazebo_ros_link_attacher/msg/rosidl_generator_c__visibility_control.h
[43.074s] -- Installing: /home/jason/ros2_ws/install/gazebo_ros_link_attacher/share/gazebo_ros_link_attacher/environment/library_path.sh
[43.074s] -- Installing: /home/jason/ros2_ws/install/gazebo_ros_link_attacher/share/gazebo_ros_link_attacher/environment/library_path.dsv
[43.074s] -- Installing: /home/jason/ros2_ws/install/gazebo_ros_link_attacher/lib/libgazebo_ros_link_attacher__rosidl_generator_c.so
[43.075s] -- Set runtime path of "/home/jason/ros2_ws/install/gazebo_ros_link_attacher/lib/libgazebo_ros_link_attacher__rosidl_generator_c.so" to ""
[43.075s] -- Up-to-date: /home/jason/ros2_ws/install/gazebo_ros_link_attacher/include/gazebo_ros_link_attacher/gazebo_ros_link_attacher
[43.076s] -- Up-to-date: /home/jason/ros2_ws/install/gazebo_ros_link_attacher/include/gazebo_ros_link_attacher/gazebo_ros_link_attacher/srv
[43.076s] -- Up-to-date: /home/jason/ros2_ws/install/gazebo_ros_link_attacher/include/gazebo_ros_link_attacher/gazebo_ros_link_attacher/srv/detail
[43.076s] -- Installing: /home/jason/ros2_ws/install/gazebo_ros_link_attacher/include/gazebo_ros_link_attacher/gazebo_ros_link_attacher/srv/detail/attach__rosidl_typesupport_fastrtps_c.h
[43.077s] -- Up-to-date: /home/jason/ros2_ws/install/gazebo_ros_link_attacher/include/gazebo_ros_link_attacher/gazebo_ros_link_attacher/msg
[43.077s] -- Installing: /home/jason/ros2_ws/install/gazebo_ros_link_attacher/include/gazebo_ros_link_attacher/gazebo_ros_link_attacher/msg/rosidl_typesupport_fastrtps_c__visibility_control.h
[43.077s] -- Installing: /home/jason/ros2_ws/install/gazebo_ros_link_attacher/lib/libgazebo_ros_link_attacher__rosidl_typesupport_fastrtps_c.so
[43.078s] -- Set runtime path of "/home/jason/ros2_ws/install/gazebo_ros_link_attacher/lib/libgazebo_ros_link_attacher__rosidl_typesupport_fastrtps_c.so" to ""
[43.079s] -- Up-to-date: /home/jason/ros2_ws/install/gazebo_ros_link_attacher/include/gazebo_ros_link_attacher/gazebo_ros_link_attacher
[43.079s] -- Up-to-date: /home/jason/ros2_ws/install/gazebo_ros_link_attacher/include/gazebo_ros_link_attacher/gazebo_ros_link_attacher/srv
[43.080s] -- Up-to-date: /home/jason/ros2_ws/install/gazebo_ros_link_attacher/include/gazebo_ros_link_attacher/gazebo_ros_link_attacher/srv/detail
[43.080s] -- Installing: /home/jason/ros2_ws/install/gazebo_ros_link_attacher/include/gazebo_ros_link_attacher/gazebo_ros_link_attacher/srv/detail/attach__builder.hpp
[43.083s] -- Installing: /home/jason/ros2_ws/install/gazebo_ros_link_attacher/include/gazebo_ros_link_attacher/gazebo_ros_link_attacher/srv/detail/attach__type_support.hpp
[43.083s] -- Installing: /home/jason/ros2_ws/install/gazebo_ros_link_attacher/include/gazebo_ros_link_attacher/gazebo_ros_link_attacher/srv/detail/attach__struct.hpp
[43.083s] -- Installing: /home/jason/ros2_ws/install/gazebo_ros_link_attacher/include/gazebo_ros_link_attacher/gazebo_ros_link_attacher/srv/detail/attach__traits.hpp
[43.083s] -- Installing: /home/jason/ros2_ws/install/gazebo_ros_link_attacher/include/gazebo_ros_link_attacher/gazebo_ros_link_attacher/srv/attach.hpp
[43.083s] -- Up-to-date: /home/jason/ros2_ws/install/gazebo_ros_link_attacher/include/gazebo_ros_link_attacher/gazebo_ros_link_attacher/msg
[43.083s] -- Installing: /home/jason/ros2_ws/install/gazebo_ros_link_attacher/include/gazebo_ros_link_attacher/gazebo_ros_link_attacher/msg/rosidl_generator_cpp__visibility_control.hpp
[43.084s] -- Up-to-date: /home/jason/ros2_ws/install/gazebo_ros_link_attacher/include/gazebo_ros_link_attacher/gazebo_ros_link_attacher
[43.084s] -- Up-to-date: /home/jason/ros2_ws/install/gazebo_ros_link_attacher/include/gazebo_ros_link_attacher/gazebo_ros_link_attacher/srv
[43.084s] -- Up-to-date: /home/jason/ros2_ws/install/gazebo_ros_link_attacher/include/gazebo_ros_link_attacher/gazebo_ros_link_attacher/srv/detail
[43.084s] -- Installing: /home/jason/ros2_ws/install/gazebo_ros_link_attacher/include/gazebo_ros_link_attacher/gazebo_ros_link_attacher/srv/detail/attach__rosidl_typesupport_fastrtps_cpp.hpp
[43.084s] -- Installing: /home/jason/ros2_ws/install/gazebo_ros_link_attacher/include/gazebo_ros_link_attacher/gazebo_ros_link_attacher/srv/detail/dds_fastrtps
[43.084s] -- Up-to-date: /home/jason/ros2_ws/install/gazebo_ros_link_attacher/include/gazebo_ros_link_attacher/gazebo_ros_link_attacher/msg
[43.084s] -- Installing: /home/jason/ros2_ws/install/gazebo_ros_link_attacher/include/gazebo_ros_link_attacher/gazebo_ros_link_attacher/msg/rosidl_typesupport_fastrtps_cpp__visibility_control.h
[43.084s] -- Installing: /home/jason/ros2_ws/install/gazebo_ros_link_attacher/lib/libgazebo_ros_link_attacher__rosidl_typesupport_fastrtps_cpp.so
[43.084s] -- Set runtime path of "/home/jason/ros2_ws/install/gazebo_ros_link_attacher/lib/libgazebo_ros_link_attacher__rosidl_typesupport_fastrtps_cpp.so" to ""
[43.085s] -- Up-to-date: /home/jason/ros2_ws/install/gazebo_ros_link_attacher/include/gazebo_ros_link_attacher/gazebo_ros_link_attacher
[43.085s] -- Up-to-date: /home/jason/ros2_ws/install/gazebo_ros_link_attacher/include/gazebo_ros_link_attacher/gazebo_ros_link_attacher/srv
[43.085s] -- Up-to-date: /home/jason/ros2_ws/install/gazebo_ros_link_attacher/include/gazebo_ros_link_attacher/gazebo_ros_link_attacher/srv/detail
[43.085s] -- Installing: /home/jason/ros2_ws/install/gazebo_ros_link_attacher/include/gazebo_ros_link_attacher/gazebo_ros_link_attacher/srv/detail/attach__type_support.c
[43.086s] -- Installing: /home/jason/ros2_ws/install/gazebo_ros_link_attacher/include/gazebo_ros_link_attacher/gazebo_ros_link_attacher/srv/detail/attach__rosidl_typesupport_introspection_c.h
[43.086s] -- Up-to-date: /home/jason/ros2_ws/install/gazebo_ros_link_attacher/include/gazebo_ros_link_attacher/gazebo_ros_link_attacher/msg
[43.086s] -- Installing: /home/jason/ros2_ws/install/gazebo_ros_link_attacher/include/gazebo_ros_link_attacher/gazebo_ros_link_attacher/msg/rosidl_typesupport_introspection_c__visibility_control.h
[43.087s] -- Installing: /home/jason/ros2_ws/install/gazebo_ros_link_attacher/lib/libgazebo_ros_link_attacher__rosidl_typesupport_introspection_c.so
[43.088s] -- Set runtime path of "/home/jason/ros2_ws/install/gazebo_ros_link_attacher/lib/libgazebo_ros_link_attacher__rosidl_typesupport_introspection_c.so" to ""
[43.088s] -- Installing: /home/jason/ros2_ws/install/gazebo_ros_link_attacher/lib/libgazebo_ros_link_attacher__rosidl_typesupport_c.so
[43.088s] -- Set runtime path of "/home/jason/ros2_ws/install/gazebo_ros_link_attacher/lib/libgazebo_ros_link_attacher__rosidl_typesupport_c.so" to ""
[43.088s] -- Up-to-date: /home/jason/ros2_ws/install/gazebo_ros_link_attacher/include/gazebo_ros_link_attacher/gazebo_ros_link_attacher
[43.089s] -- Up-to-date: /home/jason/ros2_ws/install/gazebo_ros_link_attacher/include/gazebo_ros_link_attacher/gazebo_ros_link_attacher/srv
[43.089s] -- Up-to-date: /home/jason/ros2_ws/install/gazebo_ros_link_attacher/include/gazebo_ros_link_attacher/gazebo_ros_link_attacher/srv/detail
[43.089s] -- Installing: /home/jason/ros2_ws/install/gazebo_ros_link_attacher/include/gazebo_ros_link_attacher/gazebo_ros_link_attacher/srv/detail/attach__type_support.cpp
[43.090s] -- Installing: /home/jason/ros2_ws/install/gazebo_ros_link_attacher/include/gazebo_ros_link_attacher/gazebo_ros_link_attacher/srv/detail/attach__rosidl_typesupport_introspection_cpp.hpp
[43.090s] -- Installing: /home/jason/ros2_ws/install/gazebo_ros_link_attacher/lib/libgazebo_ros_link_attacher__rosidl_typesupport_introspection_cpp.so
[43.091s] -- Set runtime path of "/home/jason/ros2_ws/install/gazebo_ros_link_attacher/lib/libgazebo_ros_link_attacher__rosidl_typesupport_introspection_cpp.so" to ""
[43.091s] -- Installing: /home/jason/ros2_ws/install/gazebo_ros_link_attacher/lib/libgazebo_ros_link_attacher__rosidl_typesupport_cpp.so
[43.091s] -- Set runtime path of "/home/jason/ros2_ws/install/gazebo_ros_link_attacher/lib/libgazebo_ros_link_attacher__rosidl_typesupport_cpp.so" to ""
[43.091s] -- Installing: /home/jason/ros2_ws/install/gazebo_ros_link_attacher/share/gazebo_ros_link_attacher/environment/pythonpath.sh
[43.092s] -- Installing: /home/jason/ros2_ws/install/gazebo_ros_link_attacher/share/gazebo_ros_link_attacher/environment/pythonpath.dsv
[43.092s] -- Installing: /home/jason/ros2_ws/install/gazebo_ros_link_attacher/local/lib/python3.10/dist-packages/gazebo_ros_link_attacher-0.0.0-py3.10.egg-info
[43.093s] -- Installing: /home/jason/ros2_ws/install/gazebo_ros_link_attacher/local/lib/python3.10/dist-packages/gazebo_ros_link_attacher-0.0.0-py3.10.egg-info/SOURCES.txt
[43.093s] -- Installing: /home/jason/ros2_ws/install/gazebo_ros_link_attacher/local/lib/python3.10/dist-packages/gazebo_ros_link_attacher-0.0.0-py3.10.egg-info/PKG-INFO
[43.093s] -- Installing: /home/jason/ros2_ws/install/gazebo_ros_link_attacher/local/lib/python3.10/dist-packages/gazebo_ros_link_attacher-0.0.0-py3.10.egg-info/dependency_links.txt
[43.094s] -- Installing: /home/jason/ros2_ws/install/gazebo_ros_link_attacher/local/lib/python3.10/dist-packages/gazebo_ros_link_attacher-0.0.0-py3.10.egg-info/top_level.txt
[43.094s] -- Installing: /home/jason/ros2_ws/install/gazebo_ros_link_attacher/local/lib/python3.10/dist-packages/gazebo_ros_link_attacher
[43.095s] -- Installing: /home/jason/ros2_ws/install/gazebo_ros_link_attacher/local/lib/python3.10/dist-packages/gazebo_ros_link_attacher/_gazebo_ros_link_attacher_s.ep.rosidl_typesupport_introspection_c.c
[43.095s] -- Installing: /home/jason/ros2_ws/install/gazebo_ros_link_attacher/local/lib/python3.10/dist-packages/gazebo_ros_link_attacher/_gazebo_ros_link_attacher_s.ep.rosidl_typesupport_c.c
[43.095s] -- Installing: /home/jason/ros2_ws/install/gazebo_ros_link_attacher/local/lib/python3.10/dist-packages/gazebo_ros_link_attacher/srv
[43.096s] -- Installing: /home/jason/ros2_ws/install/gazebo_ros_link_attacher/local/lib/python3.10/dist-packages/gazebo_ros_link_attacher/srv/_attach_s.c
[43.096s] -- Installing: /home/jason/ros2_ws/install/gazebo_ros_link_attacher/local/lib/python3.10/dist-packages/gazebo_ros_link_attacher/srv/__init__.py
[43.096s] -- Installing: /home/jason/ros2_ws/install/gazebo_ros_link_attacher/local/lib/python3.10/dist-packages/gazebo_ros_link_attacher/srv/_attach.py
[43.096s] -- Installing: /home/jason/ros2_ws/install/gazebo_ros_link_attacher/local/lib/python3.10/dist-packages/gazebo_ros_link_attacher/gazebo_ros_link_attacher_s__rosidl_typesupport_introspection_c.cpython-310-x86_64-linux-gnu.so
[43.097s] -- Installing: /home/jason/ros2_ws/install/gazebo_ros_link_attacher/local/lib/python3.10/dist-packages/gazebo_ros_link_attacher/__init__.py
[43.097s] -- Installing: /home/jason/ros2_ws/install/gazebo_ros_link_attacher/local/lib/python3.10/dist-packages/gazebo_ros_link_attacher/gazebo_ros_link_attacher_s__rosidl_typesupport_c.cpython-310-x86_64-linux-gnu.so
[43.097s] -- Installing: /home/jason/ros2_ws/install/gazebo_ros_link_attacher/local/lib/python3.10/dist-packages/gazebo_ros_link_attacher/_gazebo_ros_link_attacher_s.ep.rosidl_typesupport_fastrtps_c.c
[43.100s] -- Installing: /home/jason/ros2_ws/install/gazebo_ros_link_attacher/local/lib/python3.10/dist-packages/gazebo_ros_link_attacher/libgazebo_ros_link_attacher__rosidl_generator_py.so
[43.100s] -- Installing: /home/jason/ros2_ws/install/gazebo_ros_link_attacher/local/lib/python3.10/dist-packages/gazebo_ros_link_attacher/gazebo_ros_link_attacher_s__rosidl_typesupport_fastrtps_c.cpython-310-x86_64-linux-gnu.so
[43.171s] Listing '/home/jason/ros2_ws/install/gazebo_ros_link_attacher/local/lib/python3.10/dist-packages/gazebo_ros_link_attacher'...
[43.171s] Compiling '/home/jason/ros2_ws/install/gazebo_ros_link_attacher/local/lib/python3.10/dist-packages/gazebo_ros_link_attacher/__init__.py'...
[43.171s] Listing '/home/jason/ros2_ws/install/gazebo_ros_link_attacher/local/lib/python3.10/dist-packages/gazebo_ros_link_attacher/srv'...
[43.171s] Compiling '/home/jason/ros2_ws/install/gazebo_ros_link_attacher/local/lib/python3.10/dist-packages/gazebo_ros_link_attacher/srv/__init__.py'...
[43.171s] Compiling '/home/jason/ros2_ws/install/gazebo_ros_link_attacher/local/lib/python3.10/dist-packages/gazebo_ros_link_attacher/srv/_attach.py'...
[43.172s] -- Installing: /home/jason/ros2_ws/install/gazebo_ros_link_attacher/local/lib/python3.10/dist-packages/gazebo_ros_link_attacher/gazebo_ros_link_attacher_s__rosidl_typesupport_fastrtps_c.cpython-310-x86_64-linux-gnu.so
[43.173s] -- Set runtime path of "/home/jason/ros2_ws/install/gazebo_ros_link_attacher/local/lib/python3.10/dist-packages/gazebo_ros_link_attacher/gazebo_ros_link_attacher_s__rosidl_typesupport_fastrtps_c.cpython-310-x86_64-linux-gnu.so" to ""
[43.173s] -- Installing: /home/jason/ros2_ws/install/gazebo_ros_link_attacher/local/lib/python3.10/dist-packages/gazebo_ros_link_attacher/gazebo_ros_link_attacher_s__rosidl_typesupport_introspection_c.cpython-310-x86_64-linux-gnu.so
[43.173s] -- Set runtime path of "/home/jason/ros2_ws/install/gazebo_ros_link_attacher/local/lib/python3.10/dist-packages/gazebo_ros_link_attacher/gazebo_ros_link_attacher_s__rosidl_typesupport_introspection_c.cpython-310-x86_64-linux-gnu.so" to ""
[43.173s] -- Installing: /home/jason/ros2_ws/install/gazebo_ros_link_attacher/local/lib/python3.10/dist-packages/gazebo_ros_link_attacher/gazebo_ros_link_attacher_s__rosidl_typesupport_c.cpython-310-x86_64-linux-gnu.so
[43.174s] -- Set runtime path of "/home/jason/ros2_ws/install/gazebo_ros_link_attacher/local/lib/python3.10/dist-packages/gazebo_ros_link_attacher/gazebo_ros_link_attacher_s__rosidl_typesupport_c.cpython-310-x86_64-linux-gnu.so" to ""
[43.174s] -- Installing: /home/jason/ros2_ws/install/gazebo_ros_link_attacher/lib/libgazebo_ros_link_attacher__rosidl_generator_py.so
[43.174s] -- Set runtime path of "/home/jason/ros2_ws/install/gazebo_ros_link_attacher/lib/libgazebo_ros_link_attacher__rosidl_generator_py.so" to ""
[43.175s] -- Installing: /home/jason/ros2_ws/install/gazebo_ros_link_attacher/share/gazebo_ros_link_attacher/srv/Attach.idl
[43.176s] -- Installing: /home/jason/ros2_ws/install/gazebo_ros_link_attacher/share/gazebo_ros_link_attacher/srv/Attach.srv
[43.176s] -- Installing: /home/jason/ros2_ws/install/gazebo_ros_link_attacher/share/gazebo_ros_link_attacher/srv/Attach_Request.msg
[43.177s] -- Installing: /home/jason/ros2_ws/install/gazebo_ros_link_attacher/share/gazebo_ros_link_attacher/srv/Attach_Response.msg
[43.178s] -- Installing: /home/jason/ros2_ws/install/gazebo_ros_link_attacher/lib/libgazebo_ros_link_attacher_plugin.so
[43.180s] -- Set runtime path of "/home/jason/ros2_ws/install/gazebo_ros_link_attacher/lib/libgazebo_ros_link_attacher_plugin.so" to ""
[43.181s] -- Installing: /home/jason/ros2_ws/install/gazebo_ros_link_attacher/lib/gazebo_ros_link_attacher/demo.py
[43.181s] -- Installing: /home/jason/ros2_ws/install/gazebo_ros_link_attacher/lib/gazebo_ros_link_attacher/demo_multiple.py
[43.182s] -- Installing: /home/jason/ros2_ws/install/gazebo_ros_link_attacher/lib/gazebo_ros_link_attacher/spawn_models.py
[43.182s] -- Installing: /home/jason/ros2_ws/install/gazebo_ros_link_attacher/lib/gazebo_ros_link_attacher/attach.py
[43.182s] -- Installing: /home/jason/ros2_ws/install/gazebo_ros_link_attacher/lib/gazebo_ros_link_attacher/detach.py
[43.183s] -- Installing: /home/jason/ros2_ws/install/gazebo_ros_link_attacher/share/gazebo_ros_link_attacher/launch
[43.183s] -- Installing: /home/jason/ros2_ws/install/gazebo_ros_link_attacher/share/gazebo_ros_link_attacher/launch/test_attacher.py
[43.184s] -- Installing: /home/jason/ros2_ws/install/gazebo_ros_link_attacher/share/gazebo_ros_link_attacher/worlds
[43.184s] -- Installing: /home/jason/ros2_ws/install/gazebo_ros_link_attacher/share/gazebo_ros_link_attacher/worlds/test_attacher.world
[43.185s] -- Installing: /home/jason/ros2_ws/install/gazebo_ros_link_attacher/share/ament_index/resource_index/package_run_dependencies/gazebo_ros_link_attacher
[43.185s] -- Installing: /home/jason/ros2_ws/install/gazebo_ros_link_attacher/share/ament_index/resource_index/parent_prefix_path/gazebo_ros_link_attacher
[43.187s] -- Installing: /home/jason/ros2_ws/install/gazebo_ros_link_attacher/share/gazebo_ros_link_attacher/environment/ament_prefix_path.sh
[43.187s] -- Installing: /home/jason/ros2_ws/install/gazebo_ros_link_attacher/share/gazebo_ros_link_attacher/environment/ament_prefix_path.dsv
[43.187s] -- Installing: /home/jason/ros2_ws/install/gazebo_ros_link_attacher/share/gazebo_ros_link_attacher/environment/path.sh
[43.188s] -- Installing: /home/jason/ros2_ws/install/gazebo_ros_link_attacher/share/gazebo_ros_link_attacher/environment/path.dsv
[43.188s] -- Installing: /home/jason/ros2_ws/install/gazebo_ros_link_attacher/share/gazebo_ros_link_attacher/local_setup.bash
[43.189s] -- Installing: /home/jason/ros2_ws/install/gazebo_ros_link_attacher/share/gazebo_ros_link_attacher/local_setup.sh
[43.189s] -- Installing: /home/jason/ros2_ws/install/gazebo_ros_link_attacher/share/gazebo_ros_link_attacher/local_setup.zsh
[43.189s] -- Installing: /home/jason/ros2_ws/install/gazebo_ros_link_attacher/share/gazebo_ros_link_attacher/local_setup.dsv
[43.190s] -- Installing: /home/jason/ros2_ws/install/gazebo_ros_link_attacher/share/gazebo_ros_link_attacher/package.dsv
[43.190s] -- Installing: /home/jason/ros2_ws/install/gazebo_ros_link_attacher/share/ament_index/resource_index/packages/gazebo_ros_link_attacher
[43.191s] -- Installing: /home/jason/ros2_ws/install/gazebo_ros_link_attacher/share/gazebo_ros_link_attacher/cmake/export_gazebo_ros_link_attacher__rosidl_generator_cExport.cmake
[43.191s] -- Installing: /home/jason/ros2_ws/install/gazebo_ros_link_attacher/share/gazebo_ros_link_attacher/cmake/export_gazebo_ros_link_attacher__rosidl_generator_cExport-noconfig.cmake
[43.192s] -- Installing: /home/jason/ros2_ws/install/gazebo_ros_link_attacher/share/gazebo_ros_link_attacher/cmake/export_gazebo_ros_link_attacher__rosidl_typesupport_fastrtps_cExport.cmake
[43.192s] -- Installing: /home/jason/ros2_ws/install/gazebo_ros_link_attacher/share/gazebo_ros_link_attacher/cmake/export_gazebo_ros_link_attacher__rosidl_typesupport_fastrtps_cExport-noconfig.cmake
[43.193s] -- Installing: /home/jason/ros2_ws/install/gazebo_ros_link_attacher/share/gazebo_ros_link_attacher/cmake/export_gazebo_ros_link_attacher__rosidl_generator_cppExport.cmake
[43.193s] -- Installing: /home/jason/ros2_ws/install/gazebo_ros_link_attacher/share/gazebo_ros_link_attacher/cmake/export_gazebo_ros_link_attacher__rosidl_typesupport_fastrtps_cppExport.cmake
[43.194s] -- Installing: /home/jason/ros2_ws/install/gazebo_ros_link_attacher/share/gazebo_ros_link_attacher/cmake/export_gazebo_ros_link_attacher__rosidl_typesupport_fastrtps_cppExport-noconfig.cmake
[43.194s] -- Installing: /home/jason/ros2_ws/install/gazebo_ros_link_attacher/share/gazebo_ros_link_attacher/cmake/gazebo_ros_link_attacher__rosidl_typesupport_introspection_cExport.cmake
[43.195s] -- Installing: /home/jason/ros2_ws/install/gazebo_ros_link_attacher/share/gazebo_ros_link_attacher/cmake/gazebo_ros_link_attacher__rosidl_typesupport_introspection_cExport-noconfig.cmake
[43.195s] -- Installing: /home/jason/ros2_ws/install/gazebo_ros_link_attacher/share/gazebo_ros_link_attacher/cmake/gazebo_ros_link_attacher__rosidl_typesupport_cExport.cmake
[43.195s] -- Installing: /home/jason/ros2_ws/install/gazebo_ros_link_attacher/share/gazebo_ros_link_attacher/cmake/gazebo_ros_link_attacher__rosidl_typesupport_cExport-noconfig.cmake
[43.196s] -- Installing: /home/jason/ros2_ws/install/gazebo_ros_link_attacher/share/gazebo_ros_link_attacher/cmake/gazebo_ros_link_attacher__rosidl_typesupport_introspection_cppExport.cmake
[43.196s] -- Installing: /home/jason/ros2_ws/install/gazebo_ros_link_attacher/share/gazebo_ros_link_attacher/cmake/gazebo_ros_link_attacher__rosidl_typesupport_introspection_cppExport-noconfig.cmake
[43.197s] -- Installing: /home/jason/ros2_ws/install/gazebo_ros_link_attacher/share/gazebo_ros_link_attacher/cmake/gazebo_ros_link_attacher__rosidl_typesupport_cppExport.cmake
[43.197s] -- Installing: /home/jason/ros2_ws/install/gazebo_ros_link_attacher/share/gazebo_ros_link_attacher/cmake/gazebo_ros_link_attacher__rosidl_typesupport_cppExport-noconfig.cmake
[43.197s] -- Installing: /home/jason/ros2_ws/install/gazebo_ros_link_attacher/share/gazebo_ros_link_attacher/cmake/export_gazebo_ros_link_attacher__rosidl_generator_pyExport.cmake
[43.198s] -- Installing: /home/jason/ros2_ws/install/gazebo_ros_link_attacher/share/gazebo_ros_link_attacher/cmake/export_gazebo_ros_link_attacher__rosidl_generator_pyExport-noconfig.cmake
[43.198s] -- Installing: /home/jason/ros2_ws/install/gazebo_ros_link_attacher/share/gazebo_ros_link_attacher/cmake/rosidl_cmake-extras.cmake
[43.199s] -- Installing: /home/jason/ros2_ws/install/gazebo_ros_link_attacher/share/gazebo_ros_link_attacher/cmake/ament_cmake_export_dependencies-extras.cmake
[43.199s] -- Installing: /home/jason/ros2_ws/install/gazebo_ros_link_attacher/share/gazebo_ros_link_attacher/cmake/ament_cmake_export_include_directories-extras.cmake
[43.200s] -- Installing: /home/jason/ros2_ws/install/gazebo_ros_link_attacher/share/gazebo_ros_link_attacher/cmake/ament_cmake_export_libraries-extras.cmake
[43.200s] -- Installing: /home/jason/ros2_ws/install/gazebo_ros_link_attacher/share/gazebo_ros_link_attacher/cmake/ament_cmake_export_targets-extras.cmake
[43.201s] -- Installing: /home/jason/ros2_ws/install/gazebo_ros_link_attacher/share/gazebo_ros_link_attacher/cmake/rosidl_cmake_export_typesupport_targets-extras.cmake
[43.201s] -- Installing: /home/jason/ros2_ws/install/gazebo_ros_link_attacher/share/gazebo_ros_link_attacher/cmake/rosidl_cmake_export_typesupport_libraries-extras.cmake
[43.202s] -- Installing: /home/jason/ros2_ws/install/gazebo_ros_link_attacher/share/gazebo_ros_link_attacher/cmake/gazebo_ros_link_attacherConfig.cmake
[43.202s] -- Installing: /home/jason/ros2_ws/install/gazebo_ros_link_attacher/share/gazebo_ros_link_attacher/cmake/gazebo_ros_link_attacherConfig-version.cmake
[43.203s] -- Installing: /home/jason/ros2_ws/install/gazebo_ros_link_attacher/share/gazebo_ros_link_attacher/package.xml
[43.208s] Invoked command in '/home/jason/ros2_ws/build/gazebo_ros_link_attacher' returned '0': CMAKE_PREFIX_PATH=/opt/ros/humble /usr/bin/cmake --install /home/jason/ros2_ws/build/gazebo_ros_link_attacher
