[1.177s] Invoking command in '/home/yahboom/S25_RobotProgramming_Ardent/aruco_final_project/src/aruco_follower': PYTHONPATH=/home/yahboom/S25_RobotProgramming_Ardent/aruco_final_project/build/aruco_follower/prefix_override:/home/yahboom/S25_RobotProgramming_Ardent/aruco_final_project/install/aruco_follower/lib/python3.8/site-packages:${PYTHONPATH} /usr/bin/python3 setup.py egg_info --egg-base ../../build/aruco_follower build --build-base /home/yahboom/S25_RobotProgramming_Ardent/aruco_final_project/build/aruco_follower/build install --record /home/yahboom/S25_RobotProgramming_Ardent/aruco_final_project/build/aruco_follower/install.log --install-scripts $base/lib/aruco_follower --single-version-externally-managed
[1.502s] running egg_info
[1.503s] writing ../../build/aruco_follower/aruco_follower.egg-info/PKG-INFO
[1.504s] writing dependency_links to ../../build/aruco_follower/aruco_follower.egg-info/dependency_links.txt
[1.504s] writing entry points to ../../build/aruco_follower/aruco_follower.egg-info/entry_points.txt
[1.504s] writing requirements to ../../build/aruco_follower/aruco_follower.egg-info/requires.txt
[1.504s] writing top-level names to ../../build/aruco_follower/aruco_follower.egg-info/top_level.txt
[1.549s] reading manifest file '../../build/aruco_follower/aruco_follower.egg-info/SOURCES.txt'
[1.551s] writing manifest file '../../build/aruco_follower/aruco_follower.egg-info/SOURCES.txt'
[1.552s] running build
[1.552s] running build_py
[1.552s] running install
[1.552s] running install_lib
[1.555s] running install_data
[1.556s] running install_egg_info
[1.559s] removing '/home/yahboom/S25_RobotProgramming_Ardent/aruco_final_project/install/aruco_follower/lib/python3.8/site-packages/aruco_follower-0.0.0-py3.8.egg-info' (and everything under it)
[1.559s] Copying ../../build/aruco_follower/aruco_follower.egg-info to /home/yahboom/S25_RobotProgramming_Ardent/aruco_final_project/install/aruco_follower/lib/python3.8/site-packages/aruco_follower-0.0.0-py3.8.egg-info
[1.561s] running install_scripts
[1.591s] Installing follower_node script to /home/yahboom/S25_RobotProgramming_Ardent/aruco_final_project/install/aruco_follower/lib/aruco_follower
[1.591s] writing list of installed files to '/home/yahboom/S25_RobotProgramming_Ardent/aruco_final_project/build/aruco_follower/install.log'
[1.625s] Invoked command in '/home/yahboom/S25_RobotProgramming_Ardent/aruco_final_project/src/aruco_follower' returned '0': PYTHONPATH=/home/yahboom/S25_RobotProgramming_Ardent/aruco_final_project/build/aruco_follower/prefix_override:/home/yahboom/S25_RobotProgramming_Ardent/aruco_final_project/install/aruco_follower/lib/python3.8/site-packages:${PYTHONPATH} /usr/bin/python3 setup.py egg_info --egg-base ../../build/aruco_follower build --build-base /home/yahboom/S25_RobotProgramming_Ardent/aruco_final_project/build/aruco_follower/build install --record /home/yahboom/S25_RobotProgramming_Ardent/aruco_final_project/build/aruco_follower/install.log --install-scripts $base/lib/aruco_follower --single-version-externally-managed
