[0.024s] Invoking command in '/home/jason/ros2_ws/build/gazebo_ros_link_attacher': CMAKE_PREFIX_PATH=/opt/ros/humble /usr/bin/cmake --build /home/jason/ros2_ws/build/gazebo_ros_link_attacher -- -j4 -l4
[0.817s] [  3%] Built target gazebo_ros_link_attacher__cpp
[0.818s] [  3%] Built target ament_cmake_python_copy_gazebo_ros_link_attacher
[0.818s] [ 12%] Built target gazebo_ros_link_attacher__rosidl_generator_c
[0.818s] [ 21%] Built target gazebo_ros_link_attacher__rosidl_typesupport_fastrtps_c
[0.818s] [ 30%] Built target gazebo_ros_link_attacher__rosidl_typesupport_fastrtps_cpp
[0.818s] [ 39%] Built target gazebo_ros_link_attacher__rosidl_typesupport_introspection_cpp
[0.818s] [ 48%] Built target gazebo_ros_link_attacher__rosidl_typesupport_cpp
[0.818s] [ 57%] Built target gazebo_ros_link_attacher__rosidl_typesupport_c
[0.822s] [ 66%] Built target gazebo_ros_link_attacher__rosidl_typesupport_introspection_c
[0.822s] [ 66%] Built target gazebo_ros_link_attacher
[0.822s] [ 69%] Built target gazebo_ros_link_attacher__py
[0.822s] [ 75%] Built target gazebo_ros_link_attacher_plugin
[0.822s] [ 81%] Built target gazebo_ros_link_attacher__rosidl_generator_py
[0.830s] [ 87%] Built target gazebo_ros_link_attacher__rosidl_typesupport_introspection_c__pyext
[0.840s] [ 93%] Built target gazebo_ros_link_attacher__rosidl_typesupport_fastrtps_c__pyext
[0.847s] [100%] Built target gazebo_ros_link_attacher__rosidl_typesupport_c__pyext
[0.987s] running egg_info
[0.987s] writing gazebo_ros_link_attacher.egg-info/PKG-INFO
[0.987s] writing dependency_links to gazebo_ros_link_attacher.egg-info/dependency_links.txt
[0.988s] writing top-level names to gazebo_ros_link_attacher.egg-info/top_level.txt
[0.993s] reading manifest file 'gazebo_ros_link_attacher.egg-info/SOURCES.txt'
[0.993s] writing manifest file 'gazebo_ros_link_attacher.egg-info/SOURCES.txt'
[1.060s] [100%] Built target ament_cmake_python_build_gazebo_ros_link_attacher_egg
[1.146s] Invoked command in '/home/jason/ros2_ws/build/gazebo_ros_link_attacher' returned '0': CMAKE_PREFIX_PATH=/opt/ros/humble /usr/bin/cmake --build /home/jason/ros2_ws/build/gazebo_ros_link_attacher -- -j4 -l4
[1.163s] Invoking command in '/home/jason/ros2_ws/build/gazebo_ros_link_attacher': CMAKE_PREFIX_PATH=/opt/ros/humble /usr/bin/cmake --install /home/jason/ros2_ws/build/gazebo_ros_link_attacher
[1.202s] -- Install configuration: ""
[1.202s] -- Up-to-date: /home/jason/ros2_ws/install/gazebo_ros_link_attacher/share/ament_index/resource_index/rosidl_interfaces/gazebo_ros_link_attacher
[1.202s] -- Up-to-date: /home/jason/ros2_ws/install/gazebo_ros_link_attacher/include/gazebo_ros_link_attacher/gazebo_ros_link_attacher
[1.202s] -- Up-to-date: /home/jason/ros2_ws/install/gazebo_ros_link_attacher/include/gazebo_ros_link_attacher/gazebo_ros_link_attacher/srv
[1.202s] -- Up-to-date: /home/jason/ros2_ws/install/gazebo_ros_link_attacher/include/gazebo_ros_link_attacher/gazebo_ros_link_attacher/srv/attach.h
[1.202s] -- Up-to-date: /home/jason/ros2_ws/install/gazebo_ros_link_attacher/include/gazebo_ros_link_attacher/gazebo_ros_link_attacher/srv/detail
[1.202s] -- Up-to-date: /home/jason/ros2_ws/install/gazebo_ros_link_attacher/include/gazebo_ros_link_attacher/gazebo_ros_link_attacher/srv/detail/attach__functions.c
[1.202s] -- Up-to-date: /home/jason/ros2_ws/install/gazebo_ros_link_attacher/include/gazebo_ros_link_attacher/gazebo_ros_link_attacher/srv/detail/attach__type_support.h
[1.202s] -- Up-to-date: /home/jason/ros2_ws/install/gazebo_ros_link_attacher/include/gazebo_ros_link_attacher/gazebo_ros_link_attacher/srv/detail/attach__functions.h
[1.203s] -- Up-to-date: /home/jason/ros2_ws/install/gazebo_ros_link_attacher/include/gazebo_ros_link_attacher/gazebo_ros_link_attacher/srv/detail/attach__struct.h
[1.203s] -- Up-to-date: /home/jason/ros2_ws/install/gazebo_ros_link_attacher/include/gazebo_ros_link_attacher/gazebo_ros_link_attacher/msg
[1.203s] -- Up-to-date: /home/jason/ros2_ws/install/gazebo_ros_link_attacher/include/gazebo_ros_link_attacher/gazebo_ros_link_attacher/msg/rosidl_generator_c__visibility_control.h
[1.203s] -- Up-to-date: /home/jason/ros2_ws/install/gazebo_ros_link_attacher/share/gazebo_ros_link_attacher/environment/library_path.sh
[1.203s] -- Up-to-date: /home/jason/ros2_ws/install/gazebo_ros_link_attacher/share/gazebo_ros_link_attacher/environment/library_path.dsv
[1.203s] -- Up-to-date: /home/jason/ros2_ws/install/gazebo_ros_link_attacher/lib/libgazebo_ros_link_attacher__rosidl_generator_c.so
[1.203s] -- Up-to-date: /home/jason/ros2_ws/install/gazebo_ros_link_attacher/include/gazebo_ros_link_attacher/gazebo_ros_link_attacher
[1.203s] -- Up-to-date: /home/jason/ros2_ws/install/gazebo_ros_link_attacher/include/gazebo_ros_link_attacher/gazebo_ros_link_attacher/srv
[1.203s] -- Up-to-date: /home/jason/ros2_ws/install/gazebo_ros_link_attacher/include/gazebo_ros_link_attacher/gazebo_ros_link_attacher/srv/detail
[1.203s] -- Up-to-date: /home/jason/ros2_ws/install/gazebo_ros_link_attacher/include/gazebo_ros_link_attacher/gazebo_ros_link_attacher/srv/detail/attach__rosidl_typesupport_fastrtps_c.h
[1.203s] -- Up-to-date: /home/jason/ros2_ws/install/gazebo_ros_link_attacher/include/gazebo_ros_link_attacher/gazebo_ros_link_attacher/msg
[1.203s] -- Up-to-date: /home/jason/ros2_ws/install/gazebo_ros_link_attacher/include/gazebo_ros_link_attacher/gazebo_ros_link_attacher/msg/rosidl_typesupport_fastrtps_c__visibility_control.h
[1.203s] -- Up-to-date: /home/jason/ros2_ws/install/gazebo_ros_link_attacher/lib/libgazebo_ros_link_attacher__rosidl_typesupport_fastrtps_c.so
[1.203s] -- Up-to-date: /home/jason/ros2_ws/install/gazebo_ros_link_attacher/include/gazebo_ros_link_attacher/gazebo_ros_link_attacher
[1.203s] -- Up-to-date: /home/jason/ros2_ws/install/gazebo_ros_link_attacher/include/gazebo_ros_link_attacher/gazebo_ros_link_attacher/srv
[1.203s] -- Up-to-date: /home/jason/ros2_ws/install/gazebo_ros_link_attacher/include/gazebo_ros_link_attacher/gazebo_ros_link_attacher/srv/detail
[1.203s] -- Up-to-date: /home/jason/ros2_ws/install/gazebo_ros_link_attacher/include/gazebo_ros_link_attacher/gazebo_ros_link_attacher/srv/detail/attach__builder.hpp
[1.203s] -- Up-to-date: /home/jason/ros2_ws/install/gazebo_ros_link_attacher/include/gazebo_ros_link_attacher/gazebo_ros_link_attacher/srv/detail/attach__type_support.hpp
[1.203s] -- Up-to-date: /home/jason/ros2_ws/install/gazebo_ros_link_attacher/include/gazebo_ros_link_attacher/gazebo_ros_link_attacher/srv/detail/attach__struct.hpp
[1.203s] -- Up-to-date: /home/jason/ros2_ws/install/gazebo_ros_link_attacher/include/gazebo_ros_link_attacher/gazebo_ros_link_attacher/srv/detail/attach__traits.hpp
[1.204s] -- Up-to-date: /home/jason/ros2_ws/install/gazebo_ros_link_attacher/include/gazebo_ros_link_attacher/gazebo_ros_link_attacher/srv/attach.hpp
[1.204s] -- Up-to-date: /home/jason/ros2_ws/install/gazebo_ros_link_attacher/include/gazebo_ros_link_attacher/gazebo_ros_link_attacher/msg
[1.204s] -- Up-to-date: /home/jason/ros2_ws/install/gazebo_ros_link_attacher/include/gazebo_ros_link_attacher/gazebo_ros_link_attacher/msg/rosidl_generator_cpp__visibility_control.hpp
[1.204s] -- Up-to-date: /home/jason/ros2_ws/install/gazebo_ros_link_attacher/include/gazebo_ros_link_attacher/gazebo_ros_link_attacher
[1.204s] -- Up-to-date: /home/jason/ros2_ws/install/gazebo_ros_link_attacher/include/gazebo_ros_link_attacher/gazebo_ros_link_attacher/srv
[1.204s] -- Up-to-date: /home/jason/ros2_ws/install/gazebo_ros_link_attacher/include/gazebo_ros_link_attacher/gazebo_ros_link_attacher/srv/detail
[1.204s] -- Up-to-date: /home/jason/ros2_ws/install/gazebo_ros_link_attacher/include/gazebo_ros_link_attacher/gazebo_ros_link_attacher/srv/detail/attach__rosidl_typesupport_fastrtps_cpp.hpp
[1.204s] -- Up-to-date: /home/jason/ros2_ws/install/gazebo_ros_link_attacher/include/gazebo_ros_link_attacher/gazebo_ros_link_attacher/srv/detail/dds_fastrtps
[1.204s] -- Up-to-date: /home/jason/ros2_ws/install/gazebo_ros_link_attacher/include/gazebo_ros_link_attacher/gazebo_ros_link_attacher/msg
[1.204s] -- Up-to-date: /home/jason/ros2_ws/install/gazebo_ros_link_attacher/include/gazebo_ros_link_attacher/gazebo_ros_link_attacher/msg/rosidl_typesupport_fastrtps_cpp__visibility_control.h
[1.204s] -- Up-to-date: /home/jason/ros2_ws/install/gazebo_ros_link_attacher/lib/libgazebo_ros_link_attacher__rosidl_typesupport_fastrtps_cpp.so
[1.204s] -- Up-to-date: /home/jason/ros2_ws/install/gazebo_ros_link_attacher/include/gazebo_ros_link_attacher/gazebo_ros_link_attacher
[1.204s] -- Up-to-date: /home/jason/ros2_ws/install/gazebo_ros_link_attacher/include/gazebo_ros_link_attacher/gazebo_ros_link_attacher/srv
[1.204s] -- Up-to-date: /home/jason/ros2_ws/install/gazebo_ros_link_attacher/include/gazebo_ros_link_attacher/gazebo_ros_link_attacher/srv/detail
[1.204s] -- Up-to-date: /home/jason/ros2_ws/install/gazebo_ros_link_attacher/include/gazebo_ros_link_attacher/gazebo_ros_link_attacher/srv/detail/attach__type_support.c
[1.204s] -- Up-to-date: /home/jason/ros2_ws/install/gazebo_ros_link_attacher/include/gazebo_ros_link_attacher/gazebo_ros_link_attacher/srv/detail/attach__rosidl_typesupport_introspection_c.h
[1.204s] -- Up-to-date: /home/jason/ros2_ws/install/gazebo_ros_link_attacher/include/gazebo_ros_link_attacher/gazebo_ros_link_attacher/msg
[1.204s] -- Up-to-date: /home/jason/ros2_ws/install/gazebo_ros_link_attacher/include/gazebo_ros_link_attacher/gazebo_ros_link_attacher/msg/rosidl_typesupport_introspection_c__visibility_control.h
[1.204s] -- Up-to-date: /home/jason/ros2_ws/install/gazebo_ros_link_attacher/lib/libgazebo_ros_link_attacher__rosidl_typesupport_introspection_c.so
[1.204s] -- Up-to-date: /home/jason/ros2_ws/install/gazebo_ros_link_attacher/lib/libgazebo_ros_link_attacher__rosidl_typesupport_c.so
[1.204s] -- Up-to-date: /home/jason/ros2_ws/install/gazebo_ros_link_attacher/include/gazebo_ros_link_attacher/gazebo_ros_link_attacher
[1.205s] -- Up-to-date: /home/jason/ros2_ws/install/gazebo_ros_link_attacher/include/gazebo_ros_link_attacher/gazebo_ros_link_attacher/srv
[1.205s] -- Up-to-date: /home/jason/ros2_ws/install/gazebo_ros_link_attacher/include/gazebo_ros_link_attacher/gazebo_ros_link_attacher/srv/detail
[1.205s] -- Up-to-date: /home/jason/ros2_ws/install/gazebo_ros_link_attacher/include/gazebo_ros_link_attacher/gazebo_ros_link_attacher/srv/detail/attach__type_support.cpp
[1.205s] -- Up-to-date: /home/jason/ros2_ws/install/gazebo_ros_link_attacher/include/gazebo_ros_link_attacher/gazebo_ros_link_attacher/srv/detail/attach__rosidl_typesupport_introspection_cpp.hpp
[1.205s] -- Up-to-date: /home/jason/ros2_ws/install/gazebo_ros_link_attacher/lib/libgazebo_ros_link_attacher__rosidl_typesupport_introspection_cpp.so
[1.205s] -- Up-to-date: /home/jason/ros2_ws/install/gazebo_ros_link_attacher/lib/libgazebo_ros_link_attacher__rosidl_typesupport_cpp.so
[1.205s] -- Up-to-date: /home/jason/ros2_ws/install/gazebo_ros_link_attacher/share/gazebo_ros_link_attacher/environment/pythonpath.sh
[1.205s] -- Up-to-date: /home/jason/ros2_ws/install/gazebo_ros_link_attacher/share/gazebo_ros_link_attacher/environment/pythonpath.dsv
[1.210s] -- Up-to-date: /home/jason/ros2_ws/install/gazebo_ros_link_attacher/local/lib/python3.10/dist-packages/gazebo_ros_link_attacher-0.0.0-py3.10.egg-info
[1.211s] -- Installing: /home/jason/ros2_ws/install/gazebo_ros_link_attacher/local/lib/python3.10/dist-packages/gazebo_ros_link_attacher-0.0.0-py3.10.egg-info/SOURCES.txt
[1.211s] -- Installing: /home/jason/ros2_ws/install/gazebo_ros_link_attacher/local/lib/python3.10/dist-packages/gazebo_ros_link_attacher-0.0.0-py3.10.egg-info/PKG-INFO
[1.211s] -- Installing: /home/jason/ros2_ws/install/gazebo_ros_link_attacher/local/lib/python3.10/dist-packages/gazebo_ros_link_attacher-0.0.0-py3.10.egg-info/dependency_links.txt
[1.211s] -- Installing: /home/jason/ros2_ws/install/gazebo_ros_link_attacher/local/lib/python3.10/dist-packages/gazebo_ros_link_attacher-0.0.0-py3.10.egg-info/top_level.txt
[1.211s] -- Up-to-date: /home/jason/ros2_ws/install/gazebo_ros_link_attacher/local/lib/python3.10/dist-packages/gazebo_ros_link_attacher
[1.211s] -- Up-to-date: /home/jason/ros2_ws/install/gazebo_ros_link_attacher/local/lib/python3.10/dist-packages/gazebo_ros_link_attacher/_gazebo_ros_link_attacher_s.ep.rosidl_typesupport_introspection_c.c
[1.211s] -- Up-to-date: /home/jason/ros2_ws/install/gazebo_ros_link_attacher/local/lib/python3.10/dist-packages/gazebo_ros_link_attacher/_gazebo_ros_link_attacher_s.ep.rosidl_typesupport_c.c
[1.211s] -- Up-to-date: /home/jason/ros2_ws/install/gazebo_ros_link_attacher/local/lib/python3.10/dist-packages/gazebo_ros_link_attacher/srv
[1.211s] -- Up-to-date: /home/jason/ros2_ws/install/gazebo_ros_link_attacher/local/lib/python3.10/dist-packages/gazebo_ros_link_attacher/srv/_attach_s.c
[1.211s] -- Up-to-date: /home/jason/ros2_ws/install/gazebo_ros_link_attacher/local/lib/python3.10/dist-packages/gazebo_ros_link_attacher/srv/__init__.py
[1.212s] -- Up-to-date: /home/jason/ros2_ws/install/gazebo_ros_link_attacher/local/lib/python3.10/dist-packages/gazebo_ros_link_attacher/srv/_attach.py
[1.212s] -- Up-to-date: /home/jason/ros2_ws/install/gazebo_ros_link_attacher/local/lib/python3.10/dist-packages/gazebo_ros_link_attacher/gazebo_ros_link_attacher_s__rosidl_typesupport_introspection_c.cpython-310-x86_64-linux-gnu.so
[1.212s] -- Up-to-date: /home/jason/ros2_ws/install/gazebo_ros_link_attacher/local/lib/python3.10/dist-packages/gazebo_ros_link_attacher/__init__.py
[1.212s] -- Up-to-date: /home/jason/ros2_ws/install/gazebo_ros_link_attacher/local/lib/python3.10/dist-packages/gazebo_ros_link_attacher/gazebo_ros_link_attacher_s__rosidl_typesupport_c.cpython-310-x86_64-linux-gnu.so
[1.212s] -- Up-to-date: /home/jason/ros2_ws/install/gazebo_ros_link_attacher/local/lib/python3.10/dist-packages/gazebo_ros_link_attacher/_gazebo_ros_link_attacher_s.ep.rosidl_typesupport_fastrtps_c.c
[1.212s] -- Up-to-date: /home/jason/ros2_ws/install/gazebo_ros_link_attacher/local/lib/python3.10/dist-packages/gazebo_ros_link_attacher/libgazebo_ros_link_attacher__rosidl_generator_py.so
[1.212s] -- Up-to-date: /home/jason/ros2_ws/install/gazebo_ros_link_attacher/local/lib/python3.10/dist-packages/gazebo_ros_link_attacher/gazebo_ros_link_attacher_s__rosidl_typesupport_fastrtps_c.cpython-310-x86_64-linux-gnu.so
[1.249s] Listing '/home/jason/ros2_ws/install/gazebo_ros_link_attacher/local/lib/python3.10/dist-packages/gazebo_ros_link_attacher'...
[1.249s] Listing '/home/jason/ros2_ws/install/gazebo_ros_link_attacher/local/lib/python3.10/dist-packages/gazebo_ros_link_attacher/srv'...
[1.258s] -- Up-to-date: /home/jason/ros2_ws/install/gazebo_ros_link_attacher/local/lib/python3.10/dist-packages/gazebo_ros_link_attacher/gazebo_ros_link_attacher_s__rosidl_typesupport_fastrtps_c.cpython-310-x86_64-linux-gnu.so
[1.259s] -- Up-to-date: /home/jason/ros2_ws/install/gazebo_ros_link_attacher/local/lib/python3.10/dist-packages/gazebo_ros_link_attacher/gazebo_ros_link_attacher_s__rosidl_typesupport_introspection_c.cpython-310-x86_64-linux-gnu.so
[1.259s] -- Up-to-date: /home/jason/ros2_ws/install/gazebo_ros_link_attacher/local/lib/python3.10/dist-packages/gazebo_ros_link_attacher/gazebo_ros_link_attacher_s__rosidl_typesupport_c.cpython-310-x86_64-linux-gnu.so
[1.260s] -- Up-to-date: /home/jason/ros2_ws/install/gazebo_ros_link_attacher/lib/libgazebo_ros_link_attacher__rosidl_generator_py.so
[1.261s] -- Up-to-date: /home/jason/ros2_ws/install/gazebo_ros_link_attacher/share/gazebo_ros_link_attacher/srv/Attach.idl
[1.261s] -- Up-to-date: /home/jason/ros2_ws/install/gazebo_ros_link_attacher/share/gazebo_ros_link_attacher/srv/Attach.srv
[1.261s] -- Up-to-date: /home/jason/ros2_ws/install/gazebo_ros_link_attacher/share/gazebo_ros_link_attacher/srv/Attach_Request.msg
[1.268s] -- Up-to-date: /home/jason/ros2_ws/install/gazebo_ros_link_attacher/share/gazebo_ros_link_attacher/srv/Attach_Response.msg
[1.271s] -- Up-to-date: /home/jason/ros2_ws/install/gazebo_ros_link_attacher/lib/libgazebo_ros_link_attacher_plugin.so
[1.271s] -- Up-to-date: /home/jason/ros2_ws/install/gazebo_ros_link_attacher/lib/gazebo_ros_link_attacher/demo.py
[1.271s] -- Up-to-date: /home/jason/ros2_ws/install/gazebo_ros_link_attacher/lib/gazebo_ros_link_attacher/demo_multiple.py
[1.272s] -- Up-to-date: /home/jason/ros2_ws/install/gazebo_ros_link_attacher/lib/gazebo_ros_link_attacher/spawn_models.py
[1.272s] -- Up-to-date: /home/jason/ros2_ws/install/gazebo_ros_link_attacher/lib/gazebo_ros_link_attacher/attach.py
[1.273s] -- Up-to-date: /home/jason/ros2_ws/install/gazebo_ros_link_attacher/lib/gazebo_ros_link_attacher/detach.py
[1.273s] -- Up-to-date: /home/jason/ros2_ws/install/gazebo_ros_link_attacher/share/gazebo_ros_link_attacher/launch
[1.273s] -- Up-to-date: /home/jason/ros2_ws/install/gazebo_ros_link_attacher/share/gazebo_ros_link_attacher/launch/test_attacher.py
[1.274s] -- Up-to-date: /home/jason/ros2_ws/install/gazebo_ros_link_attacher/share/gazebo_ros_link_attacher/worlds
[1.275s] -- Up-to-date: /home/jason/ros2_ws/install/gazebo_ros_link_attacher/share/gazebo_ros_link_attacher/worlds/test_attacher.world
[1.278s] -- Up-to-date: /home/jason/ros2_ws/install/gazebo_ros_link_attacher/share/ament_index/resource_index/package_run_dependencies/gazebo_ros_link_attacher
[1.278s] -- Up-to-date: /home/jason/ros2_ws/install/gazebo_ros_link_attacher/share/ament_index/resource_index/parent_prefix_path/gazebo_ros_link_attacher
[1.278s] -- Up-to-date: /home/jason/ros2_ws/install/gazebo_ros_link_attacher/share/gazebo_ros_link_attacher/environment/ament_prefix_path.sh
[1.278s] -- Up-to-date: /home/jason/ros2_ws/install/gazebo_ros_link_attacher/share/gazebo_ros_link_attacher/environment/ament_prefix_path.dsv
[1.278s] -- Up-to-date: /home/jason/ros2_ws/install/gazebo_ros_link_attacher/share/gazebo_ros_link_attacher/environment/path.sh
[1.278s] -- Up-to-date: /home/jason/ros2_ws/install/gazebo_ros_link_attacher/share/gazebo_ros_link_attacher/environment/path.dsv
[1.278s] -- Up-to-date: /home/jason/ros2_ws/install/gazebo_ros_link_attacher/share/gazebo_ros_link_attacher/local_setup.bash
[1.278s] -- Up-to-date: /home/jason/ros2_ws/install/gazebo_ros_link_attacher/share/gazebo_ros_link_attacher/local_setup.sh
[1.278s] -- Up-to-date: /home/jason/ros2_ws/install/gazebo_ros_link_attacher/share/gazebo_ros_link_attacher/local_setup.zsh
[1.278s] -- Up-to-date: /home/jason/ros2_ws/install/gazebo_ros_link_attacher/share/gazebo_ros_link_attacher/local_setup.dsv
[1.278s] -- Installing: /home/jason/ros2_ws/install/gazebo_ros_link_attacher/share/gazebo_ros_link_attacher/package.dsv
[1.278s] -- Up-to-date: /home/jason/ros2_ws/install/gazebo_ros_link_attacher/share/ament_index/resource_index/packages/gazebo_ros_link_attacher
[1.278s] -- Up-to-date: /home/jason/ros2_ws/install/gazebo_ros_link_attacher/share/gazebo_ros_link_attacher/cmake/export_gazebo_ros_link_attacher__rosidl_generator_cExport.cmake
[1.278s] -- Up-to-date: /home/jason/ros2_ws/install/gazebo_ros_link_attacher/share/gazebo_ros_link_attacher/cmake/export_gazebo_ros_link_attacher__rosidl_generator_cExport-noconfig.cmake
[1.278s] -- Up-to-date: /home/jason/ros2_ws/install/gazebo_ros_link_attacher/share/gazebo_ros_link_attacher/cmake/export_gazebo_ros_link_attacher__rosidl_typesupport_fastrtps_cExport.cmake
[1.279s] -- Up-to-date: /home/jason/ros2_ws/install/gazebo_ros_link_attacher/share/gazebo_ros_link_attacher/cmake/export_gazebo_ros_link_attacher__rosidl_typesupport_fastrtps_cExport-noconfig.cmake
[1.279s] -- Up-to-date: /home/jason/ros2_ws/install/gazebo_ros_link_attacher/share/gazebo_ros_link_attacher/cmake/export_gazebo_ros_link_attacher__rosidl_generator_cppExport.cmake
[1.279s] -- Up-to-date: /home/jason/ros2_ws/install/gazebo_ros_link_attacher/share/gazebo_ros_link_attacher/cmake/export_gazebo_ros_link_attacher__rosidl_typesupport_fastrtps_cppExport.cmake
[1.279s] -- Up-to-date: /home/jason/ros2_ws/install/gazebo_ros_link_attacher/share/gazebo_ros_link_attacher/cmake/export_gazebo_ros_link_attacher__rosidl_typesupport_fastrtps_cppExport-noconfig.cmake
[1.281s] -- Up-to-date: /home/jason/ros2_ws/install/gazebo_ros_link_attacher/share/gazebo_ros_link_attacher/cmake/gazebo_ros_link_attacher__rosidl_typesupport_introspection_cExport.cmake
[1.283s] -- Up-to-date: /home/jason/ros2_ws/install/gazebo_ros_link_attacher/share/gazebo_ros_link_attacher/cmake/gazebo_ros_link_attacher__rosidl_typesupport_introspection_cExport-noconfig.cmake
[1.283s] -- Up-to-date: /home/jason/ros2_ws/install/gazebo_ros_link_attacher/share/gazebo_ros_link_attacher/cmake/gazebo_ros_link_attacher__rosidl_typesupport_cExport.cmake
[1.283s] -- Up-to-date: /home/jason/ros2_ws/install/gazebo_ros_link_attacher/share/gazebo_ros_link_attacher/cmake/gazebo_ros_link_attacher__rosidl_typesupport_cExport-noconfig.cmake
[1.284s] -- Up-to-date: /home/jason/ros2_ws/install/gazebo_ros_link_attacher/share/gazebo_ros_link_attacher/cmake/gazebo_ros_link_attacher__rosidl_typesupport_introspection_cppExport.cmake
[1.284s] -- Up-to-date: /home/jason/ros2_ws/install/gazebo_ros_link_attacher/share/gazebo_ros_link_attacher/cmake/gazebo_ros_link_attacher__rosidl_typesupport_introspection_cppExport-noconfig.cmake
[1.284s] -- Up-to-date: /home/jason/ros2_ws/install/gazebo_ros_link_attacher/share/gazebo_ros_link_attacher/cmake/gazebo_ros_link_attacher__rosidl_typesupport_cppExport.cmake
[1.284s] -- Up-to-date: /home/jason/ros2_ws/install/gazebo_ros_link_attacher/share/gazebo_ros_link_attacher/cmake/gazebo_ros_link_attacher__rosidl_typesupport_cppExport-noconfig.cmake
[1.284s] -- Up-to-date: /home/jason/ros2_ws/install/gazebo_ros_link_attacher/share/gazebo_ros_link_attacher/cmake/export_gazebo_ros_link_attacher__rosidl_generator_pyExport.cmake
[1.286s] -- Up-to-date: /home/jason/ros2_ws/install/gazebo_ros_link_attacher/share/gazebo_ros_link_attacher/cmake/export_gazebo_ros_link_attacher__rosidl_generator_pyExport-noconfig.cmake
[1.286s] -- Up-to-date: /home/jason/ros2_ws/install/gazebo_ros_link_attacher/share/gazebo_ros_link_attacher/cmake/rosidl_cmake-extras.cmake
[1.286s] -- Up-to-date: /home/jason/ros2_ws/install/gazebo_ros_link_attacher/share/gazebo_ros_link_attacher/cmake/ament_cmake_export_dependencies-extras.cmake
[1.286s] -- Up-to-date: /home/jason/ros2_ws/install/gazebo_ros_link_attacher/share/gazebo_ros_link_attacher/cmake/ament_cmake_export_include_directories-extras.cmake
[1.286s] -- Up-to-date: /home/jason/ros2_ws/install/gazebo_ros_link_attacher/share/gazebo_ros_link_attacher/cmake/ament_cmake_export_libraries-extras.cmake
[1.287s] -- Up-to-date: /home/jason/ros2_ws/install/gazebo_ros_link_attacher/share/gazebo_ros_link_attacher/cmake/ament_cmake_export_targets-extras.cmake
[1.292s] -- Up-to-date: /home/jason/ros2_ws/install/gazebo_ros_link_attacher/share/gazebo_ros_link_attacher/cmake/rosidl_cmake_export_typesupport_targets-extras.cmake
[1.292s] -- Up-to-date: /home/jason/ros2_ws/install/gazebo_ros_link_attacher/share/gazebo_ros_link_attacher/cmake/rosidl_cmake_export_typesupport_libraries-extras.cmake
[1.292s] -- Up-to-date: /home/jason/ros2_ws/install/gazebo_ros_link_attacher/share/gazebo_ros_link_attacher/cmake/gazebo_ros_link_attacherConfig.cmake
[1.293s] -- Up-to-date: /home/jason/ros2_ws/install/gazebo_ros_link_attacher/share/gazebo_ros_link_attacher/cmake/gazebo_ros_link_attacherConfig-version.cmake
[1.293s] -- Up-to-date: /home/jason/ros2_ws/install/gazebo_ros_link_attacher/share/gazebo_ros_link_attacher/package.xml
[1.338s] Invoked command in '/home/jason/ros2_ws/build/gazebo_ros_link_attacher' returned '0': CMAKE_PREFIX_PATH=/opt/ros/humble /usr/bin/cmake --install /home/jason/ros2_ws/build/gazebo_ros_link_attacher
