[0.070s] Invoking command in '/home/jason/ros2_ws/build/realsense_gazebo_plugin': /usr/bin/cmake --build /home/jason/ros2_ws/build/realsense_gazebo_plugin -- -j4 -l4
[0.302s] [100%] Built target realsense_gazebo_plugin
[0.574s] Invoked command in '/home/jason/ros2_ws/build/realsense_gazebo_plugin' returned '0': /usr/bin/cmake --build /home/jason/ros2_ws/build/realsense_gazebo_plugin -- -j4 -l4
[0.575s] Invoking command in '/home/jason/ros2_ws/build/realsense_gazebo_plugin': /usr/bin/cmake --install /home/jason/ros2_ws/build/realsense_gazebo_plugin
[0.596s] -- Install configuration: ""
[0.596s] -- Up-to-date: /home/jason/ros2_ws/install/realsense_gazebo_plugin/lib/librealsense_gazebo_plugin.so
[0.596s] -- Up-to-date: /home/jason/ros2_ws/install/realsense_gazebo_plugin/include/
[0.596s] -- Up-to-date: /home/jason/ros2_ws/install/realsense_gazebo_plugin/include//realsense_gazebo_plugin
[0.596s] -- Up-to-date: /home/jason/ros2_ws/install/realsense_gazebo_plugin/include//realsense_gazebo_plugin/gazebo_ros_realsense.h
[0.599s] -- Up-to-date: /home/jason/ros2_ws/install/realsense_gazebo_plugin/include//realsense_gazebo_plugin/RealSensePlugin.h
[0.600s] -- Up-to-date: /home/jason/ros2_ws/install/realsense_gazebo_plugin/share/realsense_gazebo_plugin/environment/library_path.sh
[0.600s] -- Up-to-date: /home/jason/ros2_ws/install/realsense_gazebo_plugin/share/realsense_gazebo_plugin/environment/library_path.dsv
[0.600s] -- Up-to-date: /home/jason/ros2_ws/install/realsense_gazebo_plugin/share/ament_index/resource_index/package_run_dependencies/realsense_gazebo_plugin
[0.600s] -- Up-to-date: /home/jason/ros2_ws/install/realsense_gazebo_plugin/share/ament_index/resource_index/parent_prefix_path/realsense_gazebo_plugin
[0.600s] -- Up-to-date: /home/jason/ros2_ws/install/realsense_gazebo_plugin/share/realsense_gazebo_plugin/environment/ament_prefix_path.sh
[0.600s] -- Up-to-date: /home/jason/ros2_ws/install/realsense_gazebo_plugin/share/realsense_gazebo_plugin/environment/ament_prefix_path.dsv
[0.601s] -- Up-to-date: /home/jason/ros2_ws/install/realsense_gazebo_plugin/share/realsense_gazebo_plugin/environment/path.sh
[0.601s] -- Up-to-date: /home/jason/ros2_ws/install/realsense_gazebo_plugin/share/realsense_gazebo_plugin/environment/path.dsv
[0.601s] -- Up-to-date: /home/jason/ros2_ws/install/realsense_gazebo_plugin/share/realsense_gazebo_plugin/local_setup.bash
[0.601s] -- Up-to-date: /home/jason/ros2_ws/install/realsense_gazebo_plugin/share/realsense_gazebo_plugin/local_setup.sh
[0.601s] -- Up-to-date: /home/jason/ros2_ws/install/realsense_gazebo_plugin/share/realsense_gazebo_plugin/local_setup.zsh
[0.601s] -- Up-to-date: /home/jason/ros2_ws/install/realsense_gazebo_plugin/share/realsense_gazebo_plugin/local_setup.dsv
[0.601s] -- Installing: /home/jason/ros2_ws/install/realsense_gazebo_plugin/share/realsense_gazebo_plugin/package.dsv
[0.601s] -- Up-to-date: /home/jason/ros2_ws/install/realsense_gazebo_plugin/share/ament_index/resource_index/packages/realsense_gazebo_plugin
[0.601s] -- Up-to-date: /home/jason/ros2_ws/install/realsense_gazebo_plugin/share/realsense_gazebo_plugin/cmake/ament_cmake_export_include_directories-extras.cmake
[0.601s] -- Up-to-date: /home/jason/ros2_ws/install/realsense_gazebo_plugin/share/realsense_gazebo_plugin/cmake/ament_cmake_export_libraries-extras.cmake
[0.601s] -- Up-to-date: /home/jason/ros2_ws/install/realsense_gazebo_plugin/share/realsense_gazebo_plugin/cmake/realsense_gazebo_pluginConfig.cmake
[0.601s] -- Up-to-date: /home/jason/ros2_ws/install/realsense_gazebo_plugin/share/realsense_gazebo_plugin/cmake/realsense_gazebo_pluginConfig-version.cmake
[0.602s] -- Up-to-date: /home/jason/ros2_ws/install/realsense_gazebo_plugin/share/realsense_gazebo_plugin/package.xml
[0.630s] Invoked command in '/home/jason/ros2_ws/build/realsense_gazebo_plugin' returned '0': /usr/bin/cmake --install /home/jason/ros2_ws/build/realsense_gazebo_plugin
