[0.850s] Invoking command in '/home/yahboom/S25_RobotProgramming_Ardent/aruco_final_project/src/webcam': PYTHONPATH=/home/yahboom/S25_RobotProgramming_Ardent/aruco_final_project/build/webcam/prefix_override:/home/yahboom/S25_RobotProgramming_Ardent/aruco_final_project/install/webcam/lib/python3.8/site-packages:${PYTHONPATH} /usr/bin/python3 setup.py egg_info --egg-base ../../build/webcam build --build-base /home/yahboom/S25_RobotProgramming_Ardent/aruco_final_project/build/webcam/build install --record /home/yahboom/S25_RobotProgramming_Ardent/aruco_final_project/build/webcam/install.log --install-scripts $base/lib/webcam --single-version-externally-managed
[1.055s] running egg_info
[1.056s] writing ../../build/webcam/webcam.egg-info/PKG-INFO
[1.057s] writing dependency_links to ../../build/webcam/webcam.egg-info/dependency_links.txt
[1.057s] writing entry points to ../../build/webcam/webcam.egg-info/entry_points.txt
[1.057s] writing requirements to ../../build/webcam/webcam.egg-info/requires.txt
[1.057s] writing top-level names to ../../build/webcam/webcam.egg-info/top_level.txt
[1.086s] reading manifest file '../../build/webcam/webcam.egg-info/SOURCES.txt'
[1.087s] writing manifest file '../../build/webcam/webcam.egg-info/SOURCES.txt'
[1.087s] running build
[1.087s] running build_py
[1.087s] running install
[1.088s] running install_lib
[1.090s] running install_data
[1.090s] running install_egg_info
[1.092s] removing '/home/yahboom/S25_RobotProgramming_Ardent/aruco_final_project/install/webcam/lib/python3.8/site-packages/webcam-0.0.0-py3.8.egg-info' (and everything under it)
[1.092s] Copying ../../build/webcam/webcam.egg-info to /home/yahboom/S25_RobotProgramming_Ardent/aruco_final_project/install/webcam/lib/python3.8/site-packages/webcam-0.0.0-py3.8.egg-info
[1.093s] running install_scripts
[1.111s] Installing webcam_pub script to /home/yahboom/S25_RobotProgramming_Ardent/aruco_final_project/install/webcam/lib/webcam
[1.111s] Installing webcam_sub script to /home/yahboom/S25_RobotProgramming_Ardent/aruco_final_project/install/webcam/lib/webcam
[1.112s] writing list of installed files to '/home/yahboom/S25_RobotProgramming_Ardent/aruco_final_project/build/webcam/install.log'
[1.148s] Invoked command in '/home/yahboom/S25_RobotProgramming_Ardent/aruco_final_project/src/webcam' returned '0': PYTHONPATH=/home/yahboom/S25_RobotProgramming_Ardent/aruco_final_project/build/webcam/prefix_override:/home/yahboom/S25_RobotProgramming_Ardent/aruco_final_project/install/webcam/lib/python3.8/site-packages:${PYTHONPATH} /usr/bin/python3 setup.py egg_info --egg-base ../../build/webcam build --build-base /home/yahboom/S25_RobotProgramming_Ardent/aruco_final_project/build/webcam/build install --record /home/yahboom/S25_RobotProgramming_Ardent/aruco_final_project/build/webcam/install.log --install-scripts $base/lib/webcam --single-version-externally-managed
