[1.060s] Invoking command in '/home/jason/ros2_ws/src/mbot_gazebo': PYTHONPATH=/home/jason/ros2_ws/build/mbot_gazebo/prefix_override:/usr/lib/python3/dist-packages/colcon_core/task/python/colcon_distutils_commands:/home/jason/ros2_ws/install/mbot_gazebo/lib/python3.10/site-packages:${PYTHONPATH} /usr/bin/python3 -W ignore:setup.py install is deprecated -W ignore:easy_install command is deprecated setup.py egg_info --egg-base ../../build/mbot_gazebo build --build-base /home/jason/ros2_ws/build/mbot_gazebo/build install --record /home/jason/ros2_ws/build/mbot_gazebo/install.log --single-version-externally-managed install_data
[1.359s] running egg_info
[1.360s] writing ../../build/mbot_gazebo/mbot_gazebo.egg-info/PKG-INFO
[1.361s] writing dependency_links to ../../build/mbot_gazebo/mbot_gazebo.egg-info/dependency_links.txt
[1.363s] writing entry points to ../../build/mbot_gazebo/mbot_gazebo.egg-info/entry_points.txt
[1.363s] writing requirements to ../../build/mbot_gazebo/mbot_gazebo.egg-info/requires.txt
[1.363s] writing top-level names to ../../build/mbot_gazebo/mbot_gazebo.egg-info/top_level.txt
[1.364s] reading manifest file '../../build/mbot_gazebo/mbot_gazebo.egg-info/SOURCES.txt'
[1.364s] writing manifest file '../../build/mbot_gazebo/mbot_gazebo.egg-info/SOURCES.txt'
[1.365s] running build
[1.365s] running build_py
[1.365s] running install
[1.365s] running install_lib
[1.368s] running install_data
[1.368s] running install_egg_info
[1.368s] removing '/home/jason/ros2_ws/install/mbot_gazebo/lib/python3.10/site-packages/mbot_gazebo-0.0.0-py3.10.egg-info' (and everything under it)
[1.368s] Copying ../../build/mbot_gazebo/mbot_gazebo.egg-info to /home/jason/ros2_ws/install/mbot_gazebo/lib/python3.10/site-packages/mbot_gazebo-0.0.0-py3.10.egg-info
[1.369s] running install_scripts
[1.392s] writing list of installed files to '/home/jason/ros2_ws/build/mbot_gazebo/install.log'
[1.457s] Invoked command in '/home/jason/ros2_ws/src/mbot_gazebo' returned '0': PYTHONPATH=/home/jason/ros2_ws/build/mbot_gazebo/prefix_override:/usr/lib/python3/dist-packages/colcon_core/task/python/colcon_distutils_commands:/home/jason/ros2_ws/install/mbot_gazebo/lib/python3.10/site-packages:${PYTHONPATH} /usr/bin/python3 -W ignore:setup.py install is deprecated -W ignore:easy_install command is deprecated setup.py egg_info --egg-base ../../build/mbot_gazebo build --build-base /home/jason/ros2_ws/build/mbot_gazebo/build install --record /home/jason/ros2_ws/build/mbot_gazebo/install.log --single-version-externally-managed install_data
