[1.324s] Invoking command in '/home/jason/ros2_ws/src/mbot_gazebo': PYTHONPATH=/home/jason/ros2_ws/build/mbot_gazebo/prefix_override:/usr/lib/python3/dist-packages/colcon_core/task/python/colcon_distutils_commands:/home/jason/ros2_ws/install/mbot_gazebo/lib/python3.10/site-packages:${PYTHONPATH} /usr/bin/python3 -W ignore:setup.py install is deprecated -W ignore:easy_install command is deprecated setup.py egg_info --egg-base ../../build/mbot_gazebo build --build-base /home/jason/ros2_ws/build/mbot_gazebo/build install --record /home/jason/ros2_ws/build/mbot_gazebo/install.log --single-version-externally-managed install_data
[1.575s] running egg_info
[1.576s] writing ../../build/mbot_gazebo/mbot_gazebo.egg-info/PKG-INFO
[1.576s] writing dependency_links to ../../build/mbot_gazebo/mbot_gazebo.egg-info/dependency_links.txt
[1.577s] writing entry points to ../../build/mbot_gazebo/mbot_gazebo.egg-info/entry_points.txt
[1.577s] writing requirements to ../../build/mbot_gazebo/mbot_gazebo.egg-info/requires.txt
[1.577s] writing top-level names to ../../build/mbot_gazebo/mbot_gazebo.egg-info/top_level.txt
[1.580s] reading manifest file '../../build/mbot_gazebo/mbot_gazebo.egg-info/SOURCES.txt'
[1.581s] writing manifest file '../../build/mbot_gazebo/mbot_gazebo.egg-info/SOURCES.txt'
[1.582s] running build
[1.582s] running build_py
[1.583s] running install
[1.584s] running install_lib
[1.585s] running install_data
[1.587s] running install_egg_info
[1.588s] removing '/home/jason/ros2_ws/install/mbot_gazebo/lib/python3.10/site-packages/mbot_gazebo-0.0.0-py3.10.egg-info' (and everything under it)
[1.589s] Copying ../../build/mbot_gazebo/mbot_gazebo.egg-info to /home/jason/ros2_ws/install/mbot_gazebo/lib/python3.10/site-packages/mbot_gazebo-0.0.0-py3.10.egg-info
[1.591s] running install_scripts
[1.613s] writing list of installed files to '/home/jason/ros2_ws/build/mbot_gazebo/install.log'
[1.653s] Invoked command in '/home/jason/ros2_ws/src/mbot_gazebo' returned '0': PYTHONPATH=/home/jason/ros2_ws/build/mbot_gazebo/prefix_override:/usr/lib/python3/dist-packages/colcon_core/task/python/colcon_distutils_commands:/home/jason/ros2_ws/install/mbot_gazebo/lib/python3.10/site-packages:${PYTHONPATH} /usr/bin/python3 -W ignore:setup.py install is deprecated -W ignore:easy_install command is deprecated setup.py egg_info --egg-base ../../build/mbot_gazebo build --build-base /home/jason/ros2_ws/build/mbot_gazebo/build install --record /home/jason/ros2_ws/build/mbot_gazebo/install.log --single-version-externally-managed install_data
