[1.473s] Invoking command in '/home/yahboom/S25_RobotProgramming_Ardent/aruco_final_project/src/aruco_follower': PYTHONPATH=/home/yahboom/S25_RobotProgramming_Ardent/aruco_final_project/build/aruco_follower/prefix_override:/home/yahboom/S25_RobotProgramming_Ardent/aruco_final_project/install/aruco_follower/lib/python3.8/site-packages:${PYTHONPATH} /usr/bin/python3 setup.py egg_info --egg-base ../../build/aruco_follower build --build-base /home/yahboom/S25_RobotProgramming_Ardent/aruco_final_project/build/aruco_follower/build install --record /home/yahboom/S25_RobotProgramming_Ardent/aruco_final_project/build/aruco_follower/install.log --install-scripts $base/lib/aruco_follower --single-version-externally-managed
[1.956s] running egg_info
[1.957s] writing ../../build/aruco_follower/aruco_follower.egg-info/PKG-INFO
[1.957s] writing dependency_links to ../../build/aruco_follower/aruco_follower.egg-info/dependency_links.txt
[1.960s] writing entry points to ../../build/aruco_follower/aruco_follower.egg-info/entry_points.txt
[1.960s] writing requirements to ../../build/aruco_follower/aruco_follower.egg-info/requires.txt
[1.960s] writing top-level names to ../../build/aruco_follower/aruco_follower.egg-info/top_level.txt
[2.037s] reading manifest file '../../build/aruco_follower/aruco_follower.egg-info/SOURCES.txt'
[2.045s] writing manifest file '../../build/aruco_follower/aruco_follower.egg-info/SOURCES.txt'
[2.045s] running build
[2.045s] running build_py
[2.045s] copying aruco_follower/aruco_follower.py -> /home/yahboom/S25_RobotProgramming_Ardent/aruco_final_project/build/aruco_follower/build/lib/aruco_follower
[2.048s] running install
[2.049s] running install_lib
[2.053s] copying /home/yahboom/S25_RobotProgramming_Ardent/aruco_final_project/build/aruco_follower/build/lib/aruco_follower/aruco_follower.py -> /home/yahboom/S25_RobotProgramming_Ardent/aruco_final_project/install/aruco_follower/lib/python3.8/site-packages/aruco_follower
[2.056s] byte-compiling /home/yahboom/S25_RobotProgramming_Ardent/aruco_final_project/install/aruco_follower/lib/python3.8/site-packages/aruco_follower/aruco_follower.py to aruco_follower.cpython-38.pyc
[2.061s] running install_data
[2.064s] running install_egg_info
[2.065s] removing '/home/yahboom/S25_RobotProgramming_Ardent/aruco_final_project/install/aruco_follower/lib/python3.8/site-packages/aruco_follower-0.0.0-py3.8.egg-info' (and everything under it)
[2.065s] Copying ../../build/aruco_follower/aruco_follower.egg-info to /home/yahboom/S25_RobotProgramming_Ardent/aruco_final_project/install/aruco_follower/lib/python3.8/site-packages/aruco_follower-0.0.0-py3.8.egg-info
[2.068s] running install_scripts
[2.116s] Installing follower_node script to /home/yahboom/S25_RobotProgramming_Ardent/aruco_final_project/install/aruco_follower/lib/aruco_follower
[2.117s] writing list of installed files to '/home/yahboom/S25_RobotProgramming_Ardent/aruco_final_project/build/aruco_follower/install.log'
[2.181s] Invoked command in '/home/yahboom/S25_RobotProgramming_Ardent/aruco_final_project/src/aruco_follower' returned '0': PYTHONPATH=/home/yahboom/S25_RobotProgramming_Ardent/aruco_final_project/build/aruco_follower/prefix_override:/home/yahboom/S25_RobotProgramming_Ardent/aruco_final_project/install/aruco_follower/lib/python3.8/site-packages:${PYTHONPATH} /usr/bin/python3 setup.py egg_info --egg-base ../../build/aruco_follower build --build-base /home/yahboom/S25_RobotProgramming_Ardent/aruco_final_project/build/aruco_follower/build install --record /home/yahboom/S25_RobotProgramming_Ardent/aruco_final_project/build/aruco_follower/install.log --install-scripts $base/lib/aruco_follower --single-version-externally-managed
