[0.310s] DEBUG:colcon:Command line arguments: ['/usr/bin/colcon', 'build']
[0.311s] DEBUG:colcon:Parsed command line arguments: Namespace(allow_overriding=[], ament_cmake_args=None, base_paths=['.'], build_base='build', catkin_cmake_args=None, catkin_skip_building_tests=False, cmake_args=None, cmake_clean_cache=False, cmake_clean_first=False, cmake_force_configure=False, cmake_target=None, cmake_target_skip_unavailable=False, continue_on_error=False, event_handlers=None, executor='parallel', ignore_user_meta=False, install_base='install', log_base=None, log_level=None, main=<bound method BuildVerb.main of <colcon_core.verb.build.BuildVerb object at 0x7f99547621c0>>, merge_install=False, metas=['./colcon.meta'], packages_above=None, packages_above_and_dependencies=None, packages_above_depth=None, packages_end=None, packages_ignore=None, packages_ignore_regex=None, packages_select=None, packages_select_build_failed=False, packages_select_by_dep=None, packages_select_regex=None, packages_select_test_failures=False, packages_skip=None, packages_skip_build_finished=False, packages_skip_by_dep=None, packages_skip_regex=None, packages_skip_test_passed=False, packages_skip_up_to=None, packages_start=None, packages_up_to=None, packages_up_to_regex=None, parallel_workers=4, paths=None, symlink_install=False, test_result_base=None, verb_extension=<colcon_core.verb.build.BuildVerb object at 0x7f99547621c0>, verb_name='build', verb_parser=<colcon_defaults.argument_parser.defaults.DefaultArgumentsDecorator object at 0x7f9954762700>)
[0.344s] Level 1:colcon.colcon_core.package_discovery:discover_packages(colcon_meta) check parameters
[0.344s] Level 1:colcon.colcon_core.package_discovery:discover_packages(recursive) check parameters
[0.344s] Level 1:colcon.colcon_core.package_discovery:discover_packages(ignore) check parameters
[0.344s] Level 1:colcon.colcon_core.package_discovery:discover_packages(path) check parameters
[0.344s] Level 1:colcon.colcon_core.package_discovery:discover_packages(colcon_meta) discover
[0.344s] Level 1:colcon.colcon_core.package_discovery:discover_packages(recursive) discover
[0.345s] INFO:colcon.colcon_core.package_discovery:Crawling recursively for packages in '/home/yahboom/S25_RobotProgramming_Ardent/aruco_final_project'
[0.345s] Level 1:colcon.colcon_core.package_identification:_identify(.) by extensions ['ignore', 'ignore_ament_install']
[0.345s] Level 1:colcon.colcon_core.package_identification:_identify(.) by extension 'ignore'
[0.345s] Level 1:colcon.colcon_core.package_identification:_identify(.) by extension 'ignore_ament_install'
[0.345s] Level 1:colcon.colcon_core.package_identification:_identify(.) by extensions ['colcon_pkg']
[0.345s] Level 1:colcon.colcon_core.package_identification:_identify(.) by extension 'colcon_pkg'
[0.345s] Level 1:colcon.colcon_core.package_identification:_identify(.) by extensions ['colcon_meta']
[0.345s] Level 1:colcon.colcon_core.package_identification:_identify(.) by extension 'colcon_meta'
[0.345s] Level 1:colcon.colcon_core.package_identification:_identify(.) by extensions ['ros']
[0.345s] Level 1:colcon.colcon_core.package_identification:_identify(.) by extension 'ros'
[0.371s] Level 1:colcon.colcon_core.package_identification:_identify(.) by extensions ['cmake', 'python']
[0.371s] Level 1:colcon.colcon_core.package_identification:_identify(.) by extension 'cmake'
[0.371s] Level 1:colcon.colcon_core.package_identification:_identify(.) by extension 'python'
[0.371s] Level 1:colcon.colcon_core.package_identification:_identify(.) by extensions ['python_setup_py']
[0.371s] Level 1:colcon.colcon_core.package_identification:_identify(.) by extension 'python_setup_py'
[0.371s] Level 1:colcon.colcon_core.package_identification:_identify(build) by extensions ['ignore', 'ignore_ament_install']
[0.371s] Level 1:colcon.colcon_core.package_identification:_identify(build) by extension 'ignore'
[0.371s] Level 1:colcon.colcon_core.package_identification:_identify(build) ignored
[0.371s] Level 1:colcon.colcon_core.package_identification:_identify(install) by extensions ['ignore', 'ignore_ament_install']
[0.371s] Level 1:colcon.colcon_core.package_identification:_identify(install) by extension 'ignore'
[0.371s] Level 1:colcon.colcon_core.package_identification:_identify(install) ignored
[0.372s] Level 1:colcon.colcon_core.package_identification:_identify(log) by extensions ['ignore', 'ignore_ament_install']
[0.372s] Level 1:colcon.colcon_core.package_identification:_identify(log) by extension 'ignore'
[0.372s] Level 1:colcon.colcon_core.package_identification:_identify(log) ignored
[0.372s] Level 1:colcon.colcon_core.package_identification:_identify(src) by extensions ['ignore', 'ignore_ament_install']
[0.372s] Level 1:colcon.colcon_core.package_identification:_identify(src) by extension 'ignore'
[0.372s] Level 1:colcon.colcon_core.package_identification:_identify(src) by extension 'ignore_ament_install'
[0.372s] Level 1:colcon.colcon_core.package_identification:_identify(src) by extensions ['colcon_pkg']
[0.372s] Level 1:colcon.colcon_core.package_identification:_identify(src) by extension 'colcon_pkg'
[0.372s] Level 1:colcon.colcon_core.package_identification:_identify(src) by extensions ['colcon_meta']
[0.372s] Level 1:colcon.colcon_core.package_identification:_identify(src) by extension 'colcon_meta'
[0.372s] Level 1:colcon.colcon_core.package_identification:_identify(src) by extensions ['ros']
[0.372s] Level 1:colcon.colcon_core.package_identification:_identify(src) by extension 'ros'
[0.372s] Level 1:colcon.colcon_core.package_identification:_identify(src) by extensions ['cmake', 'python']
[0.372s] Level 1:colcon.colcon_core.package_identification:_identify(src) by extension 'cmake'
[0.372s] Level 1:colcon.colcon_core.package_identification:_identify(src) by extension 'python'
[0.372s] Level 1:colcon.colcon_core.package_identification:_identify(src) by extensions ['python_setup_py']
[0.372s] Level 1:colcon.colcon_core.package_identification:_identify(src) by extension 'python_setup_py'
[0.372s] Level 1:colcon.colcon_core.package_identification:_identify(src/aruco_follower) by extensions ['ignore', 'ignore_ament_install']
[0.372s] Level 1:colcon.colcon_core.package_identification:_identify(src/aruco_follower) by extension 'ignore'
[0.372s] Level 1:colcon.colcon_core.package_identification:_identify(src/aruco_follower) by extension 'ignore_ament_install'
[0.372s] Level 1:colcon.colcon_core.package_identification:_identify(src/aruco_follower) by extensions ['colcon_pkg']
[0.372s] Level 1:colcon.colcon_core.package_identification:_identify(src/aruco_follower) by extension 'colcon_pkg'
[0.373s] Level 1:colcon.colcon_core.package_identification:_identify(src/aruco_follower) by extensions ['colcon_meta']
[0.373s] Level 1:colcon.colcon_core.package_identification:_identify(src/aruco_follower) by extension 'colcon_meta'
[0.373s] Level 1:colcon.colcon_core.package_identification:_identify(src/aruco_follower) by extensions ['ros']
[0.373s] Level 1:colcon.colcon_core.package_identification:_identify(src/aruco_follower) by extension 'ros'
[0.375s] DEBUG:colcon.colcon_core.package_identification:Package 'src/aruco_follower' with type 'ros.ament_python' and name 'aruco_follower'
[0.376s] Level 1:colcon.colcon_core.package_identification:_identify(src/webcam) by extensions ['ignore', 'ignore_ament_install']
[0.376s] Level 1:colcon.colcon_core.package_identification:_identify(src/webcam) by extension 'ignore'
[0.376s] Level 1:colcon.colcon_core.package_identification:_identify(src/webcam) by extension 'ignore_ament_install'
[0.376s] Level 1:colcon.colcon_core.package_identification:_identify(src/webcam) by extensions ['colcon_pkg']
[0.376s] Level 1:colcon.colcon_core.package_identification:_identify(src/webcam) by extension 'colcon_pkg'
[0.376s] Level 1:colcon.colcon_core.package_identification:_identify(src/webcam) by extensions ['colcon_meta']
[0.376s] Level 1:colcon.colcon_core.package_identification:_identify(src/webcam) by extension 'colcon_meta'
[0.376s] Level 1:colcon.colcon_core.package_identification:_identify(src/webcam) by extensions ['ros']
[0.376s] Level 1:colcon.colcon_core.package_identification:_identify(src/webcam) by extension 'ros'
[0.376s] DEBUG:colcon.colcon_core.package_identification:Package 'src/webcam' with type 'ros.ament_python' and name 'webcam'
[0.376s] Level 1:colcon.colcon_core.package_discovery:discover_packages(recursive) using defaults
[0.377s] Level 1:colcon.colcon_core.package_discovery:discover_packages(ignore) discover
[0.377s] Level 1:colcon.colcon_core.package_discovery:discover_packages(ignore) using defaults
[0.377s] Level 1:colcon.colcon_core.package_discovery:discover_packages(path) discover
[0.377s] Level 1:colcon.colcon_core.package_discovery:discover_packages(path) using defaults
[0.402s] Level 1:colcon.colcon_core.package_discovery:discover_packages(prefix_path) check parameters
[0.402s] Level 1:colcon.colcon_core.package_discovery:discover_packages(prefix_path) discover
[0.408s] DEBUG:colcon.colcon_installed_package_information.package_discovery:Found 2 installed packages in /home/yahboom/S25_RobotProgramming_Ardent/aruco_final_project/install
[0.409s] DEBUG:colcon.colcon_installed_package_information.package_discovery:Found 10 installed packages in /home/yahboom/yahboomcar_ros2_ws/software/library_ws/install
[0.411s] DEBUG:colcon.colcon_installed_package_information.package_discovery:Found 20 installed packages in /home/yahboom/yahboomcar_ros2_ws/yahboomcar_ws/install
[0.414s] DEBUG:colcon.colcon_installed_package_information.package_discovery:Found 349 installed packages in /opt/ros/foxy
[0.417s] Level 1:colcon.colcon_core.package_discovery:discover_packages(prefix_path) using defaults
[0.501s] Level 5:colcon.colcon_core.verb:set package 'aruco_follower' build argument 'cmake_args' from command line to 'None'
[0.501s] Level 5:colcon.colcon_core.verb:set package 'aruco_follower' build argument 'cmake_target' from command line to 'None'
[0.501s] Level 5:colcon.colcon_core.verb:set package 'aruco_follower' build argument 'cmake_target_skip_unavailable' from command line to 'False'
[0.501s] Level 5:colcon.colcon_core.verb:set package 'aruco_follower' build argument 'cmake_clean_cache' from command line to 'False'
[0.501s] Level 5:colcon.colcon_core.verb:set package 'aruco_follower' build argument 'cmake_clean_first' from command line to 'False'
[0.502s] Level 5:colcon.colcon_core.verb:set package 'aruco_follower' build argument 'cmake_force_configure' from command line to 'False'
[0.502s] Level 5:colcon.colcon_core.verb:set package 'aruco_follower' build argument 'ament_cmake_args' from command line to 'None'
[0.502s] Level 5:colcon.colcon_core.verb:set package 'aruco_follower' build argument 'catkin_cmake_args' from command line to 'None'
[0.502s] Level 5:colcon.colcon_core.verb:set package 'aruco_follower' build argument 'catkin_skip_building_tests' from command line to 'False'
[0.502s] DEBUG:colcon.colcon_core.verb:Building package 'aruco_follower' with the following arguments: {'ament_cmake_args': None, 'build_base': '/home/yahboom/S25_RobotProgramming_Ardent/aruco_final_project/build/aruco_follower', 'catkin_cmake_args': None, 'catkin_skip_building_tests': False, 'cmake_args': None, 'cmake_clean_cache': False, 'cmake_clean_first': False, 'cmake_force_configure': False, 'cmake_target': None, 'cmake_target_skip_unavailable': False, 'install_base': '/home/yahboom/S25_RobotProgramming_Ardent/aruco_final_project/install/aruco_follower', 'merge_install': False, 'path': '/home/yahboom/S25_RobotProgramming_Ardent/aruco_final_project/src/aruco_follower', 'symlink_install': False, 'test_result_base': None}
[0.503s] Level 5:colcon.colcon_core.verb:set package 'webcam' build argument 'cmake_args' from command line to 'None'
[0.504s] Level 5:colcon.colcon_core.verb:set package 'webcam' build argument 'cmake_target' from command line to 'None'
[0.504s] Level 5:colcon.colcon_core.verb:set package 'webcam' build argument 'cmake_target_skip_unavailable' from command line to 'False'
[0.504s] Level 5:colcon.colcon_core.verb:set package 'webcam' build argument 'cmake_clean_cache' from command line to 'False'
[0.504s] Level 5:colcon.colcon_core.verb:set package 'webcam' build argument 'cmake_clean_first' from command line to 'False'
[0.504s] Level 5:colcon.colcon_core.verb:set package 'webcam' build argument 'cmake_force_configure' from command line to 'False'
[0.504s] Level 5:colcon.colcon_core.verb:set package 'webcam' build argument 'ament_cmake_args' from command line to 'None'
[0.504s] Level 5:colcon.colcon_core.verb:set package 'webcam' build argument 'catkin_cmake_args' from command line to 'None'
[0.504s] Level 5:colcon.colcon_core.verb:set package 'webcam' build argument 'catkin_skip_building_tests' from command line to 'False'
[0.504s] DEBUG:colcon.colcon_core.verb:Building package 'webcam' with the following arguments: {'ament_cmake_args': None, 'build_base': '/home/yahboom/S25_RobotProgramming_Ardent/aruco_final_project/build/webcam', 'catkin_cmake_args': None, 'catkin_skip_building_tests': False, 'cmake_args': None, 'cmake_clean_cache': False, 'cmake_clean_first': False, 'cmake_force_configure': False, 'cmake_target': None, 'cmake_target_skip_unavailable': False, 'install_base': '/home/yahboom/S25_RobotProgramming_Ardent/aruco_final_project/install/webcam', 'merge_install': False, 'path': '/home/yahboom/S25_RobotProgramming_Ardent/aruco_final_project/src/webcam', 'symlink_install': False, 'test_result_base': None}
[0.505s] INFO:colcon.colcon_core.executor:Executing jobs using 'parallel' executor
[0.509s] DEBUG:colcon.colcon_parallel_executor.executor.parallel:run_until_complete
[0.509s] INFO:colcon.colcon_ros.task.ament_python.build:Building ROS package in '/home/yahboom/S25_RobotProgramming_Ardent/aruco_final_project/src/aruco_follower' with build type 'ament_python'
[0.509s] Level 1:colcon.colcon_core.shell:create_environment_hook('aruco_follower', 'ament_prefix_path')
[0.514s] INFO:colcon.colcon_core.plugin_system:Skipping extension 'colcon_core.shell.bat': Not used on non-Windows systems
[0.514s] INFO:colcon.colcon_core.shell:Creating environment hook '/home/yahboom/S25_RobotProgramming_Ardent/aruco_final_project/install/aruco_follower/share/aruco_follower/hook/ament_prefix_path.ps1'
[0.515s] INFO:colcon.colcon_core.shell:Creating environment descriptor '/home/yahboom/S25_RobotProgramming_Ardent/aruco_final_project/install/aruco_follower/share/aruco_follower/hook/ament_prefix_path.dsv'
[0.516s] INFO:colcon.colcon_core.shell:Creating environment hook '/home/yahboom/S25_RobotProgramming_Ardent/aruco_final_project/install/aruco_follower/share/aruco_follower/hook/ament_prefix_path.sh'
[0.517s] INFO:colcon.colcon_core.shell:Skip shell extension 'powershell' for command environment: Not usable outside of PowerShell
[0.517s] DEBUG:colcon.colcon_core.shell:Skip shell extension 'dsv' for command environment
[0.527s] INFO:colcon.colcon_ros.task.ament_python.build:Building ROS package in '/home/yahboom/S25_RobotProgramming_Ardent/aruco_final_project/src/webcam' with build type 'ament_python'
[0.527s] Level 1:colcon.colcon_core.shell:create_environment_hook('webcam', 'ament_prefix_path')
[0.529s] INFO:colcon.colcon_core.shell:Creating environment hook '/home/yahboom/S25_RobotProgramming_Ardent/aruco_final_project/install/webcam/share/webcam/hook/ament_prefix_path.ps1'
[0.531s] INFO:colcon.colcon_core.shell:Creating environment descriptor '/home/yahboom/S25_RobotProgramming_Ardent/aruco_final_project/install/webcam/share/webcam/hook/ament_prefix_path.dsv'
[0.532s] INFO:colcon.colcon_core.shell:Creating environment hook '/home/yahboom/S25_RobotProgramming_Ardent/aruco_final_project/install/webcam/share/webcam/hook/ament_prefix_path.sh'
[0.533s] INFO:colcon.colcon_core.shell:Skip shell extension 'powershell' for command environment: Not usable outside of PowerShell
[0.534s] DEBUG:colcon.colcon_core.shell:Skip shell extension 'dsv' for command environment
[0.753s] INFO:colcon.colcon_core.task.python.build:Building Python package in '/home/yahboom/S25_RobotProgramming_Ardent/aruco_final_project/src/aruco_follower'
[0.754s] INFO:colcon.colcon_core.shell:Skip shell extension 'powershell' for command environment: Not usable outside of PowerShell
[0.754s] DEBUG:colcon.colcon_core.shell:Skip shell extension 'dsv' for command environment
[1.011s] INFO:colcon.colcon_core.task.python.build:Building Python package in '/home/yahboom/S25_RobotProgramming_Ardent/aruco_final_project/src/webcam'
[1.013s] INFO:colcon.colcon_core.shell:Skip shell extension 'powershell' for command environment: Not usable outside of PowerShell
[1.013s] DEBUG:colcon.colcon_core.shell:Skip shell extension 'dsv' for command environment
[1.450s] DEBUG:colcon.colcon_core.event_handler.log_command:Invoking command in '/home/yahboom/S25_RobotProgramming_Ardent/aruco_final_project/src/aruco_follower': PYTHONPATH=/home/yahboom/S25_RobotProgramming_Ardent/aruco_final_project/build/aruco_follower/prefix_override:/home/yahboom/S25_RobotProgramming_Ardent/aruco_final_project/install/aruco_follower/lib/python3.8/site-packages:${PYTHONPATH} /usr/bin/python3 setup.py egg_info --egg-base ../../build/aruco_follower build --build-base /home/yahboom/S25_RobotProgramming_Ardent/aruco_final_project/build/aruco_follower/build install --record /home/yahboom/S25_RobotProgramming_Ardent/aruco_final_project/build/aruco_follower/install.log --install-scripts $base/lib/aruco_follower --single-version-externally-managed
[1.495s] DEBUG:colcon.colcon_core.event_handler.log_command:Invoking command in '/home/yahboom/S25_RobotProgramming_Ardent/aruco_final_project/src/webcam': PYTHONPATH=/home/yahboom/S25_RobotProgramming_Ardent/aruco_final_project/build/webcam/prefix_override:/home/yahboom/S25_RobotProgramming_Ardent/aruco_final_project/install/webcam/lib/python3.8/site-packages:${PYTHONPATH} /usr/bin/python3 setup.py egg_info --egg-base ../../build/webcam build --build-base /home/yahboom/S25_RobotProgramming_Ardent/aruco_final_project/build/webcam/build install --record /home/yahboom/S25_RobotProgramming_Ardent/aruco_final_project/build/webcam/install.log --install-scripts $base/lib/webcam --single-version-externally-managed
[1.754s] Level 1:colcon.colcon_core.environment:checking '/home/yahboom/S25_RobotProgramming_Ardent/aruco_final_project/install/aruco_follower' for CMake module files
[1.754s] Level 1:colcon.colcon_core.environment:checking '/home/yahboom/S25_RobotProgramming_Ardent/aruco_final_project/install/aruco_follower' for CMake config files
[1.755s] Level 1:colcon.colcon_core.environment:checking '/home/yahboom/S25_RobotProgramming_Ardent/aruco_final_project/install/aruco_follower/lib'
[1.755s] Level 1:colcon.colcon_core.environment:checking '/home/yahboom/S25_RobotProgramming_Ardent/aruco_final_project/install/aruco_follower/bin'
[1.755s] Level 1:colcon.colcon_core.environment:checking '/home/yahboom/S25_RobotProgramming_Ardent/aruco_final_project/install/aruco_follower/lib/pkgconfig/aruco_follower.pc'
[1.755s] Level 1:colcon.colcon_core.environment:checking '/home/yahboom/S25_RobotProgramming_Ardent/aruco_final_project/install/aruco_follower/lib/python3.8/site-packages'
[1.755s] Level 1:colcon.colcon_core.shell:create_environment_hook('aruco_follower', 'pythonpath')
[1.757s] INFO:colcon.colcon_core.shell:Creating environment hook '/home/yahboom/S25_RobotProgramming_Ardent/aruco_final_project/install/aruco_follower/share/aruco_follower/hook/pythonpath.ps1'
[1.758s] DEBUG:colcon.colcon_core.event_handler.log_command:Invoked command in '/home/yahboom/S25_RobotProgramming_Ardent/aruco_final_project/src/aruco_follower' returned '0': PYTHONPATH=/home/yahboom/S25_RobotProgramming_Ardent/aruco_final_project/build/aruco_follower/prefix_override:/home/yahboom/S25_RobotProgramming_Ardent/aruco_final_project/install/aruco_follower/lib/python3.8/site-packages:${PYTHONPATH} /usr/bin/python3 setup.py egg_info --egg-base ../../build/aruco_follower build --build-base /home/yahboom/S25_RobotProgramming_Ardent/aruco_final_project/build/aruco_follower/build install --record /home/yahboom/S25_RobotProgramming_Ardent/aruco_final_project/build/aruco_follower/install.log --install-scripts $base/lib/aruco_follower --single-version-externally-managed
[1.759s] INFO:colcon.colcon_core.shell:Creating environment descriptor '/home/yahboom/S25_RobotProgramming_Ardent/aruco_final_project/install/aruco_follower/share/aruco_follower/hook/pythonpath.dsv'
[1.759s] INFO:colcon.colcon_core.shell:Creating environment hook '/home/yahboom/S25_RobotProgramming_Ardent/aruco_final_project/install/aruco_follower/share/aruco_follower/hook/pythonpath.sh'
[1.760s] Level 1:colcon.colcon_core.environment:checking '/home/yahboom/S25_RobotProgramming_Ardent/aruco_final_project/install/aruco_follower/bin'
[1.760s] Level 1:colcon.colcon_core.environment:create_environment_scripts_only(aruco_follower)
[1.761s] INFO:colcon.colcon_core.shell:Creating package script '/home/yahboom/S25_RobotProgramming_Ardent/aruco_final_project/install/aruco_follower/share/aruco_follower/package.ps1'
[1.762s] INFO:colcon.colcon_core.shell:Creating package descriptor '/home/yahboom/S25_RobotProgramming_Ardent/aruco_final_project/install/aruco_follower/share/aruco_follower/package.dsv'
[1.763s] INFO:colcon.colcon_core.shell:Creating package script '/home/yahboom/S25_RobotProgramming_Ardent/aruco_final_project/install/aruco_follower/share/aruco_follower/package.sh'
[1.764s] INFO:colcon.colcon_core.shell:Creating package script '/home/yahboom/S25_RobotProgramming_Ardent/aruco_final_project/install/aruco_follower/share/aruco_follower/package.bash'
[1.764s] INFO:colcon.colcon_core.shell:Creating package script '/home/yahboom/S25_RobotProgramming_Ardent/aruco_final_project/install/aruco_follower/share/aruco_follower/package.zsh'
[1.766s] Level 1:colcon.colcon_core.environment:create_file_with_runtime_dependencies(/home/yahboom/S25_RobotProgramming_Ardent/aruco_final_project/install/aruco_follower/share/colcon-core/packages/aruco_follower)
[1.780s] Level 1:colcon.colcon_core.environment:checking '/home/yahboom/S25_RobotProgramming_Ardent/aruco_final_project/install/webcam' for CMake module files
[1.781s] DEBUG:colcon.colcon_core.event_handler.log_command:Invoked command in '/home/yahboom/S25_RobotProgramming_Ardent/aruco_final_project/src/webcam' returned '0': PYTHONPATH=/home/yahboom/S25_RobotProgramming_Ardent/aruco_final_project/build/webcam/prefix_override:/home/yahboom/S25_RobotProgramming_Ardent/aruco_final_project/install/webcam/lib/python3.8/site-packages:${PYTHONPATH} /usr/bin/python3 setup.py egg_info --egg-base ../../build/webcam build --build-base /home/yahboom/S25_RobotProgramming_Ardent/aruco_final_project/build/webcam/build install --record /home/yahboom/S25_RobotProgramming_Ardent/aruco_final_project/build/webcam/install.log --install-scripts $base/lib/webcam --single-version-externally-managed
[1.782s] Level 1:colcon.colcon_core.environment:checking '/home/yahboom/S25_RobotProgramming_Ardent/aruco_final_project/install/webcam' for CMake config files
[1.783s] Level 1:colcon.colcon_core.environment:checking '/home/yahboom/S25_RobotProgramming_Ardent/aruco_final_project/install/webcam/lib'
[1.783s] Level 1:colcon.colcon_core.environment:checking '/home/yahboom/S25_RobotProgramming_Ardent/aruco_final_project/install/webcam/bin'
[1.783s] Level 1:colcon.colcon_core.environment:checking '/home/yahboom/S25_RobotProgramming_Ardent/aruco_final_project/install/webcam/lib/pkgconfig/webcam.pc'
[1.783s] Level 1:colcon.colcon_core.environment:checking '/home/yahboom/S25_RobotProgramming_Ardent/aruco_final_project/install/webcam/lib/python3.8/site-packages'
[1.783s] Level 1:colcon.colcon_core.shell:create_environment_hook('webcam', 'pythonpath')
[1.785s] INFO:colcon.colcon_core.shell:Creating environment hook '/home/yahboom/S25_RobotProgramming_Ardent/aruco_final_project/install/webcam/share/webcam/hook/pythonpath.ps1'
[1.786s] INFO:colcon.colcon_core.shell:Creating environment descriptor '/home/yahboom/S25_RobotProgramming_Ardent/aruco_final_project/install/webcam/share/webcam/hook/pythonpath.dsv'
[1.786s] INFO:colcon.colcon_core.shell:Creating environment hook '/home/yahboom/S25_RobotProgramming_Ardent/aruco_final_project/install/webcam/share/webcam/hook/pythonpath.sh'
[1.787s] Level 1:colcon.colcon_core.environment:checking '/home/yahboom/S25_RobotProgramming_Ardent/aruco_final_project/install/webcam/bin'
[1.787s] Level 1:colcon.colcon_core.environment:create_environment_scripts_only(webcam)
[1.788s] INFO:colcon.colcon_core.shell:Creating package script '/home/yahboom/S25_RobotProgramming_Ardent/aruco_final_project/install/webcam/share/webcam/package.ps1'
[1.789s] INFO:colcon.colcon_core.shell:Creating package descriptor '/home/yahboom/S25_RobotProgramming_Ardent/aruco_final_project/install/webcam/share/webcam/package.dsv'
[1.789s] INFO:colcon.colcon_core.shell:Creating package script '/home/yahboom/S25_RobotProgramming_Ardent/aruco_final_project/install/webcam/share/webcam/package.sh'
[1.789s] INFO:colcon.colcon_core.shell:Creating package script '/home/yahboom/S25_RobotProgramming_Ardent/aruco_final_project/install/webcam/share/webcam/package.bash'
[1.790s] INFO:colcon.colcon_core.shell:Creating package script '/home/yahboom/S25_RobotProgramming_Ardent/aruco_final_project/install/webcam/share/webcam/package.zsh'
[1.790s] Level 1:colcon.colcon_core.environment:create_file_with_runtime_dependencies(/home/yahboom/S25_RobotProgramming_Ardent/aruco_final_project/install/webcam/share/colcon-core/packages/webcam)
[1.790s] DEBUG:colcon.colcon_parallel_executor.executor.parallel:closing loop
[1.791s] DEBUG:colcon.colcon_parallel_executor.executor.parallel:loop closed
[1.791s] DEBUG:colcon.colcon_parallel_executor.executor.parallel:run_until_complete finished with '0'
[1.791s] DEBUG:colcon.colcon_core.event_reactor:joining thread
[1.799s] INFO:colcon.colcon_core.plugin_system:Skipping extension 'colcon_notification.desktop_notification.terminal_notifier': Not used on non-Darwin systems
[1.799s] INFO:colcon.colcon_core.plugin_system:Skipping extension 'colcon_notification.desktop_notification.win32': Not used on non-Windows systems
[1.799s] INFO:colcon.colcon_notification.desktop_notification:Sending desktop notification using 'notify2'
[1.832s] DEBUG:colcon.colcon_core.event_reactor:joined thread
[1.834s] INFO:colcon.colcon_core.shell:Creating prefix script '/home/yahboom/S25_RobotProgramming_Ardent/aruco_final_project/install/local_setup.ps1'
[1.835s] INFO:colcon.colcon_core.shell:Creating prefix util module '/home/yahboom/S25_RobotProgramming_Ardent/aruco_final_project/install/_local_setup_util_ps1.py'
[1.837s] INFO:colcon.colcon_core.shell:Creating prefix chain script '/home/yahboom/S25_RobotProgramming_Ardent/aruco_final_project/install/setup.ps1'
[1.840s] INFO:colcon.colcon_core.shell:Creating prefix script '/home/yahboom/S25_RobotProgramming_Ardent/aruco_final_project/install/local_setup.sh'
[1.841s] INFO:colcon.colcon_core.shell:Creating prefix util module '/home/yahboom/S25_RobotProgramming_Ardent/aruco_final_project/install/_local_setup_util_sh.py'
[1.841s] INFO:colcon.colcon_core.shell:Creating prefix chain script '/home/yahboom/S25_RobotProgramming_Ardent/aruco_final_project/install/setup.sh'
[1.843s] INFO:colcon.colcon_core.shell:Creating prefix script '/home/yahboom/S25_RobotProgramming_Ardent/aruco_final_project/install/local_setup.bash'
[1.844s] INFO:colcon.colcon_core.shell:Creating prefix chain script '/home/yahboom/S25_RobotProgramming_Ardent/aruco_final_project/install/setup.bash'
[1.847s] INFO:colcon.colcon_core.shell:Creating prefix script '/home/yahboom/S25_RobotProgramming_Ardent/aruco_final_project/install/local_setup.zsh'
[1.848s] INFO:colcon.colcon_core.shell:Creating prefix chain script '/home/yahboom/S25_RobotProgramming_Ardent/aruco_final_project/install/setup.zsh'
