[0.262s] DEBUG:colcon:Command line arguments: ['/usr/bin/colcon', 'build']
[0.262s] DEBUG:colcon:Parsed command line arguments: Namespace(allow_overriding=[], ament_cmake_args=None, base_paths=['.'], build_base='build', catkin_cmake_args=None, catkin_skip_building_tests=False, cmake_args=None, cmake_clean_cache=False, cmake_clean_first=False, cmake_force_configure=False, cmake_target=None, cmake_target_skip_unavailable=False, continue_on_error=False, event_handlers=None, executor='parallel', ignore_user_meta=False, install_base='install', log_base=None, log_level=None, main=<bound method BuildVerb.main of <colcon_core.verb.build.BuildVerb object at 0x7f77fb63a4c0>>, merge_install=False, metas=['./colcon.meta'], packages_above=None, packages_above_and_dependencies=None, packages_above_depth=None, packages_end=None, packages_ignore=None, packages_ignore_regex=None, packages_select=None, packages_select_build_failed=False, packages_select_by_dep=None, packages_select_regex=None, packages_select_test_failures=False, packages_skip=None, packages_skip_build_finished=False, packages_skip_by_dep=None, packages_skip_regex=None, packages_skip_test_passed=False, packages_skip_up_to=None, packages_start=None, packages_up_to=None, packages_up_to_regex=None, parallel_workers=4, paths=None, symlink_install=False, test_result_base=None, verb_extension=<colcon_core.verb.build.BuildVerb object at 0x7f77fb63a4c0>, verb_name='build', verb_parser=<colcon_defaults.argument_parser.defaults.DefaultArgumentsDecorator object at 0x7f77fb63aa00>)
[0.285s] Level 1:colcon.colcon_core.package_discovery:discover_packages(colcon_meta) check parameters
[0.285s] Level 1:colcon.colcon_core.package_discovery:discover_packages(recursive) check parameters
[0.285s] Level 1:colcon.colcon_core.package_discovery:discover_packages(ignore) check parameters
[0.285s] Level 1:colcon.colcon_core.package_discovery:discover_packages(path) check parameters
[0.285s] Level 1:colcon.colcon_core.package_discovery:discover_packages(colcon_meta) discover
[0.285s] Level 1:colcon.colcon_core.package_discovery:discover_packages(recursive) discover
[0.285s] INFO:colcon.colcon_core.package_discovery:Crawling recursively for packages in '/home/yahboom/S25_RobotProgramming_Ardent/aruco_final_project'
[0.285s] Level 1:colcon.colcon_core.package_identification:_identify(.) by extensions ['ignore', 'ignore_ament_install']
[0.285s] Level 1:colcon.colcon_core.package_identification:_identify(.) by extension 'ignore'
[0.285s] Level 1:colcon.colcon_core.package_identification:_identify(.) by extension 'ignore_ament_install'
[0.285s] Level 1:colcon.colcon_core.package_identification:_identify(.) by extensions ['colcon_pkg']
[0.285s] Level 1:colcon.colcon_core.package_identification:_identify(.) by extension 'colcon_pkg'
[0.285s] Level 1:colcon.colcon_core.package_identification:_identify(.) by extensions ['colcon_meta']
[0.286s] Level 1:colcon.colcon_core.package_identification:_identify(.) by extension 'colcon_meta'
[0.286s] Level 1:colcon.colcon_core.package_identification:_identify(.) by extensions ['ros']
[0.286s] Level 1:colcon.colcon_core.package_identification:_identify(.) by extension 'ros'
[0.303s] Level 1:colcon.colcon_core.package_identification:_identify(.) by extensions ['cmake', 'python']
[0.303s] Level 1:colcon.colcon_core.package_identification:_identify(.) by extension 'cmake'
[0.303s] Level 1:colcon.colcon_core.package_identification:_identify(.) by extension 'python'
[0.303s] Level 1:colcon.colcon_core.package_identification:_identify(.) by extensions ['python_setup_py']
[0.303s] Level 1:colcon.colcon_core.package_identification:_identify(.) by extension 'python_setup_py'
[0.304s] Level 1:colcon.colcon_core.package_identification:_identify(build) by extensions ['ignore', 'ignore_ament_install']
[0.304s] Level 1:colcon.colcon_core.package_identification:_identify(build) by extension 'ignore'
[0.304s] Level 1:colcon.colcon_core.package_identification:_identify(build) ignored
[0.304s] Level 1:colcon.colcon_core.package_identification:_identify(install) by extensions ['ignore', 'ignore_ament_install']
[0.304s] Level 1:colcon.colcon_core.package_identification:_identify(install) by extension 'ignore'
[0.304s] Level 1:colcon.colcon_core.package_identification:_identify(install) ignored
[0.304s] Level 1:colcon.colcon_core.package_identification:_identify(log) by extensions ['ignore', 'ignore_ament_install']
[0.304s] Level 1:colcon.colcon_core.package_identification:_identify(log) by extension 'ignore'
[0.304s] Level 1:colcon.colcon_core.package_identification:_identify(log) ignored
[0.304s] Level 1:colcon.colcon_core.package_identification:_identify(src) by extensions ['ignore', 'ignore_ament_install']
[0.304s] Level 1:colcon.colcon_core.package_identification:_identify(src) by extension 'ignore'
[0.304s] Level 1:colcon.colcon_core.package_identification:_identify(src) by extension 'ignore_ament_install'
[0.304s] Level 1:colcon.colcon_core.package_identification:_identify(src) by extensions ['colcon_pkg']
[0.304s] Level 1:colcon.colcon_core.package_identification:_identify(src) by extension 'colcon_pkg'
[0.304s] Level 1:colcon.colcon_core.package_identification:_identify(src) by extensions ['colcon_meta']
[0.304s] Level 1:colcon.colcon_core.package_identification:_identify(src) by extension 'colcon_meta'
[0.304s] Level 1:colcon.colcon_core.package_identification:_identify(src) by extensions ['ros']
[0.304s] Level 1:colcon.colcon_core.package_identification:_identify(src) by extension 'ros'
[0.304s] Level 1:colcon.colcon_core.package_identification:_identify(src) by extensions ['cmake', 'python']
[0.305s] Level 1:colcon.colcon_core.package_identification:_identify(src) by extension 'cmake'
[0.305s] Level 1:colcon.colcon_core.package_identification:_identify(src) by extension 'python'
[0.305s] Level 1:colcon.colcon_core.package_identification:_identify(src) by extensions ['python_setup_py']
[0.305s] Level 1:colcon.colcon_core.package_identification:_identify(src) by extension 'python_setup_py'
[0.305s] Level 1:colcon.colcon_core.package_identification:_identify(src/aruco_follower) by extensions ['ignore', 'ignore_ament_install']
[0.305s] Level 1:colcon.colcon_core.package_identification:_identify(src/aruco_follower) by extension 'ignore'
[0.305s] Level 1:colcon.colcon_core.package_identification:_identify(src/aruco_follower) by extension 'ignore_ament_install'
[0.305s] Level 1:colcon.colcon_core.package_identification:_identify(src/aruco_follower) by extensions ['colcon_pkg']
[0.305s] Level 1:colcon.colcon_core.package_identification:_identify(src/aruco_follower) by extension 'colcon_pkg'
[0.305s] Level 1:colcon.colcon_core.package_identification:_identify(src/aruco_follower) by extensions ['colcon_meta']
[0.305s] Level 1:colcon.colcon_core.package_identification:_identify(src/aruco_follower) by extension 'colcon_meta'
[0.305s] Level 1:colcon.colcon_core.package_identification:_identify(src/aruco_follower) by extensions ['ros']
[0.305s] Level 1:colcon.colcon_core.package_identification:_identify(src/aruco_follower) by extension 'ros'
[0.307s] DEBUG:colcon.colcon_core.package_identification:Package 'src/aruco_follower' with type 'ros.ament_python' and name 'aruco_follower'
[0.308s] Level 1:colcon.colcon_core.package_identification:_identify(src/webcam) by extensions ['ignore', 'ignore_ament_install']
[0.308s] Level 1:colcon.colcon_core.package_identification:_identify(src/webcam) by extension 'ignore'
[0.308s] Level 1:colcon.colcon_core.package_identification:_identify(src/webcam) by extension 'ignore_ament_install'
[0.308s] Level 1:colcon.colcon_core.package_identification:_identify(src/webcam) by extensions ['colcon_pkg']
[0.308s] Level 1:colcon.colcon_core.package_identification:_identify(src/webcam) by extension 'colcon_pkg'
[0.308s] Level 1:colcon.colcon_core.package_identification:_identify(src/webcam) by extensions ['colcon_meta']
[0.308s] Level 1:colcon.colcon_core.package_identification:_identify(src/webcam) by extension 'colcon_meta'
[0.308s] Level 1:colcon.colcon_core.package_identification:_identify(src/webcam) by extensions ['ros']
[0.308s] Level 1:colcon.colcon_core.package_identification:_identify(src/webcam) by extension 'ros'
[0.308s] DEBUG:colcon.colcon_core.package_identification:Package 'src/webcam' with type 'ros.ament_python' and name 'webcam'
[0.308s] Level 1:colcon.colcon_core.package_discovery:discover_packages(recursive) using defaults
[0.308s] Level 1:colcon.colcon_core.package_discovery:discover_packages(ignore) discover
[0.308s] Level 1:colcon.colcon_core.package_discovery:discover_packages(ignore) using defaults
[0.308s] Level 1:colcon.colcon_core.package_discovery:discover_packages(path) discover
[0.308s] Level 1:colcon.colcon_core.package_discovery:discover_packages(path) using defaults
[0.329s] Level 1:colcon.colcon_core.package_discovery:discover_packages(prefix_path) check parameters
[0.329s] Level 1:colcon.colcon_core.package_discovery:discover_packages(prefix_path) discover
[0.332s] DEBUG:colcon.colcon_installed_package_information.package_discovery:Found 2 installed packages in /home/yahboom/S25_RobotProgramming_Ardent/aruco_final_project/install
[0.333s] DEBUG:colcon.colcon_installed_package_information.package_discovery:Found 10 installed packages in /home/yahboom/yahboomcar_ros2_ws/software/library_ws/install
[0.334s] DEBUG:colcon.colcon_installed_package_information.package_discovery:Found 20 installed packages in /home/yahboom/yahboomcar_ros2_ws/yahboomcar_ws/install
[0.336s] DEBUG:colcon.colcon_installed_package_information.package_discovery:Found 349 installed packages in /opt/ros/foxy
[0.338s] Level 1:colcon.colcon_core.package_discovery:discover_packages(prefix_path) using defaults
[0.400s] Level 5:colcon.colcon_core.verb:set package 'aruco_follower' build argument 'cmake_args' from command line to 'None'
[0.400s] Level 5:colcon.colcon_core.verb:set package 'aruco_follower' build argument 'cmake_target' from command line to 'None'
[0.400s] Level 5:colcon.colcon_core.verb:set package 'aruco_follower' build argument 'cmake_target_skip_unavailable' from command line to 'False'
[0.400s] Level 5:colcon.colcon_core.verb:set package 'aruco_follower' build argument 'cmake_clean_cache' from command line to 'False'
[0.400s] Level 5:colcon.colcon_core.verb:set package 'aruco_follower' build argument 'cmake_clean_first' from command line to 'False'
[0.400s] Level 5:colcon.colcon_core.verb:set package 'aruco_follower' build argument 'cmake_force_configure' from command line to 'False'
[0.400s] Level 5:colcon.colcon_core.verb:set package 'aruco_follower' build argument 'ament_cmake_args' from command line to 'None'
[0.400s] Level 5:colcon.colcon_core.verb:set package 'aruco_follower' build argument 'catkin_cmake_args' from command line to 'None'
[0.401s] Level 5:colcon.colcon_core.verb:set package 'aruco_follower' build argument 'catkin_skip_building_tests' from command line to 'False'
[0.401s] DEBUG:colcon.colcon_core.verb:Building package 'aruco_follower' with the following arguments: {'ament_cmake_args': None, 'build_base': '/home/yahboom/S25_RobotProgramming_Ardent/aruco_final_project/build/aruco_follower', 'catkin_cmake_args': None, 'catkin_skip_building_tests': False, 'cmake_args': None, 'cmake_clean_cache': False, 'cmake_clean_first': False, 'cmake_force_configure': False, 'cmake_target': None, 'cmake_target_skip_unavailable': False, 'install_base': '/home/yahboom/S25_RobotProgramming_Ardent/aruco_final_project/install/aruco_follower', 'merge_install': False, 'path': '/home/yahboom/S25_RobotProgramming_Ardent/aruco_final_project/src/aruco_follower', 'symlink_install': False, 'test_result_base': None}
[0.401s] Level 5:colcon.colcon_core.verb:set package 'webcam' build argument 'cmake_args' from command line to 'None'
[0.401s] Level 5:colcon.colcon_core.verb:set package 'webcam' build argument 'cmake_target' from command line to 'None'
[0.401s] Level 5:colcon.colcon_core.verb:set package 'webcam' build argument 'cmake_target_skip_unavailable' from command line to 'False'
[0.401s] Level 5:colcon.colcon_core.verb:set package 'webcam' build argument 'cmake_clean_cache' from command line to 'False'
[0.401s] Level 5:colcon.colcon_core.verb:set package 'webcam' build argument 'cmake_clean_first' from command line to 'False'
[0.401s] Level 5:colcon.colcon_core.verb:set package 'webcam' build argument 'cmake_force_configure' from command line to 'False'
[0.401s] Level 5:colcon.colcon_core.verb:set package 'webcam' build argument 'ament_cmake_args' from command line to 'None'
[0.401s] Level 5:colcon.colcon_core.verb:set package 'webcam' build argument 'catkin_cmake_args' from command line to 'None'
[0.401s] Level 5:colcon.colcon_core.verb:set package 'webcam' build argument 'catkin_skip_building_tests' from command line to 'False'
[0.401s] DEBUG:colcon.colcon_core.verb:Building package 'webcam' with the following arguments: {'ament_cmake_args': None, 'build_base': '/home/yahboom/S25_RobotProgramming_Ardent/aruco_final_project/build/webcam', 'catkin_cmake_args': None, 'catkin_skip_building_tests': False, 'cmake_args': None, 'cmake_clean_cache': False, 'cmake_clean_first': False, 'cmake_force_configure': False, 'cmake_target': None, 'cmake_target_skip_unavailable': False, 'install_base': '/home/yahboom/S25_RobotProgramming_Ardent/aruco_final_project/install/webcam', 'merge_install': False, 'path': '/home/yahboom/S25_RobotProgramming_Ardent/aruco_final_project/src/webcam', 'symlink_install': False, 'test_result_base': None}
[0.402s] INFO:colcon.colcon_core.executor:Executing jobs using 'parallel' executor
[0.405s] DEBUG:colcon.colcon_parallel_executor.executor.parallel:run_until_complete
[0.406s] INFO:colcon.colcon_ros.task.ament_python.build:Building ROS package in '/home/yahboom/S25_RobotProgramming_Ardent/aruco_final_project/src/aruco_follower' with build type 'ament_python'
[0.406s] Level 1:colcon.colcon_core.shell:create_environment_hook('aruco_follower', 'ament_prefix_path')
[0.410s] INFO:colcon.colcon_core.plugin_system:Skipping extension 'colcon_core.shell.bat': Not used on non-Windows systems
[0.410s] INFO:colcon.colcon_core.shell:Creating environment hook '/home/yahboom/S25_RobotProgramming_Ardent/aruco_final_project/install/aruco_follower/share/aruco_follower/hook/ament_prefix_path.ps1'
[0.411s] INFO:colcon.colcon_core.shell:Creating environment descriptor '/home/yahboom/S25_RobotProgramming_Ardent/aruco_final_project/install/aruco_follower/share/aruco_follower/hook/ament_prefix_path.dsv'
[0.411s] INFO:colcon.colcon_core.shell:Creating environment hook '/home/yahboom/S25_RobotProgramming_Ardent/aruco_final_project/install/aruco_follower/share/aruco_follower/hook/ament_prefix_path.sh'
[0.413s] INFO:colcon.colcon_core.shell:Skip shell extension 'powershell' for command environment: Not usable outside of PowerShell
[0.413s] DEBUG:colcon.colcon_core.shell:Skip shell extension 'dsv' for command environment
[0.423s] INFO:colcon.colcon_ros.task.ament_python.build:Building ROS package in '/home/yahboom/S25_RobotProgramming_Ardent/aruco_final_project/src/webcam' with build type 'ament_python'
[0.424s] Level 1:colcon.colcon_core.shell:create_environment_hook('webcam', 'ament_prefix_path')
[0.426s] INFO:colcon.colcon_core.shell:Creating environment hook '/home/yahboom/S25_RobotProgramming_Ardent/aruco_final_project/install/webcam/share/webcam/hook/ament_prefix_path.ps1'
[0.428s] INFO:colcon.colcon_core.shell:Creating environment descriptor '/home/yahboom/S25_RobotProgramming_Ardent/aruco_final_project/install/webcam/share/webcam/hook/ament_prefix_path.dsv'
[0.429s] INFO:colcon.colcon_core.shell:Creating environment hook '/home/yahboom/S25_RobotProgramming_Ardent/aruco_final_project/install/webcam/share/webcam/hook/ament_prefix_path.sh'
[0.431s] INFO:colcon.colcon_core.shell:Skip shell extension 'powershell' for command environment: Not usable outside of PowerShell
[0.431s] DEBUG:colcon.colcon_core.shell:Skip shell extension 'dsv' for command environment
[0.658s] INFO:colcon.colcon_core.task.python.build:Building Python package in '/home/yahboom/S25_RobotProgramming_Ardent/aruco_final_project/src/aruco_follower'
[0.660s] INFO:colcon.colcon_core.shell:Skip shell extension 'powershell' for command environment: Not usable outside of PowerShell
[0.660s] DEBUG:colcon.colcon_core.shell:Skip shell extension 'dsv' for command environment
[0.874s] INFO:colcon.colcon_core.task.python.build:Building Python package in '/home/yahboom/S25_RobotProgramming_Ardent/aruco_final_project/src/webcam'
[0.876s] INFO:colcon.colcon_core.shell:Skip shell extension 'powershell' for command environment: Not usable outside of PowerShell
[0.876s] DEBUG:colcon.colcon_core.shell:Skip shell extension 'dsv' for command environment
[1.266s] DEBUG:colcon.colcon_core.event_handler.log_command:Invoking command in '/home/yahboom/S25_RobotProgramming_Ardent/aruco_final_project/src/aruco_follower': PYTHONPATH=/home/yahboom/S25_RobotProgramming_Ardent/aruco_final_project/build/aruco_follower/prefix_override:/home/yahboom/S25_RobotProgramming_Ardent/aruco_final_project/install/aruco_follower/lib/python3.8/site-packages:${PYTHONPATH} /usr/bin/python3 setup.py egg_info --egg-base ../../build/aruco_follower build --build-base /home/yahboom/S25_RobotProgramming_Ardent/aruco_final_project/build/aruco_follower/build install --record /home/yahboom/S25_RobotProgramming_Ardent/aruco_final_project/build/aruco_follower/install.log --install-scripts $base/lib/aruco_follower --single-version-externally-managed
[1.278s] DEBUG:colcon.colcon_core.event_handler.log_command:Invoking command in '/home/yahboom/S25_RobotProgramming_Ardent/aruco_final_project/src/webcam': PYTHONPATH=/home/yahboom/S25_RobotProgramming_Ardent/aruco_final_project/build/webcam/prefix_override:/home/yahboom/S25_RobotProgramming_Ardent/aruco_final_project/install/webcam/lib/python3.8/site-packages:${PYTHONPATH} /usr/bin/python3 setup.py egg_info --egg-base ../../build/webcam build --build-base /home/yahboom/S25_RobotProgramming_Ardent/aruco_final_project/build/webcam/build install --record /home/yahboom/S25_RobotProgramming_Ardent/aruco_final_project/build/webcam/install.log --install-scripts $base/lib/webcam --single-version-externally-managed
[1.558s] DEBUG:colcon.colcon_core.event_handler.log_command:Invoked command in '/home/yahboom/S25_RobotProgramming_Ardent/aruco_final_project/src/aruco_follower' returned '0': PYTHONPATH=/home/yahboom/S25_RobotProgramming_Ardent/aruco_final_project/build/aruco_follower/prefix_override:/home/yahboom/S25_RobotProgramming_Ardent/aruco_final_project/install/aruco_follower/lib/python3.8/site-packages:${PYTHONPATH} /usr/bin/python3 setup.py egg_info --egg-base ../../build/aruco_follower build --build-base /home/yahboom/S25_RobotProgramming_Ardent/aruco_final_project/build/aruco_follower/build install --record /home/yahboom/S25_RobotProgramming_Ardent/aruco_final_project/build/aruco_follower/install.log --install-scripts $base/lib/aruco_follower --single-version-externally-managed
[1.562s] Level 1:colcon.colcon_core.environment:checking '/home/yahboom/S25_RobotProgramming_Ardent/aruco_final_project/install/aruco_follower' for CMake module files
[1.563s] Level 1:colcon.colcon_core.environment:checking '/home/yahboom/S25_RobotProgramming_Ardent/aruco_final_project/install/aruco_follower' for CMake config files
[1.563s] Level 1:colcon.colcon_core.environment:checking '/home/yahboom/S25_RobotProgramming_Ardent/aruco_final_project/install/aruco_follower/lib'
[1.563s] Level 1:colcon.colcon_core.environment:checking '/home/yahboom/S25_RobotProgramming_Ardent/aruco_final_project/install/aruco_follower/bin'
[1.564s] Level 1:colcon.colcon_core.environment:checking '/home/yahboom/S25_RobotProgramming_Ardent/aruco_final_project/install/aruco_follower/lib/pkgconfig/aruco_follower.pc'
[1.564s] Level 1:colcon.colcon_core.environment:checking '/home/yahboom/S25_RobotProgramming_Ardent/aruco_final_project/install/aruco_follower/lib/python3.8/site-packages'
[1.564s] Level 1:colcon.colcon_core.shell:create_environment_hook('aruco_follower', 'pythonpath')
[1.565s] INFO:colcon.colcon_core.shell:Creating environment hook '/home/yahboom/S25_RobotProgramming_Ardent/aruco_final_project/install/aruco_follower/share/aruco_follower/hook/pythonpath.ps1'
[1.565s] INFO:colcon.colcon_core.shell:Creating environment descriptor '/home/yahboom/S25_RobotProgramming_Ardent/aruco_final_project/install/aruco_follower/share/aruco_follower/hook/pythonpath.dsv'
[1.566s] INFO:colcon.colcon_core.shell:Creating environment hook '/home/yahboom/S25_RobotProgramming_Ardent/aruco_final_project/install/aruco_follower/share/aruco_follower/hook/pythonpath.sh'
[1.566s] Level 1:colcon.colcon_core.environment:checking '/home/yahboom/S25_RobotProgramming_Ardent/aruco_final_project/install/aruco_follower/bin'
[1.566s] Level 1:colcon.colcon_core.environment:create_environment_scripts_only(aruco_follower)
[1.567s] INFO:colcon.colcon_core.shell:Creating package script '/home/yahboom/S25_RobotProgramming_Ardent/aruco_final_project/install/aruco_follower/share/aruco_follower/package.ps1'
[1.568s] INFO:colcon.colcon_core.shell:Creating package descriptor '/home/yahboom/S25_RobotProgramming_Ardent/aruco_final_project/install/aruco_follower/share/aruco_follower/package.dsv'
[1.569s] INFO:colcon.colcon_core.shell:Creating package script '/home/yahboom/S25_RobotProgramming_Ardent/aruco_final_project/install/aruco_follower/share/aruco_follower/package.sh'
[1.570s] INFO:colcon.colcon_core.shell:Creating package script '/home/yahboom/S25_RobotProgramming_Ardent/aruco_final_project/install/aruco_follower/share/aruco_follower/package.bash'
[1.571s] INFO:colcon.colcon_core.shell:Creating package script '/home/yahboom/S25_RobotProgramming_Ardent/aruco_final_project/install/aruco_follower/share/aruco_follower/package.zsh'
[1.572s] Level 1:colcon.colcon_core.environment:create_file_with_runtime_dependencies(/home/yahboom/S25_RobotProgramming_Ardent/aruco_final_project/install/aruco_follower/share/colcon-core/packages/aruco_follower)
[1.575s] Level 1:colcon.colcon_core.environment:checking '/home/yahboom/S25_RobotProgramming_Ardent/aruco_final_project/install/webcam' for CMake module files
[1.576s] Level 1:colcon.colcon_core.environment:checking '/home/yahboom/S25_RobotProgramming_Ardent/aruco_final_project/install/webcam' for CMake config files
[1.577s] DEBUG:colcon.colcon_core.event_handler.log_command:Invoked command in '/home/yahboom/S25_RobotProgramming_Ardent/aruco_final_project/src/webcam' returned '0': PYTHONPATH=/home/yahboom/S25_RobotProgramming_Ardent/aruco_final_project/build/webcam/prefix_override:/home/yahboom/S25_RobotProgramming_Ardent/aruco_final_project/install/webcam/lib/python3.8/site-packages:${PYTHONPATH} /usr/bin/python3 setup.py egg_info --egg-base ../../build/webcam build --build-base /home/yahboom/S25_RobotProgramming_Ardent/aruco_final_project/build/webcam/build install --record /home/yahboom/S25_RobotProgramming_Ardent/aruco_final_project/build/webcam/install.log --install-scripts $base/lib/webcam --single-version-externally-managed
[1.577s] Level 1:colcon.colcon_core.environment:checking '/home/yahboom/S25_RobotProgramming_Ardent/aruco_final_project/install/webcam/lib'
[1.577s] Level 1:colcon.colcon_core.environment:checking '/home/yahboom/S25_RobotProgramming_Ardent/aruco_final_project/install/webcam/bin'
[1.578s] Level 1:colcon.colcon_core.environment:checking '/home/yahboom/S25_RobotProgramming_Ardent/aruco_final_project/install/webcam/lib/pkgconfig/webcam.pc'
[1.578s] Level 1:colcon.colcon_core.environment:checking '/home/yahboom/S25_RobotProgramming_Ardent/aruco_final_project/install/webcam/lib/python3.8/site-packages'
[1.578s] Level 1:colcon.colcon_core.shell:create_environment_hook('webcam', 'pythonpath')
[1.579s] INFO:colcon.colcon_core.shell:Creating environment hook '/home/yahboom/S25_RobotProgramming_Ardent/aruco_final_project/install/webcam/share/webcam/hook/pythonpath.ps1'
[1.579s] INFO:colcon.colcon_core.shell:Creating environment descriptor '/home/yahboom/S25_RobotProgramming_Ardent/aruco_final_project/install/webcam/share/webcam/hook/pythonpath.dsv'
[1.580s] INFO:colcon.colcon_core.shell:Creating environment hook '/home/yahboom/S25_RobotProgramming_Ardent/aruco_final_project/install/webcam/share/webcam/hook/pythonpath.sh'
[1.580s] Level 1:colcon.colcon_core.environment:checking '/home/yahboom/S25_RobotProgramming_Ardent/aruco_final_project/install/webcam/bin'
[1.580s] Level 1:colcon.colcon_core.environment:create_environment_scripts_only(webcam)
[1.581s] INFO:colcon.colcon_core.shell:Creating package script '/home/yahboom/S25_RobotProgramming_Ardent/aruco_final_project/install/webcam/share/webcam/package.ps1'
[1.582s] INFO:colcon.colcon_core.shell:Creating package descriptor '/home/yahboom/S25_RobotProgramming_Ardent/aruco_final_project/install/webcam/share/webcam/package.dsv'
[1.582s] INFO:colcon.colcon_core.shell:Creating package script '/home/yahboom/S25_RobotProgramming_Ardent/aruco_final_project/install/webcam/share/webcam/package.sh'
[1.583s] INFO:colcon.colcon_core.shell:Creating package script '/home/yahboom/S25_RobotProgramming_Ardent/aruco_final_project/install/webcam/share/webcam/package.bash'
[1.583s] INFO:colcon.colcon_core.shell:Creating package script '/home/yahboom/S25_RobotProgramming_Ardent/aruco_final_project/install/webcam/share/webcam/package.zsh'
[1.583s] Level 1:colcon.colcon_core.environment:create_file_with_runtime_dependencies(/home/yahboom/S25_RobotProgramming_Ardent/aruco_final_project/install/webcam/share/colcon-core/packages/webcam)
[1.584s] DEBUG:colcon.colcon_parallel_executor.executor.parallel:closing loop
[1.584s] DEBUG:colcon.colcon_parallel_executor.executor.parallel:loop closed
[1.584s] DEBUG:colcon.colcon_parallel_executor.executor.parallel:run_until_complete finished with '0'
[1.584s] DEBUG:colcon.colcon_core.event_reactor:joining thread
[1.592s] INFO:colcon.colcon_core.plugin_system:Skipping extension 'colcon_notification.desktop_notification.terminal_notifier': Not used on non-Darwin systems
[1.592s] INFO:colcon.colcon_core.plugin_system:Skipping extension 'colcon_notification.desktop_notification.win32': Not used on non-Windows systems
[1.592s] INFO:colcon.colcon_notification.desktop_notification:Sending desktop notification using 'notify2'
[1.612s] DEBUG:colcon.colcon_core.event_reactor:joined thread
[1.613s] INFO:colcon.colcon_core.shell:Creating prefix script '/home/yahboom/S25_RobotProgramming_Ardent/aruco_final_project/install/local_setup.ps1'
[1.614s] INFO:colcon.colcon_core.shell:Creating prefix util module '/home/yahboom/S25_RobotProgramming_Ardent/aruco_final_project/install/_local_setup_util_ps1.py'
[1.615s] INFO:colcon.colcon_core.shell:Creating prefix chain script '/home/yahboom/S25_RobotProgramming_Ardent/aruco_final_project/install/setup.ps1'
[1.619s] INFO:colcon.colcon_core.shell:Creating prefix script '/home/yahboom/S25_RobotProgramming_Ardent/aruco_final_project/install/local_setup.sh'
[1.620s] INFO:colcon.colcon_core.shell:Creating prefix util module '/home/yahboom/S25_RobotProgramming_Ardent/aruco_final_project/install/_local_setup_util_sh.py'
[1.620s] INFO:colcon.colcon_core.shell:Creating prefix chain script '/home/yahboom/S25_RobotProgramming_Ardent/aruco_final_project/install/setup.sh'
[1.623s] INFO:colcon.colcon_core.shell:Creating prefix script '/home/yahboom/S25_RobotProgramming_Ardent/aruco_final_project/install/local_setup.bash'
[1.624s] INFO:colcon.colcon_core.shell:Creating prefix chain script '/home/yahboom/S25_RobotProgramming_Ardent/aruco_final_project/install/setup.bash'
[1.627s] INFO:colcon.colcon_core.shell:Creating prefix script '/home/yahboom/S25_RobotProgramming_Ardent/aruco_final_project/install/local_setup.zsh'
[1.628s] INFO:colcon.colcon_core.shell:Creating prefix chain script '/home/yahboom/S25_RobotProgramming_Ardent/aruco_final_project/install/setup.zsh'
