[0.723s] Invoking command in '/home/jason/ros2_ws/src/ros2_aruco/ros2_aruco': PYTHONPATH=/home/jason/ros2_ws/build/ros2_aruco/prefix_override:/usr/lib/python3/dist-packages/colcon_core/task/python/colcon_distutils_commands:/home/jason/ros2_ws/install/ros2_aruco/lib/python3.10/site-packages:${PYTHONPATH} /usr/bin/python3 -W ignore:setup.py install is deprecated -W ignore:easy_install command is deprecated setup.py egg_info --egg-base ../../../build/ros2_aruco build --build-base /home/jason/ros2_ws/build/ros2_aruco/build install --record /home/jason/ros2_ws/build/ros2_aruco/install.log --single-version-externally-managed install_data
[0.935s] running egg_info
[0.936s] writing ../../../build/ros2_aruco/ros2_aruco.egg-info/PKG-INFO
[0.936s] writing dependency_links to ../../../build/ros2_aruco/ros2_aruco.egg-info/dependency_links.txt
[0.936s] writing entry points to ../../../build/ros2_aruco/ros2_aruco.egg-info/entry_points.txt
[0.936s] writing requirements to ../../../build/ros2_aruco/ros2_aruco.egg-info/requires.txt
[0.937s] writing top-level names to ../../../build/ros2_aruco/ros2_aruco.egg-info/top_level.txt
[0.938s] reading manifest file '../../../build/ros2_aruco/ros2_aruco.egg-info/SOURCES.txt'
[0.939s] writing manifest file '../../../build/ros2_aruco/ros2_aruco.egg-info/SOURCES.txt'
[0.939s] running build
[0.939s] running build_py
[0.939s] running install
[0.940s] running install_lib
[0.941s] running install_data
[0.941s] running install_egg_info
[0.943s] removing '/home/jason/ros2_ws/install/ros2_aruco/lib/python3.10/site-packages/ros2_aruco-0.1.0-py3.10.egg-info' (and everything under it)
[0.943s] Copying ../../../build/ros2_aruco/ros2_aruco.egg-info to /home/jason/ros2_ws/install/ros2_aruco/lib/python3.10/site-packages/ros2_aruco-0.1.0-py3.10.egg-info
[0.944s] running install_scripts
[0.962s] Installing aruco_generate_marker script to /home/jason/ros2_ws/install/ros2_aruco/lib/ros2_aruco
[0.962s] Installing aruco_node script to /home/jason/ros2_ws/install/ros2_aruco/lib/ros2_aruco
[0.963s] writing list of installed files to '/home/jason/ros2_ws/build/ros2_aruco/install.log'
[0.986s] Invoked command in '/home/jason/ros2_ws/src/ros2_aruco/ros2_aruco' returned '0': PYTHONPATH=/home/jason/ros2_ws/build/ros2_aruco/prefix_override:/usr/lib/python3/dist-packages/colcon_core/task/python/colcon_distutils_commands:/home/jason/ros2_ws/install/ros2_aruco/lib/python3.10/site-packages:${PYTHONPATH} /usr/bin/python3 -W ignore:setup.py install is deprecated -W ignore:easy_install command is deprecated setup.py egg_info --egg-base ../../../build/ros2_aruco build --build-base /home/jason/ros2_ws/build/ros2_aruco/build install --record /home/jason/ros2_ws/build/ros2_aruco/install.log --single-version-externally-managed install_data
