[0.106s] Invoking command in '/home/jason/ros2_ws/build/realsense_gazebo_plugin': /usr/bin/cmake --build /home/jason/ros2_ws/build/realsense_gazebo_plugin -- -j4 -l4
[0.274s] [100%] Built target realsense_gazebo_plugin
[0.519s] Invoked command in '/home/jason/ros2_ws/build/realsense_gazebo_plugin' returned '0': /usr/bin/cmake --build /home/jason/ros2_ws/build/realsense_gazebo_plugin -- -j4 -l4
[0.523s] Invoking command in '/home/jason/ros2_ws/build/realsense_gazebo_plugin': /usr/bin/cmake --install /home/jason/ros2_ws/build/realsense_gazebo_plugin
[0.547s] -- Install configuration: ""
[0.547s] -- Up-to-date: /home/jason/ros2_ws/install/realsense_gazebo_plugin/lib/librealsense_gazebo_plugin.so
[0.547s] -- Up-to-date: /home/jason/ros2_ws/install/realsense_gazebo_plugin/include/
[0.547s] -- Up-to-date: /home/jason/ros2_ws/install/realsense_gazebo_plugin/include//realsense_gazebo_plugin
[0.547s] -- Up-to-date: /home/jason/ros2_ws/install/realsense_gazebo_plugin/include//realsense_gazebo_plugin/gazebo_ros_realsense.h
[0.548s] -- Up-to-date: /home/jason/ros2_ws/install/realsense_gazebo_plugin/include//realsense_gazebo_plugin/RealSensePlugin.h
[0.548s] -- Up-to-date: /home/jason/ros2_ws/install/realsense_gazebo_plugin/share/realsense_gazebo_plugin/environment/library_path.sh
[0.548s] -- Up-to-date: /home/jason/ros2_ws/install/realsense_gazebo_plugin/share/realsense_gazebo_plugin/environment/library_path.dsv
[0.548s] -- Up-to-date: /home/jason/ros2_ws/install/realsense_gazebo_plugin/share/ament_index/resource_index/package_run_dependencies/realsense_gazebo_plugin
[0.548s] -- Up-to-date: /home/jason/ros2_ws/install/realsense_gazebo_plugin/share/ament_index/resource_index/parent_prefix_path/realsense_gazebo_plugin
[0.548s] -- Up-to-date: /home/jason/ros2_ws/install/realsense_gazebo_plugin/share/realsense_gazebo_plugin/environment/ament_prefix_path.sh
[0.548s] -- Up-to-date: /home/jason/ros2_ws/install/realsense_gazebo_plugin/share/realsense_gazebo_plugin/environment/ament_prefix_path.dsv
[0.548s] -- Up-to-date: /home/jason/ros2_ws/install/realsense_gazebo_plugin/share/realsense_gazebo_plugin/environment/path.sh
[0.548s] -- Up-to-date: /home/jason/ros2_ws/install/realsense_gazebo_plugin/share/realsense_gazebo_plugin/environment/path.dsv
[0.548s] -- Up-to-date: /home/jason/ros2_ws/install/realsense_gazebo_plugin/share/realsense_gazebo_plugin/local_setup.bash
[0.548s] -- Up-to-date: /home/jason/ros2_ws/install/realsense_gazebo_plugin/share/realsense_gazebo_plugin/local_setup.sh
[0.548s] -- Up-to-date: /home/jason/ros2_ws/install/realsense_gazebo_plugin/share/realsense_gazebo_plugin/local_setup.zsh
[0.548s] -- Up-to-date: /home/jason/ros2_ws/install/realsense_gazebo_plugin/share/realsense_gazebo_plugin/local_setup.dsv
[0.548s] -- Installing: /home/jason/ros2_ws/install/realsense_gazebo_plugin/share/realsense_gazebo_plugin/package.dsv
[0.549s] -- Up-to-date: /home/jason/ros2_ws/install/realsense_gazebo_plugin/share/ament_index/resource_index/packages/realsense_gazebo_plugin
[0.549s] -- Up-to-date: /home/jason/ros2_ws/install/realsense_gazebo_plugin/share/realsense_gazebo_plugin/cmake/ament_cmake_export_include_directories-extras.cmake
[0.549s] -- Up-to-date: /home/jason/ros2_ws/install/realsense_gazebo_plugin/share/realsense_gazebo_plugin/cmake/ament_cmake_export_libraries-extras.cmake
[0.549s] -- Up-to-date: /home/jason/ros2_ws/install/realsense_gazebo_plugin/share/realsense_gazebo_plugin/cmake/realsense_gazebo_pluginConfig.cmake
[0.549s] -- Up-to-date: /home/jason/ros2_ws/install/realsense_gazebo_plugin/share/realsense_gazebo_plugin/cmake/realsense_gazebo_pluginConfig-version.cmake
[0.549s] -- Up-to-date: /home/jason/ros2_ws/install/realsense_gazebo_plugin/share/realsense_gazebo_plugin/package.xml
[0.560s] Invoked command in '/home/jason/ros2_ws/build/realsense_gazebo_plugin' returned '0': /usr/bin/cmake --install /home/jason/ros2_ws/build/realsense_gazebo_plugin
