running egg_info
creating ../../build/mbot_gazebo/mbot_gazebo.egg-info
writing ../../build/mbot_gazebo/mbot_gazebo.egg-info/PKG-INFO
writing dependency_links to ../../build/mbot_gazebo/mbot_gazebo.egg-info/dependency_links.txt
writing entry points to ../../build/mbot_gazebo/mbot_gazebo.egg-info/entry_points.txt
writing requirements to ../../build/mbot_gazebo/mbot_gazebo.egg-info/requires.txt
writing top-level names to ../../build/mbot_gazebo/mbot_gazebo.egg-info/top_level.txt
writing manifest file '../../build/mbot_gazebo/mbot_gazebo.egg-info/SOURCES.txt'
reading manifest file '../../build/mbot_gazebo/mbot_gazebo.egg-info/SOURCES.txt'
writing manifest file '../../build/mbot_gazebo/mbot_gazebo.egg-info/SOURCES.txt'
running build
running build_py
creating /home/jason/ros2_ws/build/mbot_gazebo/build
creating /home/jason/ros2_ws/build/mbot_gazebo/build/lib
creating /home/jason/ros2_ws/build/mbot_gazebo/build/lib/mbot_gazebo
copying mbot_gazebo/__init__.py -> /home/jason/ros2_ws/build/mbot_gazebo/build/lib/mbot_gazebo
running install
running install_lib
creating /home/jason/ros2_ws/install/mbot_gazebo/lib/python3.10/site-packages/mbot_gazebo
copying /home/jason/ros2_ws/build/mbot_gazebo/build/lib/mbot_gazebo/__init__.py -> /home/jason/ros2_ws/install/mbot_gazebo/lib/python3.10/site-packages/mbot_gazebo
byte-compiling /home/jason/ros2_ws/install/mbot_gazebo/lib/python3.10/site-packages/mbot_gazebo/__init__.py to __init__.cpython-310.pyc
running install_data
creating /home/jason/ros2_ws/install/mbot_gazebo/share/ament_index
creating /home/jason/ros2_ws/install/mbot_gazebo/share/ament_index/resource_index
creating /home/jason/ros2_ws/install/mbot_gazebo/share/ament_index/resource_index/packages
copying resource/mbot_gazebo -> /home/jason/ros2_ws/install/mbot_gazebo/share/ament_index/resource_index/packages
copying package.xml -> /home/jason/ros2_ws/install/mbot_gazebo/share/mbot_gazebo
creating /home/jason/ros2_ws/install/mbot_gazebo/share/mbot_gazebo/launch
copying launch/mbot.launch.py -> /home/jason/ros2_ws/install/mbot_gazebo/share/mbot_gazebo/launch
copying launch/sim_bringup.launch.py -> /home/jason/ros2_ws/install/mbot_gazebo/share/mbot_gazebo/launch
creating /home/jason/ros2_ws/install/mbot_gazebo/share/mbot_gazebo/urdf
copying urdf/mbot_gazebo.xacro -> /home/jason/ros2_ws/install/mbot_gazebo/share/mbot_gazebo/urdf
copying urdf/mbot_base_gazebo.xacro -> /home/jason/ros2_ws/install/mbot_gazebo/share/mbot_gazebo/urdf
creating /home/jason/ros2_ws/install/mbot_gazebo/share/mbot_gazebo/meshes
copying meshes/kinect.tga -> /home/jason/ros2_ws/install/mbot_gazebo/share/mbot_gazebo/meshes
copying meshes/kinect.dae -> /home/jason/ros2_ws/install/mbot_gazebo/share/mbot_gazebo/meshes
copying meshes/kinect.jpg -> /home/jason/ros2_ws/install/mbot_gazebo/share/mbot_gazebo/meshes
creating /home/jason/ros2_ws/install/mbot_gazebo/share/mbot_gazebo/urdf/sensors
creating /home/jason/ros2_ws/install/mbot_gazebo/share/mbot_gazebo/worlds
copying worlds/empty.world -> /home/jason/ros2_ws/install/mbot_gazebo/share/mbot_gazebo/worlds
creating /home/jason/ros2_ws/install/mbot_gazebo/share/mbot_gazebo/rviz
copying rviz/urdf_gazebo_config.rviz -> /home/jason/ros2_ws/install/mbot_gazebo/share/mbot_gazebo/rviz
running install_egg_info
Copying ../../build/mbot_gazebo/mbot_gazebo.egg-info to /home/jason/ros2_ws/install/mbot_gazebo/lib/python3.10/site-packages/mbot_gazebo-0.0.0-py3.10.egg-info
running install_scripts
writing list of installed files to '/home/jason/ros2_ws/build/mbot_gazebo/install.log'
