[0.034s] Invoking command in '/home/jason/ros2_ws/build/gazebo_ros_link_attacher': CMAKE_PREFIX_PATH=/opt/ros/humble /usr/bin/cmake --build /home/jason/ros2_ws/build/gazebo_ros_link_attacher -- -j4 -l4
[0.648s] [  9%] Built target gazebo_ros_link_attacher__rosidl_generator_c
[0.648s] [ 12%] Built target gazebo_ros_link_attacher__cpp
[0.648s] [ 12%] Built target ament_cmake_python_copy_gazebo_ros_link_attacher
[0.648s] [ 21%] Built target gazebo_ros_link_attacher__rosidl_typesupport_fastrtps_c
[0.648s] [ 30%] Built target gazebo_ros_link_attacher__rosidl_typesupport_c
[0.648s] [ 39%] Built target gazebo_ros_link_attacher__rosidl_typesupport_introspection_c
[0.648s] [ 48%] Built target gazebo_ros_link_attacher__rosidl_typesupport_introspection_cpp
[0.648s] [ 57%] Built target gazebo_ros_link_attacher__rosidl_typesupport_cpp
[0.648s] [ 66%] Built target gazebo_ros_link_attacher__rosidl_typesupport_fastrtps_cpp
[0.648s] [ 66%] Built target gazebo_ros_link_attacher
[0.648s] [ 72%] Built target gazebo_ros_link_attacher_plugin
[0.651s] [ 75%] Built target gazebo_ros_link_attacher__py
[0.738s] [ 81%] Built target gazebo_ros_link_attacher__rosidl_generator_py
[0.840s] [ 87%] Built target gazebo_ros_link_attacher__rosidl_typesupport_fastrtps_c__pyext
[0.840s] [ 93%] Built target gazebo_ros_link_attacher__rosidl_typesupport_introspection_c__pyext
[0.844s] [100%] Built target gazebo_ros_link_attacher__rosidl_typesupport_c__pyext
[0.932s] running egg_info
[0.937s] writing gazebo_ros_link_attacher.egg-info/PKG-INFO
[0.937s] writing dependency_links to gazebo_ros_link_attacher.egg-info/dependency_links.txt
[0.937s] writing top-level names to gazebo_ros_link_attacher.egg-info/top_level.txt
[0.941s] reading manifest file 'gazebo_ros_link_attacher.egg-info/SOURCES.txt'
[0.944s] writing manifest file 'gazebo_ros_link_attacher.egg-info/SOURCES.txt'
[0.999s] [100%] Built target ament_cmake_python_build_gazebo_ros_link_attacher_egg
[1.073s] Invoked command in '/home/jason/ros2_ws/build/gazebo_ros_link_attacher' returned '0': CMAKE_PREFIX_PATH=/opt/ros/humble /usr/bin/cmake --build /home/jason/ros2_ws/build/gazebo_ros_link_attacher -- -j4 -l4
[1.088s] Invoking command in '/home/jason/ros2_ws/build/gazebo_ros_link_attacher': CMAKE_PREFIX_PATH=/opt/ros/humble /usr/bin/cmake --install /home/jason/ros2_ws/build/gazebo_ros_link_attacher
[1.111s] -- Install configuration: ""
[1.111s] -- Up-to-date: /home/jason/ros2_ws/install/gazebo_ros_link_attacher/share/ament_index/resource_index/rosidl_interfaces/gazebo_ros_link_attacher
[1.117s] -- Up-to-date: /home/jason/ros2_ws/install/gazebo_ros_link_attacher/include/gazebo_ros_link_attacher/gazebo_ros_link_attacher
[1.120s] -- Up-to-date: /home/jason/ros2_ws/install/gazebo_ros_link_attacher/include/gazebo_ros_link_attacher/gazebo_ros_link_attacher/srv
[1.127s] -- Up-to-date: /home/jason/ros2_ws/install/gazebo_ros_link_attacher/include/gazebo_ros_link_attacher/gazebo_ros_link_attacher/srv/attach.h
[1.130s] -- Up-to-date: /home/jason/ros2_ws/install/gazebo_ros_link_attacher/include/gazebo_ros_link_attacher/gazebo_ros_link_attacher/srv/detail
[1.130s] -- Up-to-date: /home/jason/ros2_ws/install/gazebo_ros_link_attacher/include/gazebo_ros_link_attacher/gazebo_ros_link_attacher/srv/detail/attach__functions.c
[1.130s] -- Up-to-date: /home/jason/ros2_ws/install/gazebo_ros_link_attacher/include/gazebo_ros_link_attacher/gazebo_ros_link_attacher/srv/detail/attach__type_support.h
[1.130s] -- Up-to-date: /home/jason/ros2_ws/install/gazebo_ros_link_attacher/include/gazebo_ros_link_attacher/gazebo_ros_link_attacher/srv/detail/attach__functions.h
[1.144s] -- Up-to-date: /home/jason/ros2_ws/install/gazebo_ros_link_attacher/include/gazebo_ros_link_attacher/gazebo_ros_link_attacher/srv/detail/attach__struct.h
[1.144s] -- Up-to-date: /home/jason/ros2_ws/install/gazebo_ros_link_attacher/include/gazebo_ros_link_attacher/gazebo_ros_link_attacher/msg
[1.146s] -- Up-to-date: /home/jason/ros2_ws/install/gazebo_ros_link_attacher/include/gazebo_ros_link_attacher/gazebo_ros_link_attacher/msg/rosidl_generator_c__visibility_control.h
[1.146s] -- Up-to-date: /home/jason/ros2_ws/install/gazebo_ros_link_attacher/share/gazebo_ros_link_attacher/environment/library_path.sh
[1.146s] -- Up-to-date: /home/jason/ros2_ws/install/gazebo_ros_link_attacher/share/gazebo_ros_link_attacher/environment/library_path.dsv
[1.146s] -- Up-to-date: /home/jason/ros2_ws/install/gazebo_ros_link_attacher/lib/libgazebo_ros_link_attacher__rosidl_generator_c.so
[1.146s] -- Up-to-date: /home/jason/ros2_ws/install/gazebo_ros_link_attacher/include/gazebo_ros_link_attacher/gazebo_ros_link_attacher
[1.146s] -- Up-to-date: /home/jason/ros2_ws/install/gazebo_ros_link_attacher/include/gazebo_ros_link_attacher/gazebo_ros_link_attacher/srv
[1.146s] -- Up-to-date: /home/jason/ros2_ws/install/gazebo_ros_link_attacher/include/gazebo_ros_link_attacher/gazebo_ros_link_attacher/srv/detail
[1.146s] -- Up-to-date: /home/jason/ros2_ws/install/gazebo_ros_link_attacher/include/gazebo_ros_link_attacher/gazebo_ros_link_attacher/srv/detail/attach__rosidl_typesupport_fastrtps_c.h
[1.146s] -- Up-to-date: /home/jason/ros2_ws/install/gazebo_ros_link_attacher/include/gazebo_ros_link_attacher/gazebo_ros_link_attacher/msg
[1.146s] -- Up-to-date: /home/jason/ros2_ws/install/gazebo_ros_link_attacher/include/gazebo_ros_link_attacher/gazebo_ros_link_attacher/msg/rosidl_typesupport_fastrtps_c__visibility_control.h
[1.147s] -- Up-to-date: /home/jason/ros2_ws/install/gazebo_ros_link_attacher/lib/libgazebo_ros_link_attacher__rosidl_typesupport_fastrtps_c.so
[1.147s] -- Up-to-date: /home/jason/ros2_ws/install/gazebo_ros_link_attacher/include/gazebo_ros_link_attacher/gazebo_ros_link_attacher
[1.147s] -- Up-to-date: /home/jason/ros2_ws/install/gazebo_ros_link_attacher/include/gazebo_ros_link_attacher/gazebo_ros_link_attacher/srv
[1.147s] -- Up-to-date: /home/jason/ros2_ws/install/gazebo_ros_link_attacher/include/gazebo_ros_link_attacher/gazebo_ros_link_attacher/srv/detail
[1.147s] -- Up-to-date: /home/jason/ros2_ws/install/gazebo_ros_link_attacher/include/gazebo_ros_link_attacher/gazebo_ros_link_attacher/srv/detail/attach__builder.hpp
[1.153s] -- Up-to-date: /home/jason/ros2_ws/install/gazebo_ros_link_attacher/include/gazebo_ros_link_attacher/gazebo_ros_link_attacher/srv/detail/attach__type_support.hpp
[1.154s] -- Up-to-date: /home/jason/ros2_ws/install/gazebo_ros_link_attacher/include/gazebo_ros_link_attacher/gazebo_ros_link_attacher/srv/detail/attach__struct.hpp
[1.154s] -- Up-to-date: /home/jason/ros2_ws/install/gazebo_ros_link_attacher/include/gazebo_ros_link_attacher/gazebo_ros_link_attacher/srv/detail/attach__traits.hpp
[1.154s] -- Up-to-date: /home/jason/ros2_ws/install/gazebo_ros_link_attacher/include/gazebo_ros_link_attacher/gazebo_ros_link_attacher/srv/attach.hpp
[1.154s] -- Up-to-date: /home/jason/ros2_ws/install/gazebo_ros_link_attacher/include/gazebo_ros_link_attacher/gazebo_ros_link_attacher/msg
[1.154s] -- Up-to-date: /home/jason/ros2_ws/install/gazebo_ros_link_attacher/include/gazebo_ros_link_attacher/gazebo_ros_link_attacher/msg/rosidl_generator_cpp__visibility_control.hpp
[1.154s] -- Up-to-date: /home/jason/ros2_ws/install/gazebo_ros_link_attacher/include/gazebo_ros_link_attacher/gazebo_ros_link_attacher
[1.154s] -- Up-to-date: /home/jason/ros2_ws/install/gazebo_ros_link_attacher/include/gazebo_ros_link_attacher/gazebo_ros_link_attacher/srv
[1.154s] -- Up-to-date: /home/jason/ros2_ws/install/gazebo_ros_link_attacher/include/gazebo_ros_link_attacher/gazebo_ros_link_attacher/srv/detail
[1.164s] -- Up-to-date: /home/jason/ros2_ws/install/gazebo_ros_link_attacher/include/gazebo_ros_link_attacher/gazebo_ros_link_attacher/srv/detail/attach__rosidl_typesupport_fastrtps_cpp.hpp
[1.164s] -- Up-to-date: /home/jason/ros2_ws/install/gazebo_ros_link_attacher/include/gazebo_ros_link_attacher/gazebo_ros_link_attacher/srv/detail/dds_fastrtps
[1.164s] -- Up-to-date: /home/jason/ros2_ws/install/gazebo_ros_link_attacher/include/gazebo_ros_link_attacher/gazebo_ros_link_attacher/msg
[1.164s] -- Up-to-date: /home/jason/ros2_ws/install/gazebo_ros_link_attacher/include/gazebo_ros_link_attacher/gazebo_ros_link_attacher/msg/rosidl_typesupport_fastrtps_cpp__visibility_control.h
[1.165s] -- Up-to-date: /home/jason/ros2_ws/install/gazebo_ros_link_attacher/lib/libgazebo_ros_link_attacher__rosidl_typesupport_fastrtps_cpp.so
[1.165s] -- Up-to-date: /home/jason/ros2_ws/install/gazebo_ros_link_attacher/include/gazebo_ros_link_attacher/gazebo_ros_link_attacher
[1.165s] -- Up-to-date: /home/jason/ros2_ws/install/gazebo_ros_link_attacher/include/gazebo_ros_link_attacher/gazebo_ros_link_attacher/srv
[1.165s] -- Up-to-date: /home/jason/ros2_ws/install/gazebo_ros_link_attacher/include/gazebo_ros_link_attacher/gazebo_ros_link_attacher/srv/detail
[1.166s] -- Up-to-date: /home/jason/ros2_ws/install/gazebo_ros_link_attacher/include/gazebo_ros_link_attacher/gazebo_ros_link_attacher/srv/detail/attach__type_support.c
[1.166s] -- Up-to-date: /home/jason/ros2_ws/install/gazebo_ros_link_attacher/include/gazebo_ros_link_attacher/gazebo_ros_link_attacher/srv/detail/attach__rosidl_typesupport_introspection_c.h
[1.166s] -- Up-to-date: /home/jason/ros2_ws/install/gazebo_ros_link_attacher/include/gazebo_ros_link_attacher/gazebo_ros_link_attacher/msg
[1.166s] -- Up-to-date: /home/jason/ros2_ws/install/gazebo_ros_link_attacher/include/gazebo_ros_link_attacher/gazebo_ros_link_attacher/msg/rosidl_typesupport_introspection_c__visibility_control.h
[1.166s] -- Up-to-date: /home/jason/ros2_ws/install/gazebo_ros_link_attacher/lib/libgazebo_ros_link_attacher__rosidl_typesupport_introspection_c.so
[1.166s] -- Up-to-date: /home/jason/ros2_ws/install/gazebo_ros_link_attacher/lib/libgazebo_ros_link_attacher__rosidl_typesupport_c.so
[1.166s] -- Up-to-date: /home/jason/ros2_ws/install/gazebo_ros_link_attacher/include/gazebo_ros_link_attacher/gazebo_ros_link_attacher
[1.166s] -- Up-to-date: /home/jason/ros2_ws/install/gazebo_ros_link_attacher/include/gazebo_ros_link_attacher/gazebo_ros_link_attacher/srv
[1.166s] -- Up-to-date: /home/jason/ros2_ws/install/gazebo_ros_link_attacher/include/gazebo_ros_link_attacher/gazebo_ros_link_attacher/srv/detail
[1.166s] -- Up-to-date: /home/jason/ros2_ws/install/gazebo_ros_link_attacher/include/gazebo_ros_link_attacher/gazebo_ros_link_attacher/srv/detail/attach__type_support.cpp
[1.166s] -- Up-to-date: /home/jason/ros2_ws/install/gazebo_ros_link_attacher/include/gazebo_ros_link_attacher/gazebo_ros_link_attacher/srv/detail/attach__rosidl_typesupport_introspection_cpp.hpp
[1.166s] -- Up-to-date: /home/jason/ros2_ws/install/gazebo_ros_link_attacher/lib/libgazebo_ros_link_attacher__rosidl_typesupport_introspection_cpp.so
[1.166s] -- Up-to-date: /home/jason/ros2_ws/install/gazebo_ros_link_attacher/lib/libgazebo_ros_link_attacher__rosidl_typesupport_cpp.so
[1.166s] -- Up-to-date: /home/jason/ros2_ws/install/gazebo_ros_link_attacher/share/gazebo_ros_link_attacher/environment/pythonpath.sh
[1.171s] -- Up-to-date: /home/jason/ros2_ws/install/gazebo_ros_link_attacher/share/gazebo_ros_link_attacher/environment/pythonpath.dsv
[1.171s] -- Up-to-date: /home/jason/ros2_ws/install/gazebo_ros_link_attacher/local/lib/python3.10/dist-packages/gazebo_ros_link_attacher-0.0.0-py3.10.egg-info
[1.171s] -- Installing: /home/jason/ros2_ws/install/gazebo_ros_link_attacher/local/lib/python3.10/dist-packages/gazebo_ros_link_attacher-0.0.0-py3.10.egg-info/SOURCES.txt
[1.171s] -- Installing: /home/jason/ros2_ws/install/gazebo_ros_link_attacher/local/lib/python3.10/dist-packages/gazebo_ros_link_attacher-0.0.0-py3.10.egg-info/PKG-INFO
[1.171s] -- Installing: /home/jason/ros2_ws/install/gazebo_ros_link_attacher/local/lib/python3.10/dist-packages/gazebo_ros_link_attacher-0.0.0-py3.10.egg-info/dependency_links.txt
[1.171s] -- Installing: /home/jason/ros2_ws/install/gazebo_ros_link_attacher/local/lib/python3.10/dist-packages/gazebo_ros_link_attacher-0.0.0-py3.10.egg-info/top_level.txt
[1.171s] -- Up-to-date: /home/jason/ros2_ws/install/gazebo_ros_link_attacher/local/lib/python3.10/dist-packages/gazebo_ros_link_attacher
[1.171s] -- Up-to-date: /home/jason/ros2_ws/install/gazebo_ros_link_attacher/local/lib/python3.10/dist-packages/gazebo_ros_link_attacher/_gazebo_ros_link_attacher_s.ep.rosidl_typesupport_introspection_c.c
[1.171s] -- Up-to-date: /home/jason/ros2_ws/install/gazebo_ros_link_attacher/local/lib/python3.10/dist-packages/gazebo_ros_link_attacher/_gazebo_ros_link_attacher_s.ep.rosidl_typesupport_c.c
[1.171s] -- Up-to-date: /home/jason/ros2_ws/install/gazebo_ros_link_attacher/local/lib/python3.10/dist-packages/gazebo_ros_link_attacher/srv
[1.171s] -- Up-to-date: /home/jason/ros2_ws/install/gazebo_ros_link_attacher/local/lib/python3.10/dist-packages/gazebo_ros_link_attacher/srv/_attach_s.c
[1.171s] -- Up-to-date: /home/jason/ros2_ws/install/gazebo_ros_link_attacher/local/lib/python3.10/dist-packages/gazebo_ros_link_attacher/srv/__init__.py
[1.171s] -- Up-to-date: /home/jason/ros2_ws/install/gazebo_ros_link_attacher/local/lib/python3.10/dist-packages/gazebo_ros_link_attacher/srv/_attach.py
[1.171s] -- Up-to-date: /home/jason/ros2_ws/install/gazebo_ros_link_attacher/local/lib/python3.10/dist-packages/gazebo_ros_link_attacher/gazebo_ros_link_attacher_s__rosidl_typesupport_introspection_c.cpython-310-x86_64-linux-gnu.so
[1.171s] -- Up-to-date: /home/jason/ros2_ws/install/gazebo_ros_link_attacher/local/lib/python3.10/dist-packages/gazebo_ros_link_attacher/__init__.py
[1.171s] -- Up-to-date: /home/jason/ros2_ws/install/gazebo_ros_link_attacher/local/lib/python3.10/dist-packages/gazebo_ros_link_attacher/gazebo_ros_link_attacher_s__rosidl_typesupport_c.cpython-310-x86_64-linux-gnu.so
[1.172s] -- Up-to-date: /home/jason/ros2_ws/install/gazebo_ros_link_attacher/local/lib/python3.10/dist-packages/gazebo_ros_link_attacher/_gazebo_ros_link_attacher_s.ep.rosidl_typesupport_fastrtps_c.c
[1.172s] -- Up-to-date: /home/jason/ros2_ws/install/gazebo_ros_link_attacher/local/lib/python3.10/dist-packages/gazebo_ros_link_attacher/libgazebo_ros_link_attacher__rosidl_generator_py.so
[1.172s] -- Up-to-date: /home/jason/ros2_ws/install/gazebo_ros_link_attacher/local/lib/python3.10/dist-packages/gazebo_ros_link_attacher/gazebo_ros_link_attacher_s__rosidl_typesupport_fastrtps_c.cpython-310-x86_64-linux-gnu.so
[1.200s] Listing '/home/jason/ros2_ws/install/gazebo_ros_link_attacher/local/lib/python3.10/dist-packages/gazebo_ros_link_attacher'...
[1.200s] Listing '/home/jason/ros2_ws/install/gazebo_ros_link_attacher/local/lib/python3.10/dist-packages/gazebo_ros_link_attacher/srv'...
[1.218s] -- Up-to-date: /home/jason/ros2_ws/install/gazebo_ros_link_attacher/local/lib/python3.10/dist-packages/gazebo_ros_link_attacher/gazebo_ros_link_attacher_s__rosidl_typesupport_fastrtps_c.cpython-310-x86_64-linux-gnu.so
[1.218s] -- Up-to-date: /home/jason/ros2_ws/install/gazebo_ros_link_attacher/local/lib/python3.10/dist-packages/gazebo_ros_link_attacher/gazebo_ros_link_attacher_s__rosidl_typesupport_introspection_c.cpython-310-x86_64-linux-gnu.so
[1.219s] -- Up-to-date: /home/jason/ros2_ws/install/gazebo_ros_link_attacher/local/lib/python3.10/dist-packages/gazebo_ros_link_attacher/gazebo_ros_link_attacher_s__rosidl_typesupport_c.cpython-310-x86_64-linux-gnu.so
[1.219s] -- Up-to-date: /home/jason/ros2_ws/install/gazebo_ros_link_attacher/lib/libgazebo_ros_link_attacher__rosidl_generator_py.so
[1.219s] -- Up-to-date: /home/jason/ros2_ws/install/gazebo_ros_link_attacher/share/gazebo_ros_link_attacher/srv/Attach.idl
[1.220s] -- Up-to-date: /home/jason/ros2_ws/install/gazebo_ros_link_attacher/share/gazebo_ros_link_attacher/srv/Attach.srv
[1.220s] -- Up-to-date: /home/jason/ros2_ws/install/gazebo_ros_link_attacher/share/gazebo_ros_link_attacher/srv/Attach_Request.msg
[1.220s] -- Up-to-date: /home/jason/ros2_ws/install/gazebo_ros_link_attacher/share/gazebo_ros_link_attacher/srv/Attach_Response.msg
[1.220s] -- Up-to-date: /home/jason/ros2_ws/install/gazebo_ros_link_attacher/lib/libgazebo_ros_link_attacher_plugin.so
[1.220s] -- Up-to-date: /home/jason/ros2_ws/install/gazebo_ros_link_attacher/lib/gazebo_ros_link_attacher/demo.py
[1.220s] -- Up-to-date: /home/jason/ros2_ws/install/gazebo_ros_link_attacher/lib/gazebo_ros_link_attacher/demo_multiple.py
[1.220s] -- Up-to-date: /home/jason/ros2_ws/install/gazebo_ros_link_attacher/lib/gazebo_ros_link_attacher/spawn_models.py
[1.220s] -- Up-to-date: /home/jason/ros2_ws/install/gazebo_ros_link_attacher/lib/gazebo_ros_link_attacher/attach.py
[1.220s] -- Up-to-date: /home/jason/ros2_ws/install/gazebo_ros_link_attacher/lib/gazebo_ros_link_attacher/detach.py
[1.220s] -- Up-to-date: /home/jason/ros2_ws/install/gazebo_ros_link_attacher/share/gazebo_ros_link_attacher/launch
[1.220s] -- Up-to-date: /home/jason/ros2_ws/install/gazebo_ros_link_attacher/share/gazebo_ros_link_attacher/launch/test_attacher.py
[1.220s] -- Up-to-date: /home/jason/ros2_ws/install/gazebo_ros_link_attacher/share/gazebo_ros_link_attacher/worlds
[1.220s] -- Up-to-date: /home/jason/ros2_ws/install/gazebo_ros_link_attacher/share/gazebo_ros_link_attacher/worlds/test_attacher.world
[1.220s] -- Up-to-date: /home/jason/ros2_ws/install/gazebo_ros_link_attacher/share/ament_index/resource_index/package_run_dependencies/gazebo_ros_link_attacher
[1.220s] -- Up-to-date: /home/jason/ros2_ws/install/gazebo_ros_link_attacher/share/ament_index/resource_index/parent_prefix_path/gazebo_ros_link_attacher
[1.220s] -- Up-to-date: /home/jason/ros2_ws/install/gazebo_ros_link_attacher/share/gazebo_ros_link_attacher/environment/ament_prefix_path.sh
[1.220s] -- Up-to-date: /home/jason/ros2_ws/install/gazebo_ros_link_attacher/share/gazebo_ros_link_attacher/environment/ament_prefix_path.dsv
[1.220s] -- Up-to-date: /home/jason/ros2_ws/install/gazebo_ros_link_attacher/share/gazebo_ros_link_attacher/environment/path.sh
[1.220s] -- Up-to-date: /home/jason/ros2_ws/install/gazebo_ros_link_attacher/share/gazebo_ros_link_attacher/environment/path.dsv
[1.221s] -- Up-to-date: /home/jason/ros2_ws/install/gazebo_ros_link_attacher/share/gazebo_ros_link_attacher/local_setup.bash
[1.221s] -- Up-to-date: /home/jason/ros2_ws/install/gazebo_ros_link_attacher/share/gazebo_ros_link_attacher/local_setup.sh
[1.221s] -- Up-to-date: /home/jason/ros2_ws/install/gazebo_ros_link_attacher/share/gazebo_ros_link_attacher/local_setup.zsh
[1.221s] -- Up-to-date: /home/jason/ros2_ws/install/gazebo_ros_link_attacher/share/gazebo_ros_link_attacher/local_setup.dsv
[1.221s] -- Installing: /home/jason/ros2_ws/install/gazebo_ros_link_attacher/share/gazebo_ros_link_attacher/package.dsv
[1.221s] -- Up-to-date: /home/jason/ros2_ws/install/gazebo_ros_link_attacher/share/ament_index/resource_index/packages/gazebo_ros_link_attacher
[1.221s] -- Up-to-date: /home/jason/ros2_ws/install/gazebo_ros_link_attacher/share/gazebo_ros_link_attacher/cmake/export_gazebo_ros_link_attacher__rosidl_generator_cExport.cmake
[1.221s] -- Up-to-date: /home/jason/ros2_ws/install/gazebo_ros_link_attacher/share/gazebo_ros_link_attacher/cmake/export_gazebo_ros_link_attacher__rosidl_generator_cExport-noconfig.cmake
[1.223s] -- Up-to-date: /home/jason/ros2_ws/install/gazebo_ros_link_attacher/share/gazebo_ros_link_attacher/cmake/export_gazebo_ros_link_attacher__rosidl_typesupport_fastrtps_cExport.cmake
[1.225s] -- Up-to-date: /home/jason/ros2_ws/install/gazebo_ros_link_attacher/share/gazebo_ros_link_attacher/cmake/export_gazebo_ros_link_attacher__rosidl_typesupport_fastrtps_cExport-noconfig.cmake
[1.225s] -- Up-to-date: /home/jason/ros2_ws/install/gazebo_ros_link_attacher/share/gazebo_ros_link_attacher/cmake/export_gazebo_ros_link_attacher__rosidl_generator_cppExport.cmake
[1.225s] -- Up-to-date: /home/jason/ros2_ws/install/gazebo_ros_link_attacher/share/gazebo_ros_link_attacher/cmake/export_gazebo_ros_link_attacher__rosidl_typesupport_fastrtps_cppExport.cmake
[1.225s] -- Up-to-date: /home/jason/ros2_ws/install/gazebo_ros_link_attacher/share/gazebo_ros_link_attacher/cmake/export_gazebo_ros_link_attacher__rosidl_typesupport_fastrtps_cppExport-noconfig.cmake
[1.225s] -- Up-to-date: /home/jason/ros2_ws/install/gazebo_ros_link_attacher/share/gazebo_ros_link_attacher/cmake/gazebo_ros_link_attacher__rosidl_typesupport_introspection_cExport.cmake
[1.225s] -- Up-to-date: /home/jason/ros2_ws/install/gazebo_ros_link_attacher/share/gazebo_ros_link_attacher/cmake/gazebo_ros_link_attacher__rosidl_typesupport_introspection_cExport-noconfig.cmake
[1.225s] -- Up-to-date: /home/jason/ros2_ws/install/gazebo_ros_link_attacher/share/gazebo_ros_link_attacher/cmake/gazebo_ros_link_attacher__rosidl_typesupport_cExport.cmake
[1.225s] -- Up-to-date: /home/jason/ros2_ws/install/gazebo_ros_link_attacher/share/gazebo_ros_link_attacher/cmake/gazebo_ros_link_attacher__rosidl_typesupport_cExport-noconfig.cmake
[1.227s] -- Up-to-date: /home/jason/ros2_ws/install/gazebo_ros_link_attacher/share/gazebo_ros_link_attacher/cmake/gazebo_ros_link_attacher__rosidl_typesupport_introspection_cppExport.cmake
[1.228s] -- Up-to-date: /home/jason/ros2_ws/install/gazebo_ros_link_attacher/share/gazebo_ros_link_attacher/cmake/gazebo_ros_link_attacher__rosidl_typesupport_introspection_cppExport-noconfig.cmake
[1.231s] -- Up-to-date: /home/jason/ros2_ws/install/gazebo_ros_link_attacher/share/gazebo_ros_link_attacher/cmake/gazebo_ros_link_attacher__rosidl_typesupport_cppExport.cmake
[1.231s] -- Up-to-date: /home/jason/ros2_ws/install/gazebo_ros_link_attacher/share/gazebo_ros_link_attacher/cmake/gazebo_ros_link_attacher__rosidl_typesupport_cppExport-noconfig.cmake
[1.231s] -- Up-to-date: /home/jason/ros2_ws/install/gazebo_ros_link_attacher/share/gazebo_ros_link_attacher/cmake/export_gazebo_ros_link_attacher__rosidl_generator_pyExport.cmake
[1.231s] -- Up-to-date: /home/jason/ros2_ws/install/gazebo_ros_link_attacher/share/gazebo_ros_link_attacher/cmake/export_gazebo_ros_link_attacher__rosidl_generator_pyExport-noconfig.cmake
[1.231s] -- Up-to-date: /home/jason/ros2_ws/install/gazebo_ros_link_attacher/share/gazebo_ros_link_attacher/cmake/rosidl_cmake-extras.cmake
[1.231s] -- Up-to-date: /home/jason/ros2_ws/install/gazebo_ros_link_attacher/share/gazebo_ros_link_attacher/cmake/ament_cmake_export_dependencies-extras.cmake
[1.231s] -- Up-to-date: /home/jason/ros2_ws/install/gazebo_ros_link_attacher/share/gazebo_ros_link_attacher/cmake/ament_cmake_export_include_directories-extras.cmake
[1.231s] -- Up-to-date: /home/jason/ros2_ws/install/gazebo_ros_link_attacher/share/gazebo_ros_link_attacher/cmake/ament_cmake_export_libraries-extras.cmake
[1.232s] -- Up-to-date: /home/jason/ros2_ws/install/gazebo_ros_link_attacher/share/gazebo_ros_link_attacher/cmake/ament_cmake_export_targets-extras.cmake
[1.232s] -- Up-to-date: /home/jason/ros2_ws/install/gazebo_ros_link_attacher/share/gazebo_ros_link_attacher/cmake/rosidl_cmake_export_typesupport_targets-extras.cmake
[1.232s] -- Up-to-date: /home/jason/ros2_ws/install/gazebo_ros_link_attacher/share/gazebo_ros_link_attacher/cmake/rosidl_cmake_export_typesupport_libraries-extras.cmake
[1.232s] -- Up-to-date: /home/jason/ros2_ws/install/gazebo_ros_link_attacher/share/gazebo_ros_link_attacher/cmake/gazebo_ros_link_attacherConfig.cmake
[1.232s] -- Up-to-date: /home/jason/ros2_ws/install/gazebo_ros_link_attacher/share/gazebo_ros_link_attacher/cmake/gazebo_ros_link_attacherConfig-version.cmake
[1.232s] -- Up-to-date: /home/jason/ros2_ws/install/gazebo_ros_link_attacher/share/gazebo_ros_link_attacher/package.xml
[1.235s] Invoked command in '/home/jason/ros2_ws/build/gazebo_ros_link_attacher' returned '0': CMAKE_PREFIX_PATH=/opt/ros/humble /usr/bin/cmake --install /home/jason/ros2_ws/build/gazebo_ros_link_attacher
