[5.664s] DEBUG:colcon:Command line arguments: ['/usr/bin/colcon', 'build']
[5.664s] DEBUG:colcon:Parsed command line arguments: Namespace(allow_overriding=[], ament_cmake_args=None, base_paths=['.'], build_base='build', catkin_cmake_args=None, catkin_skip_building_tests=False, cmake_args=None, cmake_clean_cache=False, cmake_clean_first=False, cmake_force_configure=False, cmake_target=None, cmake_target_skip_unavailable=False, continue_on_error=False, event_handlers=None, executor='parallel', ignore_user_meta=False, install_base='install', log_base=None, log_level=None, main=<bound method BuildVerb.main of <colcon_core.verb.build.BuildVerb object at 0x7f7added4130>>, merge_install=False, metas=['./colcon.meta'], packages_above=None, packages_above_and_dependencies=None, packages_above_depth=None, packages_end=None, packages_ignore=None, packages_ignore_regex=None, packages_select=None, packages_select_build_failed=False, packages_select_by_dep=None, packages_select_regex=None, packages_select_test_failures=False, packages_skip=None, packages_skip_build_finished=False, packages_skip_by_dep=None, packages_skip_regex=None, packages_skip_test_passed=False, packages_skip_up_to=None, packages_start=None, packages_up_to=None, packages_up_to_regex=None, parallel_workers=4, paths=None, symlink_install=False, test_result_base=None, verb_extension=<colcon_core.verb.build.BuildVerb object at 0x7f7added4130>, verb_name='build', verb_parser=<colcon_defaults.argument_parser.defaults.DefaultArgumentsDecorator object at 0x7f7added4670>)
[6.316s] Level 1:colcon.colcon_core.package_discovery:discover_packages(colcon_meta) check parameters
[6.336s] Level 1:colcon.colcon_core.package_discovery:discover_packages(recursive) check parameters
[6.336s] Level 1:colcon.colcon_core.package_discovery:discover_packages(ignore) check parameters
[6.336s] Level 1:colcon.colcon_core.package_discovery:discover_packages(path) check parameters
[6.336s] Level 1:colcon.colcon_core.package_discovery:discover_packages(colcon_meta) discover
[6.336s] Level 1:colcon.colcon_core.package_discovery:discover_packages(recursive) discover
[6.336s] INFO:colcon.colcon_core.package_discovery:Crawling recursively for packages in '/home/yahboom/S25_RobotProgramming_Ardent/aruco_final_project'
[6.336s] Level 1:colcon.colcon_core.package_identification:_identify(.) by extensions ['ignore', 'ignore_ament_install']
[6.344s] Level 1:colcon.colcon_core.package_identification:_identify(.) by extension 'ignore'
[6.352s] Level 1:colcon.colcon_core.package_identification:_identify(.) by extension 'ignore_ament_install'
[6.364s] Level 1:colcon.colcon_core.package_identification:_identify(.) by extensions ['colcon_pkg']
[6.364s] Level 1:colcon.colcon_core.package_identification:_identify(.) by extension 'colcon_pkg'
[6.364s] Level 1:colcon.colcon_core.package_identification:_identify(.) by extensions ['colcon_meta']
[6.364s] Level 1:colcon.colcon_core.package_identification:_identify(.) by extension 'colcon_meta'
[6.364s] Level 1:colcon.colcon_core.package_identification:_identify(.) by extensions ['ros']
[6.364s] Level 1:colcon.colcon_core.package_identification:_identify(.) by extension 'ros'
[7.020s] Level 1:colcon.colcon_core.package_identification:_identify(.) by extensions ['cmake', 'python']
[7.036s] Level 1:colcon.colcon_core.package_identification:_identify(.) by extension 'cmake'
[7.036s] Level 1:colcon.colcon_core.package_identification:_identify(.) by extension 'python'
[7.036s] Level 1:colcon.colcon_core.package_identification:_identify(.) by extensions ['python_setup_py']
[7.036s] Level 1:colcon.colcon_core.package_identification:_identify(.) by extension 'python_setup_py'
[7.044s] Level 1:colcon.colcon_core.package_identification:_identify(build) by extensions ['ignore', 'ignore_ament_install']
[7.056s] Level 1:colcon.colcon_core.package_identification:_identify(build) by extension 'ignore'
[7.056s] Level 1:colcon.colcon_core.package_identification:_identify(build) ignored
[7.060s] Level 1:colcon.colcon_core.package_identification:_identify(install) by extensions ['ignore', 'ignore_ament_install']
[7.060s] Level 1:colcon.colcon_core.package_identification:_identify(install) by extension 'ignore'
[7.064s] Level 1:colcon.colcon_core.package_identification:_identify(install) ignored
[7.064s] Level 1:colcon.colcon_core.package_identification:_identify(log) by extensions ['ignore', 'ignore_ament_install']
[7.068s] Level 1:colcon.colcon_core.package_identification:_identify(log) by extension 'ignore'
[7.068s] Level 1:colcon.colcon_core.package_identification:_identify(log) ignored
[7.068s] Level 1:colcon.colcon_core.package_identification:_identify(src) by extensions ['ignore', 'ignore_ament_install']
[7.068s] Level 1:colcon.colcon_core.package_identification:_identify(src) by extension 'ignore'
[7.068s] Level 1:colcon.colcon_core.package_identification:_identify(src) by extension 'ignore_ament_install'
[7.068s] Level 1:colcon.colcon_core.package_identification:_identify(src) by extensions ['colcon_pkg']
[7.068s] Level 1:colcon.colcon_core.package_identification:_identify(src) by extension 'colcon_pkg'
[7.068s] Level 1:colcon.colcon_core.package_identification:_identify(src) by extensions ['colcon_meta']
[7.068s] Level 1:colcon.colcon_core.package_identification:_identify(src) by extension 'colcon_meta'
[7.068s] Level 1:colcon.colcon_core.package_identification:_identify(src) by extensions ['ros']
[7.068s] Level 1:colcon.colcon_core.package_identification:_identify(src) by extension 'ros'
[7.072s] Level 1:colcon.colcon_core.package_identification:_identify(src) by extensions ['cmake', 'python']
[7.080s] Level 1:colcon.colcon_core.package_identification:_identify(src) by extension 'cmake'
[7.080s] Level 1:colcon.colcon_core.package_identification:_identify(src) by extension 'python'
[7.080s] Level 1:colcon.colcon_core.package_identification:_identify(src) by extensions ['python_setup_py']
[7.080s] Level 1:colcon.colcon_core.package_identification:_identify(src) by extension 'python_setup_py'
[7.080s] Level 1:colcon.colcon_core.package_identification:_identify(src/aruco_follower) by extensions ['ignore', 'ignore_ament_install']
[7.080s] Level 1:colcon.colcon_core.package_identification:_identify(src/aruco_follower) by extension 'ignore'
[7.080s] Level 1:colcon.colcon_core.package_identification:_identify(src/aruco_follower) by extension 'ignore_ament_install'
[7.080s] Level 1:colcon.colcon_core.package_identification:_identify(src/aruco_follower) by extensions ['colcon_pkg']
[7.084s] Level 1:colcon.colcon_core.package_identification:_identify(src/aruco_follower) by extension 'colcon_pkg'
[7.092s] Level 1:colcon.colcon_core.package_identification:_identify(src/aruco_follower) by extensions ['colcon_meta']
[7.096s] Level 1:colcon.colcon_core.package_identification:_identify(src/aruco_follower) by extension 'colcon_meta'
[7.096s] Level 1:colcon.colcon_core.package_identification:_identify(src/aruco_follower) by extensions ['ros']
[7.096s] Level 1:colcon.colcon_core.package_identification:_identify(src/aruco_follower) by extension 'ros'
[7.132s] DEBUG:colcon.colcon_core.package_identification:Package 'src/aruco_follower' with type 'ros.ament_python' and name 'aruco_follower'
[7.132s] Level 1:colcon.colcon_core.package_identification:_identify(src/webcam) by extensions ['ignore', 'ignore_ament_install']
[7.136s] Level 1:colcon.colcon_core.package_identification:_identify(src/webcam) by extension 'ignore'
[7.136s] Level 1:colcon.colcon_core.package_identification:_identify(src/webcam) by extension 'ignore_ament_install'
[7.136s] Level 1:colcon.colcon_core.package_identification:_identify(src/webcam) by extensions ['colcon_pkg']
[7.136s] Level 1:colcon.colcon_core.package_identification:_identify(src/webcam) by extension 'colcon_pkg'
[7.136s] Level 1:colcon.colcon_core.package_identification:_identify(src/webcam) by extensions ['colcon_meta']
[7.136s] Level 1:colcon.colcon_core.package_identification:_identify(src/webcam) by extension 'colcon_meta'
[7.136s] Level 1:colcon.colcon_core.package_identification:_identify(src/webcam) by extensions ['ros']
[7.144s] Level 1:colcon.colcon_core.package_identification:_identify(src/webcam) by extension 'ros'
[7.148s] DEBUG:colcon.colcon_core.package_identification:Package 'src/webcam' with type 'ros.ament_python' and name 'webcam'
[7.152s] Level 1:colcon.colcon_core.package_discovery:discover_packages(recursive) using defaults
[7.152s] Level 1:colcon.colcon_core.package_discovery:discover_packages(ignore) discover
[7.152s] Level 1:colcon.colcon_core.package_discovery:discover_packages(ignore) using defaults
[7.152s] Level 1:colcon.colcon_core.package_discovery:discover_packages(path) discover
[7.152s] Level 1:colcon.colcon_core.package_discovery:discover_packages(path) using defaults
[8.128s] Level 1:colcon.colcon_core.package_discovery:discover_packages(prefix_path) check parameters
[8.128s] Level 1:colcon.colcon_core.package_discovery:discover_packages(prefix_path) discover
[8.264s] DEBUG:colcon.colcon_installed_package_information.package_discovery:Found 2 installed packages in /home/yahboom/S25_RobotProgramming_Ardent/aruco_final_project/install
[8.280s] DEBUG:colcon.colcon_installed_package_information.package_discovery:Found 10 installed packages in /home/yahboom/yahboomcar_ros2_ws/software/library_ws/install
[8.340s] DEBUG:colcon.colcon_installed_package_information.package_discovery:Found 20 installed packages in /home/yahboom/yahboomcar_ros2_ws/yahboomcar_ws/install
[8.412s] DEBUG:colcon.colcon_installed_package_information.package_discovery:Found 349 installed packages in /opt/ros/foxy
[8.444s] Level 1:colcon.colcon_core.package_discovery:discover_packages(prefix_path) using defaults
[11.028s] Level 5:colcon.colcon_core.verb:set package 'aruco_follower' build argument 'cmake_args' from command line to 'None'
[11.040s] Level 5:colcon.colcon_core.verb:set package 'aruco_follower' build argument 'cmake_target' from command line to 'None'
[11.060s] Level 5:colcon.colcon_core.verb:set package 'aruco_follower' build argument 'cmake_target_skip_unavailable' from command line to 'False'
[11.060s] Level 5:colcon.colcon_core.verb:set package 'aruco_follower' build argument 'cmake_clean_cache' from command line to 'False'
[11.060s] Level 5:colcon.colcon_core.verb:set package 'aruco_follower' build argument 'cmake_clean_first' from command line to 'False'
[11.060s] Level 5:colcon.colcon_core.verb:set package 'aruco_follower' build argument 'cmake_force_configure' from command line to 'False'
[11.060s] Level 5:colcon.colcon_core.verb:set package 'aruco_follower' build argument 'ament_cmake_args' from command line to 'None'
[11.060s] Level 5:colcon.colcon_core.verb:set package 'aruco_follower' build argument 'catkin_cmake_args' from command line to 'None'
[11.060s] Level 5:colcon.colcon_core.verb:set package 'aruco_follower' build argument 'catkin_skip_building_tests' from command line to 'False'
[11.060s] DEBUG:colcon.colcon_core.verb:Building package 'aruco_follower' with the following arguments: {'ament_cmake_args': None, 'build_base': '/home/yahboom/S25_RobotProgramming_Ardent/aruco_final_project/build/aruco_follower', 'catkin_cmake_args': None, 'catkin_skip_building_tests': False, 'cmake_args': None, 'cmake_clean_cache': False, 'cmake_clean_first': False, 'cmake_force_configure': False, 'cmake_target': None, 'cmake_target_skip_unavailable': False, 'install_base': '/home/yahboom/S25_RobotProgramming_Ardent/aruco_final_project/install/aruco_follower', 'merge_install': False, 'path': '/home/yahboom/S25_RobotProgramming_Ardent/aruco_final_project/src/aruco_follower', 'symlink_install': False, 'test_result_base': None}
[11.136s] Level 5:colcon.colcon_core.verb:set package 'webcam' build argument 'cmake_args' from command line to 'None'
[11.140s] Level 5:colcon.colcon_core.verb:set package 'webcam' build argument 'cmake_target' from command line to 'None'
[11.140s] Level 5:colcon.colcon_core.verb:set package 'webcam' build argument 'cmake_target_skip_unavailable' from command line to 'False'
[11.140s] Level 5:colcon.colcon_core.verb:set package 'webcam' build argument 'cmake_clean_cache' from command line to 'False'
[11.140s] Level 5:colcon.colcon_core.verb:set package 'webcam' build argument 'cmake_clean_first' from command line to 'False'
[11.140s] Level 5:colcon.colcon_core.verb:set package 'webcam' build argument 'cmake_force_configure' from command line to 'False'
[11.140s] Level 5:colcon.colcon_core.verb:set package 'webcam' build argument 'ament_cmake_args' from command line to 'None'
[11.140s] Level 5:colcon.colcon_core.verb:set package 'webcam' build argument 'catkin_cmake_args' from command line to 'None'
[11.140s] Level 5:colcon.colcon_core.verb:set package 'webcam' build argument 'catkin_skip_building_tests' from command line to 'False'
[11.140s] DEBUG:colcon.colcon_core.verb:Building package 'webcam' with the following arguments: {'ament_cmake_args': None, 'build_base': '/home/yahboom/S25_RobotProgramming_Ardent/aruco_final_project/build/webcam', 'catkin_cmake_args': None, 'catkin_skip_building_tests': False, 'cmake_args': None, 'cmake_clean_cache': False, 'cmake_clean_first': False, 'cmake_force_configure': False, 'cmake_target': None, 'cmake_target_skip_unavailable': False, 'install_base': '/home/yahboom/S25_RobotProgramming_Ardent/aruco_final_project/install/webcam', 'merge_install': False, 'path': '/home/yahboom/S25_RobotProgramming_Ardent/aruco_final_project/src/webcam', 'symlink_install': False, 'test_result_base': None}
[11.156s] INFO:colcon.colcon_core.executor:Executing jobs using 'parallel' executor
[11.324s] DEBUG:colcon.colcon_parallel_executor.executor.parallel:run_until_complete
[11.324s] INFO:colcon.colcon_ros.task.ament_python.build:Building ROS package in '/home/yahboom/S25_RobotProgramming_Ardent/aruco_final_project/src/aruco_follower' with build type 'ament_python'
[11.348s] Level 1:colcon.colcon_core.shell:create_environment_hook('aruco_follower', 'ament_prefix_path')
[11.700s] INFO:colcon.colcon_core.plugin_system:Skipping extension 'colcon_core.shell.bat': Not used on non-Windows systems
[11.724s] INFO:colcon.colcon_core.shell:Creating environment hook '/home/yahboom/S25_RobotProgramming_Ardent/aruco_final_project/install/aruco_follower/share/aruco_follower/hook/ament_prefix_path.ps1'
[11.864s] INFO:colcon.colcon_core.shell:Creating environment descriptor '/home/yahboom/S25_RobotProgramming_Ardent/aruco_final_project/install/aruco_follower/share/aruco_follower/hook/ament_prefix_path.dsv'
[11.928s] INFO:colcon.colcon_core.shell:Creating environment hook '/home/yahboom/S25_RobotProgramming_Ardent/aruco_final_project/install/aruco_follower/share/aruco_follower/hook/ament_prefix_path.sh'
[12.056s] INFO:colcon.colcon_core.shell:Skip shell extension 'powershell' for command environment: Not usable outside of PowerShell
[12.068s] DEBUG:colcon.colcon_core.shell:Skip shell extension 'dsv' for command environment
[12.400s] INFO:colcon.colcon_ros.task.ament_python.build:Building ROS package in '/home/yahboom/S25_RobotProgramming_Ardent/aruco_final_project/src/webcam' with build type 'ament_python'
[12.480s] Level 1:colcon.colcon_core.shell:create_environment_hook('webcam', 'ament_prefix_path')
[12.540s] INFO:colcon.colcon_core.shell:Creating environment hook '/home/yahboom/S25_RobotProgramming_Ardent/aruco_final_project/install/webcam/share/webcam/hook/ament_prefix_path.ps1'
[12.668s] INFO:colcon.colcon_core.shell:Creating environment descriptor '/home/yahboom/S25_RobotProgramming_Ardent/aruco_final_project/install/webcam/share/webcam/hook/ament_prefix_path.dsv'
[12.680s] INFO:colcon.colcon_core.shell:Creating environment hook '/home/yahboom/S25_RobotProgramming_Ardent/aruco_final_project/install/webcam/share/webcam/hook/ament_prefix_path.sh'
[12.888s] INFO:colcon.colcon_core.shell:Skip shell extension 'powershell' for command environment: Not usable outside of PowerShell
[12.888s] DEBUG:colcon.colcon_core.shell:Skip shell extension 'dsv' for command environment
[135.910s] INFO:colcon.colcon_core.task.python.build:Building Python package in '/home/yahboom/S25_RobotProgramming_Ardent/aruco_final_project/src/aruco_follower'
[135.924s] INFO:colcon.colcon_core.shell:Skip shell extension 'powershell' for command environment: Not usable outside of PowerShell
[135.924s] DEBUG:colcon.colcon_core.shell:Skip shell extension 'dsv' for command environment
[136.247s] INFO:colcon.colcon_core.task.python.build:Building Python package in '/home/yahboom/S25_RobotProgramming_Ardent/aruco_final_project/src/webcam'
[136.249s] INFO:colcon.colcon_core.shell:Skip shell extension 'powershell' for command environment: Not usable outside of PowerShell
[136.249s] DEBUG:colcon.colcon_core.shell:Skip shell extension 'dsv' for command environment
[136.709s] DEBUG:colcon.colcon_core.event_handler.log_command:Invoking command in '/home/yahboom/S25_RobotProgramming_Ardent/aruco_final_project/src/aruco_follower': PYTHONPATH=/home/yahboom/S25_RobotProgramming_Ardent/aruco_final_project/build/aruco_follower/prefix_override:/home/yahboom/S25_RobotProgramming_Ardent/aruco_final_project/install/aruco_follower/lib/python3.8/site-packages:${PYTHONPATH} /usr/bin/python3 setup.py egg_info --egg-base ../../build/aruco_follower build --build-base /home/yahboom/S25_RobotProgramming_Ardent/aruco_final_project/build/aruco_follower/build install --record /home/yahboom/S25_RobotProgramming_Ardent/aruco_final_project/build/aruco_follower/install.log --install-scripts $base/lib/aruco_follower --single-version-externally-managed
[136.723s] DEBUG:colcon.colcon_core.event_handler.log_command:Invoking command in '/home/yahboom/S25_RobotProgramming_Ardent/aruco_final_project/src/webcam': PYTHONPATH=/home/yahboom/S25_RobotProgramming_Ardent/aruco_final_project/build/webcam/prefix_override:/home/yahboom/S25_RobotProgramming_Ardent/aruco_final_project/install/webcam/lib/python3.8/site-packages:${PYTHONPATH} /usr/bin/python3 setup.py egg_info --egg-base ../../build/webcam build --build-base /home/yahboom/S25_RobotProgramming_Ardent/aruco_final_project/build/webcam/build install --record /home/yahboom/S25_RobotProgramming_Ardent/aruco_final_project/build/webcam/install.log --install-scripts $base/lib/webcam --single-version-externally-managed
[137.023s] DEBUG:colcon.colcon_core.event_handler.log_command:Invoked command in '/home/yahboom/S25_RobotProgramming_Ardent/aruco_final_project/src/aruco_follower' returned '0': PYTHONPATH=/home/yahboom/S25_RobotProgramming_Ardent/aruco_final_project/build/aruco_follower/prefix_override:/home/yahboom/S25_RobotProgramming_Ardent/aruco_final_project/install/aruco_follower/lib/python3.8/site-packages:${PYTHONPATH} /usr/bin/python3 setup.py egg_info --egg-base ../../build/aruco_follower build --build-base /home/yahboom/S25_RobotProgramming_Ardent/aruco_final_project/build/aruco_follower/build install --record /home/yahboom/S25_RobotProgramming_Ardent/aruco_final_project/build/aruco_follower/install.log --install-scripts $base/lib/aruco_follower --single-version-externally-managed
[137.033s] Level 1:colcon.colcon_core.environment:checking '/home/yahboom/S25_RobotProgramming_Ardent/aruco_final_project/install/aruco_follower' for CMake module files
[137.033s] Level 1:colcon.colcon_core.environment:checking '/home/yahboom/S25_RobotProgramming_Ardent/aruco_final_project/install/aruco_follower' for CMake config files
[137.036s] Level 1:colcon.colcon_core.environment:checking '/home/yahboom/S25_RobotProgramming_Ardent/aruco_final_project/install/aruco_follower/lib'
[137.036s] Level 1:colcon.colcon_core.environment:checking '/home/yahboom/S25_RobotProgramming_Ardent/aruco_final_project/install/aruco_follower/bin'
[137.036s] Level 1:colcon.colcon_core.environment:checking '/home/yahboom/S25_RobotProgramming_Ardent/aruco_final_project/install/aruco_follower/lib/pkgconfig/aruco_follower.pc'
[137.036s] Level 1:colcon.colcon_core.environment:checking '/home/yahboom/S25_RobotProgramming_Ardent/aruco_final_project/install/aruco_follower/lib/python3.8/site-packages'
[137.036s] Level 1:colcon.colcon_core.shell:create_environment_hook('aruco_follower', 'pythonpath')
[137.037s] INFO:colcon.colcon_core.shell:Creating environment hook '/home/yahboom/S25_RobotProgramming_Ardent/aruco_final_project/install/aruco_follower/share/aruco_follower/hook/pythonpath.ps1'
[137.038s] INFO:colcon.colcon_core.shell:Creating environment descriptor '/home/yahboom/S25_RobotProgramming_Ardent/aruco_final_project/install/aruco_follower/share/aruco_follower/hook/pythonpath.dsv'
[137.039s] INFO:colcon.colcon_core.shell:Creating environment hook '/home/yahboom/S25_RobotProgramming_Ardent/aruco_final_project/install/aruco_follower/share/aruco_follower/hook/pythonpath.sh'
[137.040s] Level 1:colcon.colcon_core.environment:checking '/home/yahboom/S25_RobotProgramming_Ardent/aruco_final_project/install/aruco_follower/bin'
[137.040s] Level 1:colcon.colcon_core.environment:create_environment_scripts_only(aruco_follower)
[137.041s] INFO:colcon.colcon_core.shell:Creating package script '/home/yahboom/S25_RobotProgramming_Ardent/aruco_final_project/install/aruco_follower/share/aruco_follower/package.ps1'
[137.042s] INFO:colcon.colcon_core.shell:Creating package descriptor '/home/yahboom/S25_RobotProgramming_Ardent/aruco_final_project/install/aruco_follower/share/aruco_follower/package.dsv'
[137.043s] INFO:colcon.colcon_core.shell:Creating package script '/home/yahboom/S25_RobotProgramming_Ardent/aruco_final_project/install/aruco_follower/share/aruco_follower/package.sh'
[137.043s] INFO:colcon.colcon_core.shell:Creating package script '/home/yahboom/S25_RobotProgramming_Ardent/aruco_final_project/install/aruco_follower/share/aruco_follower/package.bash'
[137.045s] INFO:colcon.colcon_core.shell:Creating package script '/home/yahboom/S25_RobotProgramming_Ardent/aruco_final_project/install/aruco_follower/share/aruco_follower/package.zsh'
[137.046s] Level 1:colcon.colcon_core.environment:create_file_with_runtime_dependencies(/home/yahboom/S25_RobotProgramming_Ardent/aruco_final_project/install/aruco_follower/share/colcon-core/packages/aruco_follower)
[137.051s] Level 1:colcon.colcon_core.environment:checking '/home/yahboom/S25_RobotProgramming_Ardent/aruco_final_project/install/webcam' for CMake module files
[137.051s] DEBUG:colcon.colcon_core.event_handler.log_command:Invoked command in '/home/yahboom/S25_RobotProgramming_Ardent/aruco_final_project/src/webcam' returned '0': PYTHONPATH=/home/yahboom/S25_RobotProgramming_Ardent/aruco_final_project/build/webcam/prefix_override:/home/yahboom/S25_RobotProgramming_Ardent/aruco_final_project/install/webcam/lib/python3.8/site-packages:${PYTHONPATH} /usr/bin/python3 setup.py egg_info --egg-base ../../build/webcam build --build-base /home/yahboom/S25_RobotProgramming_Ardent/aruco_final_project/build/webcam/build install --record /home/yahboom/S25_RobotProgramming_Ardent/aruco_final_project/build/webcam/install.log --install-scripts $base/lib/webcam --single-version-externally-managed
[137.052s] Level 1:colcon.colcon_core.environment:checking '/home/yahboom/S25_RobotProgramming_Ardent/aruco_final_project/install/webcam' for CMake config files
[137.053s] Level 1:colcon.colcon_core.environment:checking '/home/yahboom/S25_RobotProgramming_Ardent/aruco_final_project/install/webcam/lib'
[137.053s] Level 1:colcon.colcon_core.environment:checking '/home/yahboom/S25_RobotProgramming_Ardent/aruco_final_project/install/webcam/bin'
[137.053s] Level 1:colcon.colcon_core.environment:checking '/home/yahboom/S25_RobotProgramming_Ardent/aruco_final_project/install/webcam/lib/pkgconfig/webcam.pc'
[137.053s] Level 1:colcon.colcon_core.environment:checking '/home/yahboom/S25_RobotProgramming_Ardent/aruco_final_project/install/webcam/lib/python3.8/site-packages'
[137.053s] Level 1:colcon.colcon_core.shell:create_environment_hook('webcam', 'pythonpath')
[137.054s] INFO:colcon.colcon_core.shell:Creating environment hook '/home/yahboom/S25_RobotProgramming_Ardent/aruco_final_project/install/webcam/share/webcam/hook/pythonpath.ps1'
[137.055s] INFO:colcon.colcon_core.shell:Creating environment descriptor '/home/yahboom/S25_RobotProgramming_Ardent/aruco_final_project/install/webcam/share/webcam/hook/pythonpath.dsv'
[137.055s] INFO:colcon.colcon_core.shell:Creating environment hook '/home/yahboom/S25_RobotProgramming_Ardent/aruco_final_project/install/webcam/share/webcam/hook/pythonpath.sh'
[137.055s] Level 1:colcon.colcon_core.environment:checking '/home/yahboom/S25_RobotProgramming_Ardent/aruco_final_project/install/webcam/bin'
[137.055s] Level 1:colcon.colcon_core.environment:create_environment_scripts_only(webcam)
[137.057s] INFO:colcon.colcon_core.shell:Creating package script '/home/yahboom/S25_RobotProgramming_Ardent/aruco_final_project/install/webcam/share/webcam/package.ps1'
[137.057s] INFO:colcon.colcon_core.shell:Creating package descriptor '/home/yahboom/S25_RobotProgramming_Ardent/aruco_final_project/install/webcam/share/webcam/package.dsv'
[137.058s] INFO:colcon.colcon_core.shell:Creating package script '/home/yahboom/S25_RobotProgramming_Ardent/aruco_final_project/install/webcam/share/webcam/package.sh'
[137.058s] INFO:colcon.colcon_core.shell:Creating package script '/home/yahboom/S25_RobotProgramming_Ardent/aruco_final_project/install/webcam/share/webcam/package.bash'
[137.058s] INFO:colcon.colcon_core.shell:Creating package script '/home/yahboom/S25_RobotProgramming_Ardent/aruco_final_project/install/webcam/share/webcam/package.zsh'
[137.059s] Level 1:colcon.colcon_core.environment:create_file_with_runtime_dependencies(/home/yahboom/S25_RobotProgramming_Ardent/aruco_final_project/install/webcam/share/colcon-core/packages/webcam)
[137.059s] DEBUG:colcon.colcon_parallel_executor.executor.parallel:closing loop
[137.060s] DEBUG:colcon.colcon_parallel_executor.executor.parallel:loop closed
[137.060s] DEBUG:colcon.colcon_parallel_executor.executor.parallel:run_until_complete finished with '0'
[137.060s] DEBUG:colcon.colcon_core.event_reactor:joining thread
[137.071s] INFO:colcon.colcon_core.plugin_system:Skipping extension 'colcon_notification.desktop_notification.terminal_notifier': Not used on non-Darwin systems
[137.071s] INFO:colcon.colcon_core.plugin_system:Skipping extension 'colcon_notification.desktop_notification.win32': Not used on non-Windows systems
[137.072s] INFO:colcon.colcon_notification.desktop_notification:Sending desktop notification using 'notify2'
[137.118s] DEBUG:colcon.colcon_core.event_reactor:joined thread
[137.120s] INFO:colcon.colcon_core.shell:Creating prefix script '/home/yahboom/S25_RobotProgramming_Ardent/aruco_final_project/install/local_setup.ps1'
[137.121s] INFO:colcon.colcon_core.shell:Creating prefix util module '/home/yahboom/S25_RobotProgramming_Ardent/aruco_final_project/install/_local_setup_util_ps1.py'
[137.123s] INFO:colcon.colcon_core.shell:Creating prefix chain script '/home/yahboom/S25_RobotProgramming_Ardent/aruco_final_project/install/setup.ps1'
[137.126s] INFO:colcon.colcon_core.shell:Creating prefix script '/home/yahboom/S25_RobotProgramming_Ardent/aruco_final_project/install/local_setup.sh'
[137.127s] INFO:colcon.colcon_core.shell:Creating prefix util module '/home/yahboom/S25_RobotProgramming_Ardent/aruco_final_project/install/_local_setup_util_sh.py'
[137.128s] INFO:colcon.colcon_core.shell:Creating prefix chain script '/home/yahboom/S25_RobotProgramming_Ardent/aruco_final_project/install/setup.sh'
[137.131s] INFO:colcon.colcon_core.shell:Creating prefix script '/home/yahboom/S25_RobotProgramming_Ardent/aruco_final_project/install/local_setup.bash'
[137.132s] INFO:colcon.colcon_core.shell:Creating prefix chain script '/home/yahboom/S25_RobotProgramming_Ardent/aruco_final_project/install/setup.bash'
[137.135s] INFO:colcon.colcon_core.shell:Creating prefix script '/home/yahboom/S25_RobotProgramming_Ardent/aruco_final_project/install/local_setup.zsh'
[137.136s] INFO:colcon.colcon_core.shell:Creating prefix chain script '/home/yahboom/S25_RobotProgramming_Ardent/aruco_final_project/install/setup.zsh'
