[7.976s] Invoking command in '/home/yahboom/S25_RobotProgramming_Ardent/aruco_final_project/src/webcam': PYTHONPATH=/home/yahboom/S25_RobotProgramming_Ardent/aruco_final_project/build/webcam/prefix_override:/home/yahboom/S25_RobotProgramming_Ardent/aruco_final_project/install/webcam/lib/python3.8/site-packages:${PYTHONPATH} /usr/bin/python3 setup.py egg_info --egg-base ../../build/webcam build --build-base /home/yahboom/S25_RobotProgramming_Ardent/aruco_final_project/build/webcam/build install --record /home/yahboom/S25_RobotProgramming_Ardent/aruco_final_project/build/webcam/install.log --install-scripts $base/lib/webcam --single-version-externally-managed
[9.972s] running egg_info
[9.972s] writing ../../build/webcam/webcam.egg-info/PKG-INFO
[9.988s] writing dependency_links to ../../build/webcam/webcam.egg-info/dependency_links.txt
[9.988s] writing entry points to ../../build/webcam/webcam.egg-info/entry_points.txt
[9.988s] writing requirements to ../../build/webcam/webcam.egg-info/requires.txt
[9.992s] writing top-level names to ../../build/webcam/webcam.egg-info/top_level.txt
[10.300s] reading manifest file '../../build/webcam/webcam.egg-info/SOURCES.txt'
[10.312s] writing manifest file '../../build/webcam/webcam.egg-info/SOURCES.txt'
[10.312s] running build
[10.324s] running build_py
[10.336s] running install
[10.344s] running install_lib
[10.356s] running install_data
[10.364s] running install_egg_info
[10.380s] removing '/home/yahboom/S25_RobotProgramming_Ardent/aruco_final_project/install/webcam/lib/python3.8/site-packages/webcam-0.0.0-py3.8.egg-info' (and everything under it)
[10.388s] Copying ../../build/webcam/webcam.egg-info to /home/yahboom/S25_RobotProgramming_Ardent/aruco_final_project/install/webcam/lib/python3.8/site-packages/webcam-0.0.0-py3.8.egg-info
[10.396s] running install_scripts
[10.560s] Installing webcam_pub script to /home/yahboom/S25_RobotProgramming_Ardent/aruco_final_project/install/webcam/lib/webcam
[10.584s] Installing webcam_sub script to /home/yahboom/S25_RobotProgramming_Ardent/aruco_final_project/install/webcam/lib/webcam
[10.584s] writing list of installed files to '/home/yahboom/S25_RobotProgramming_Ardent/aruco_final_project/build/webcam/install.log'
[11.056s] Invoked command in '/home/yahboom/S25_RobotProgramming_Ardent/aruco_final_project/src/webcam' returned '0': PYTHONPATH=/home/yahboom/S25_RobotProgramming_Ardent/aruco_final_project/build/webcam/prefix_override:/home/yahboom/S25_RobotProgramming_Ardent/aruco_final_project/install/webcam/lib/python3.8/site-packages:${PYTHONPATH} /usr/bin/python3 setup.py egg_info --egg-base ../../build/webcam build --build-base /home/yahboom/S25_RobotProgramming_Ardent/aruco_final_project/build/webcam/build install --record /home/yahboom/S25_RobotProgramming_Ardent/aruco_final_project/build/webcam/install.log --install-scripts $base/lib/webcam --single-version-externally-managed
