[1.124s] Invoking command in '/home/jason/ros2_ws/src/mbot_teleop': PYTHONPATH=/home/jason/ros2_ws/build/mbot_teleop/prefix_override:/usr/lib/python3/dist-packages/colcon_core/task/python/colcon_distutils_commands:/home/jason/ros2_ws/install/mbot_teleop/lib/python3.10/site-packages:${PYTHONPATH} /usr/bin/python3 -W ignore:setup.py install is deprecated -W ignore:easy_install command is deprecated setup.py egg_info --egg-base ../../build/mbot_teleop build --build-base /home/jason/ros2_ws/build/mbot_teleop/build install --record /home/jason/ros2_ws/build/mbot_teleop/install.log --single-version-externally-managed install_data
[1.399s] running egg_info
[1.400s] writing ../../build/mbot_teleop/mbot_teleop.egg-info/PKG-INFO
[1.402s] writing dependency_links to ../../build/mbot_teleop/mbot_teleop.egg-info/dependency_links.txt
[1.402s] writing entry points to ../../build/mbot_teleop/mbot_teleop.egg-info/entry_points.txt
[1.403s] writing requirements to ../../build/mbot_teleop/mbot_teleop.egg-info/requires.txt
[1.403s] writing top-level names to ../../build/mbot_teleop/mbot_teleop.egg-info/top_level.txt
[1.403s] reading manifest file '../../build/mbot_teleop/mbot_teleop.egg-info/SOURCES.txt'
[1.404s] writing manifest file '../../build/mbot_teleop/mbot_teleop.egg-info/SOURCES.txt'
[1.404s] running build
[1.405s] running build_py
[1.405s] package init file 'mbot_teleop/__init__.py' not found (or not a regular file)
[1.406s] running install
[1.406s] running install_lib
[1.408s] running install_data
[1.411s] running install_egg_info
[1.411s] removing '/home/jason/ros2_ws/install/mbot_teleop/lib/python3.10/site-packages/mbot_teleop-0.0.0-py3.10.egg-info' (and everything under it)
[1.411s] Copying ../../build/mbot_teleop/mbot_teleop.egg-info to /home/jason/ros2_ws/install/mbot_teleop/lib/python3.10/site-packages/mbot_teleop-0.0.0-py3.10.egg-info
[1.412s] running install_scripts
[1.443s] Installing mbot_teleop script to /home/jason/ros2_ws/install/mbot_teleop/lib/mbot_teleop
[1.444s] writing list of installed files to '/home/jason/ros2_ws/build/mbot_teleop/install.log'
[1.475s] Invoked command in '/home/jason/ros2_ws/src/mbot_teleop' returned '0': PYTHONPATH=/home/jason/ros2_ws/build/mbot_teleop/prefix_override:/usr/lib/python3/dist-packages/colcon_core/task/python/colcon_distutils_commands:/home/jason/ros2_ws/install/mbot_teleop/lib/python3.10/site-packages:${PYTHONPATH} /usr/bin/python3 -W ignore:setup.py install is deprecated -W ignore:easy_install command is deprecated setup.py egg_info --egg-base ../../build/mbot_teleop build --build-base /home/jason/ros2_ws/build/mbot_teleop/build install --record /home/jason/ros2_ws/build/mbot_teleop/install.log --single-version-externally-managed install_data
