[0.893s] DEBUG:colcon:Command line arguments: ['/usr/bin/colcon', 'build']
[0.893s] DEBUG:colcon:Parsed command line arguments: Namespace(allow_overriding=[], ament_cmake_args=None, base_paths=['.'], build_base='build', catkin_cmake_args=None, catkin_skip_building_tests=False, cmake_args=None, cmake_clean_cache=False, cmake_clean_first=False, cmake_force_configure=False, cmake_target=None, cmake_target_skip_unavailable=False, continue_on_error=False, event_handlers=None, executor='parallel', ignore_user_meta=False, install_base='install', log_base=None, log_level=None, main=<bound method BuildVerb.main of <colcon_core.verb.build.BuildVerb object at 0x7f96953fe160>>, merge_install=False, metas=['./colcon.meta'], packages_above=None, packages_above_and_dependencies=None, packages_above_depth=None, packages_end=None, packages_ignore=None, packages_ignore_regex=None, packages_select=None, packages_select_build_failed=False, packages_select_by_dep=None, packages_select_regex=None, packages_select_test_failures=False, packages_skip=None, packages_skip_build_finished=False, packages_skip_by_dep=None, packages_skip_regex=None, packages_skip_test_passed=False, packages_skip_up_to=None, packages_start=None, packages_up_to=None, packages_up_to_regex=None, parallel_workers=4, paths=None, symlink_install=False, test_result_base=None, verb_extension=<colcon_core.verb.build.BuildVerb object at 0x7f96953fe160>, verb_name='build', verb_parser=<colcon_defaults.argument_parser.defaults.DefaultArgumentsDecorator object at 0x7f96953fe6a0>)
[1.028s] Level 1:colcon.colcon_core.package_discovery:discover_packages(colcon_meta) check parameters
[1.028s] Level 1:colcon.colcon_core.package_discovery:discover_packages(recursive) check parameters
[1.028s] Level 1:colcon.colcon_core.package_discovery:discover_packages(ignore) check parameters
[1.028s] Level 1:colcon.colcon_core.package_discovery:discover_packages(path) check parameters
[1.028s] Level 1:colcon.colcon_core.package_discovery:discover_packages(colcon_meta) discover
[1.029s] Level 1:colcon.colcon_core.package_discovery:discover_packages(recursive) discover
[1.029s] INFO:colcon.colcon_core.package_discovery:Crawling recursively for packages in '/home/yahboom/S25_RobotProgramming_Ardent/aruco_final_project'
[1.029s] Level 1:colcon.colcon_core.package_identification:_identify(.) by extensions ['ignore', 'ignore_ament_install']
[1.032s] Level 1:colcon.colcon_core.package_identification:_identify(.) by extension 'ignore'
[1.032s] Level 1:colcon.colcon_core.package_identification:_identify(.) by extension 'ignore_ament_install'
[1.032s] Level 1:colcon.colcon_core.package_identification:_identify(.) by extensions ['colcon_pkg']
[1.032s] Level 1:colcon.colcon_core.package_identification:_identify(.) by extension 'colcon_pkg'
[1.032s] Level 1:colcon.colcon_core.package_identification:_identify(.) by extensions ['colcon_meta']
[1.032s] Level 1:colcon.colcon_core.package_identification:_identify(.) by extension 'colcon_meta'
[1.032s] Level 1:colcon.colcon_core.package_identification:_identify(.) by extensions ['ros']
[1.032s] Level 1:colcon.colcon_core.package_identification:_identify(.) by extension 'ros'
[1.104s] Level 1:colcon.colcon_core.package_identification:_identify(.) by extensions ['cmake', 'python']
[1.104s] Level 1:colcon.colcon_core.package_identification:_identify(.) by extension 'cmake'
[1.104s] Level 1:colcon.colcon_core.package_identification:_identify(.) by extension 'python'
[1.104s] Level 1:colcon.colcon_core.package_identification:_identify(.) by extensions ['python_setup_py']
[1.104s] Level 1:colcon.colcon_core.package_identification:_identify(.) by extension 'python_setup_py'
[1.104s] Level 1:colcon.colcon_core.package_identification:_identify(build) by extensions ['ignore', 'ignore_ament_install']
[1.104s] Level 1:colcon.colcon_core.package_identification:_identify(build) by extension 'ignore'
[1.105s] Level 1:colcon.colcon_core.package_identification:_identify(build) ignored
[1.105s] Level 1:colcon.colcon_core.package_identification:_identify(install) by extensions ['ignore', 'ignore_ament_install']
[1.105s] Level 1:colcon.colcon_core.package_identification:_identify(install) by extension 'ignore'
[1.105s] Level 1:colcon.colcon_core.package_identification:_identify(install) ignored
[1.105s] Level 1:colcon.colcon_core.package_identification:_identify(log) by extensions ['ignore', 'ignore_ament_install']
[1.105s] Level 1:colcon.colcon_core.package_identification:_identify(log) by extension 'ignore'
[1.107s] Level 1:colcon.colcon_core.package_identification:_identify(log) ignored
[1.108s] Level 1:colcon.colcon_core.package_identification:_identify(src) by extensions ['ignore', 'ignore_ament_install']
[1.108s] Level 1:colcon.colcon_core.package_identification:_identify(src) by extension 'ignore'
[1.108s] Level 1:colcon.colcon_core.package_identification:_identify(src) by extension 'ignore_ament_install'
[1.108s] Level 1:colcon.colcon_core.package_identification:_identify(src) by extensions ['colcon_pkg']
[1.108s] Level 1:colcon.colcon_core.package_identification:_identify(src) by extension 'colcon_pkg'
[1.108s] Level 1:colcon.colcon_core.package_identification:_identify(src) by extensions ['colcon_meta']
[1.108s] Level 1:colcon.colcon_core.package_identification:_identify(src) by extension 'colcon_meta'
[1.108s] Level 1:colcon.colcon_core.package_identification:_identify(src) by extensions ['ros']
[1.108s] Level 1:colcon.colcon_core.package_identification:_identify(src) by extension 'ros'
[1.108s] Level 1:colcon.colcon_core.package_identification:_identify(src) by extensions ['cmake', 'python']
[1.108s] Level 1:colcon.colcon_core.package_identification:_identify(src) by extension 'cmake'
[1.108s] Level 1:colcon.colcon_core.package_identification:_identify(src) by extension 'python'
[1.109s] Level 1:colcon.colcon_core.package_identification:_identify(src) by extensions ['python_setup_py']
[1.109s] Level 1:colcon.colcon_core.package_identification:_identify(src) by extension 'python_setup_py'
[1.109s] Level 1:colcon.colcon_core.package_identification:_identify(src/aruco_follower) by extensions ['ignore', 'ignore_ament_install']
[1.109s] Level 1:colcon.colcon_core.package_identification:_identify(src/aruco_follower) by extension 'ignore'
[1.109s] Level 1:colcon.colcon_core.package_identification:_identify(src/aruco_follower) by extension 'ignore_ament_install'
[1.111s] Level 1:colcon.colcon_core.package_identification:_identify(src/aruco_follower) by extensions ['colcon_pkg']
[1.112s] Level 1:colcon.colcon_core.package_identification:_identify(src/aruco_follower) by extension 'colcon_pkg'
[1.112s] Level 1:colcon.colcon_core.package_identification:_identify(src/aruco_follower) by extensions ['colcon_meta']
[1.112s] Level 1:colcon.colcon_core.package_identification:_identify(src/aruco_follower) by extension 'colcon_meta'
[1.112s] Level 1:colcon.colcon_core.package_identification:_identify(src/aruco_follower) by extensions ['ros']
[1.112s] Level 1:colcon.colcon_core.package_identification:_identify(src/aruco_follower) by extension 'ros'
[1.124s] DEBUG:colcon.colcon_core.package_identification:Package 'src/aruco_follower' with type 'ros.ament_python' and name 'aruco_follower'
[1.124s] Level 1:colcon.colcon_core.package_discovery:discover_packages(recursive) using defaults
[1.124s] Level 1:colcon.colcon_core.package_discovery:discover_packages(ignore) discover
[1.124s] Level 1:colcon.colcon_core.package_discovery:discover_packages(ignore) using defaults
[1.124s] Level 1:colcon.colcon_core.package_discovery:discover_packages(path) discover
[1.124s] Level 1:colcon.colcon_core.package_discovery:discover_packages(path) using defaults
[1.192s] Level 1:colcon.colcon_core.package_discovery:discover_packages(prefix_path) check parameters
[1.192s] Level 1:colcon.colcon_core.package_discovery:discover_packages(prefix_path) discover
[1.208s] DEBUG:colcon.colcon_installed_package_information.package_discovery:Found 1 installed packages in /home/yahboom/S25_RobotProgramming_Ardent/aruco_final_project/install
[1.212s] DEBUG:colcon.colcon_installed_package_information.package_discovery:Found 10 installed packages in /home/yahboom/yahboomcar_ros2_ws/software/library_ws/install
[1.216s] DEBUG:colcon.colcon_installed_package_information.package_discovery:Found 20 installed packages in /home/yahboom/yahboomcar_ros2_ws/yahboomcar_ws/install
[1.221s] DEBUG:colcon.colcon_installed_package_information.package_discovery:Found 349 installed packages in /opt/ros/foxy
[1.228s] Level 1:colcon.colcon_core.package_discovery:discover_packages(prefix_path) using defaults
[1.425s] Level 5:colcon.colcon_core.verb:set package 'aruco_follower' build argument 'cmake_args' from command line to 'None'
[1.427s] Level 5:colcon.colcon_core.verb:set package 'aruco_follower' build argument 'cmake_target' from command line to 'None'
[1.427s] Level 5:colcon.colcon_core.verb:set package 'aruco_follower' build argument 'cmake_target_skip_unavailable' from command line to 'False'
[1.428s] Level 5:colcon.colcon_core.verb:set package 'aruco_follower' build argument 'cmake_clean_cache' from command line to 'False'
[1.428s] Level 5:colcon.colcon_core.verb:set package 'aruco_follower' build argument 'cmake_clean_first' from command line to 'False'
[1.428s] Level 5:colcon.colcon_core.verb:set package 'aruco_follower' build argument 'cmake_force_configure' from command line to 'False'
[1.428s] Level 5:colcon.colcon_core.verb:set package 'aruco_follower' build argument 'ament_cmake_args' from command line to 'None'
[1.428s] Level 5:colcon.colcon_core.verb:set package 'aruco_follower' build argument 'catkin_cmake_args' from command line to 'None'
[1.428s] Level 5:colcon.colcon_core.verb:set package 'aruco_follower' build argument 'catkin_skip_building_tests' from command line to 'False'
[1.428s] DEBUG:colcon.colcon_core.verb:Building package 'aruco_follower' with the following arguments: {'ament_cmake_args': None, 'build_base': '/home/yahboom/S25_RobotProgramming_Ardent/aruco_final_project/build/aruco_follower', 'catkin_cmake_args': None, 'catkin_skip_building_tests': False, 'cmake_args': None, 'cmake_clean_cache': False, 'cmake_clean_first': False, 'cmake_force_configure': False, 'cmake_target': None, 'cmake_target_skip_unavailable': False, 'install_base': '/home/yahboom/S25_RobotProgramming_Ardent/aruco_final_project/install/aruco_follower', 'merge_install': False, 'path': '/home/yahboom/S25_RobotProgramming_Ardent/aruco_final_project/src/aruco_follower', 'symlink_install': False, 'test_result_base': None}
[1.428s] INFO:colcon.colcon_core.executor:Executing jobs using 'parallel' executor
[1.441s] DEBUG:colcon.colcon_parallel_executor.executor.parallel:run_until_complete
[1.441s] INFO:colcon.colcon_ros.task.ament_python.build:Building ROS package in '/home/yahboom/S25_RobotProgramming_Ardent/aruco_final_project/src/aruco_follower' with build type 'ament_python'
[1.444s] Level 1:colcon.colcon_core.shell:create_environment_hook('aruco_follower', 'ament_prefix_path')
[1.456s] INFO:colcon.colcon_core.plugin_system:Skipping extension 'colcon_core.shell.bat': Not used on non-Windows systems
[1.456s] INFO:colcon.colcon_core.shell:Creating environment hook '/home/yahboom/S25_RobotProgramming_Ardent/aruco_final_project/install/aruco_follower/share/aruco_follower/hook/ament_prefix_path.ps1'
[1.457s] INFO:colcon.colcon_core.shell:Creating environment descriptor '/home/yahboom/S25_RobotProgramming_Ardent/aruco_final_project/install/aruco_follower/share/aruco_follower/hook/ament_prefix_path.dsv'
[1.459s] INFO:colcon.colcon_core.shell:Creating environment hook '/home/yahboom/S25_RobotProgramming_Ardent/aruco_final_project/install/aruco_follower/share/aruco_follower/hook/ament_prefix_path.sh'
[1.464s] INFO:colcon.colcon_core.shell:Skip shell extension 'powershell' for command environment: Not usable outside of PowerShell
[1.464s] DEBUG:colcon.colcon_core.shell:Skip shell extension 'dsv' for command environment
[2.273s] INFO:colcon.colcon_core.task.python.build:Building Python package in '/home/yahboom/S25_RobotProgramming_Ardent/aruco_final_project/src/aruco_follower'
[2.280s] INFO:colcon.colcon_core.shell:Skip shell extension 'powershell' for command environment: Not usable outside of PowerShell
[2.280s] DEBUG:colcon.colcon_core.shell:Skip shell extension 'dsv' for command environment
[3.520s] DEBUG:colcon.colcon_core.event_handler.log_command:Invoking command in '/home/yahboom/S25_RobotProgramming_Ardent/aruco_final_project/src/aruco_follower': PYTHONPATH=/home/yahboom/S25_RobotProgramming_Ardent/aruco_final_project/build/aruco_follower/prefix_override:/home/yahboom/S25_RobotProgramming_Ardent/aruco_final_project/install/aruco_follower/lib/python3.8/site-packages:${PYTHONPATH} /usr/bin/python3 setup.py egg_info --egg-base ../../build/aruco_follower build --build-base /home/yahboom/S25_RobotProgramming_Ardent/aruco_final_project/build/aruco_follower/build install --record /home/yahboom/S25_RobotProgramming_Ardent/aruco_final_project/build/aruco_follower/install.log --install-scripts $base/lib/aruco_follower --single-version-externally-managed
[4.388s] DEBUG:colcon.colcon_core.event_handler.log_command:Invoked command in '/home/yahboom/S25_RobotProgramming_Ardent/aruco_final_project/src/aruco_follower' returned '0': PYTHONPATH=/home/yahboom/S25_RobotProgramming_Ardent/aruco_final_project/build/aruco_follower/prefix_override:/home/yahboom/S25_RobotProgramming_Ardent/aruco_final_project/install/aruco_follower/lib/python3.8/site-packages:${PYTHONPATH} /usr/bin/python3 setup.py egg_info --egg-base ../../build/aruco_follower build --build-base /home/yahboom/S25_RobotProgramming_Ardent/aruco_final_project/build/aruco_follower/build install --record /home/yahboom/S25_RobotProgramming_Ardent/aruco_final_project/build/aruco_follower/install.log --install-scripts $base/lib/aruco_follower --single-version-externally-managed
[4.400s] Level 1:colcon.colcon_core.environment:checking '/home/yahboom/S25_RobotProgramming_Ardent/aruco_final_project/install/aruco_follower' for CMake module files
[4.401s] Level 1:colcon.colcon_core.environment:checking '/home/yahboom/S25_RobotProgramming_Ardent/aruco_final_project/install/aruco_follower' for CMake config files
[4.404s] Level 1:colcon.colcon_core.environment:checking '/home/yahboom/S25_RobotProgramming_Ardent/aruco_final_project/install/aruco_follower/lib'
[4.404s] Level 1:colcon.colcon_core.environment:checking '/home/yahboom/S25_RobotProgramming_Ardent/aruco_final_project/install/aruco_follower/bin'
[4.404s] Level 1:colcon.colcon_core.environment:checking '/home/yahboom/S25_RobotProgramming_Ardent/aruco_final_project/install/aruco_follower/lib/pkgconfig/aruco_follower.pc'
[4.404s] Level 1:colcon.colcon_core.environment:checking '/home/yahboom/S25_RobotProgramming_Ardent/aruco_final_project/install/aruco_follower/lib/python3.8/site-packages'
[4.404s] Level 1:colcon.colcon_core.shell:create_environment_hook('aruco_follower', 'pythonpath')
[4.412s] INFO:colcon.colcon_core.shell:Creating environment hook '/home/yahboom/S25_RobotProgramming_Ardent/aruco_final_project/install/aruco_follower/share/aruco_follower/hook/pythonpath.ps1'
[4.413s] INFO:colcon.colcon_core.shell:Creating environment descriptor '/home/yahboom/S25_RobotProgramming_Ardent/aruco_final_project/install/aruco_follower/share/aruco_follower/hook/pythonpath.dsv'
[4.413s] INFO:colcon.colcon_core.shell:Creating environment hook '/home/yahboom/S25_RobotProgramming_Ardent/aruco_final_project/install/aruco_follower/share/aruco_follower/hook/pythonpath.sh'
[4.416s] Level 1:colcon.colcon_core.environment:checking '/home/yahboom/S25_RobotProgramming_Ardent/aruco_final_project/install/aruco_follower/bin'
[4.416s] Level 1:colcon.colcon_core.environment:create_environment_scripts_only(aruco_follower)
[4.424s] INFO:colcon.colcon_core.shell:Creating package script '/home/yahboom/S25_RobotProgramming_Ardent/aruco_final_project/install/aruco_follower/share/aruco_follower/package.ps1'
[4.428s] INFO:colcon.colcon_core.shell:Creating package descriptor '/home/yahboom/S25_RobotProgramming_Ardent/aruco_final_project/install/aruco_follower/share/aruco_follower/package.dsv'
[4.429s] INFO:colcon.colcon_core.shell:Creating package script '/home/yahboom/S25_RobotProgramming_Ardent/aruco_final_project/install/aruco_follower/share/aruco_follower/package.sh'
[4.432s] INFO:colcon.colcon_core.shell:Creating package script '/home/yahboom/S25_RobotProgramming_Ardent/aruco_final_project/install/aruco_follower/share/aruco_follower/package.bash'
[4.433s] INFO:colcon.colcon_core.shell:Creating package script '/home/yahboom/S25_RobotProgramming_Ardent/aruco_final_project/install/aruco_follower/share/aruco_follower/package.zsh'
[4.437s] Level 1:colcon.colcon_core.environment:create_file_with_runtime_dependencies(/home/yahboom/S25_RobotProgramming_Ardent/aruco_final_project/install/aruco_follower/share/colcon-core/packages/aruco_follower)
[4.440s] DEBUG:colcon.colcon_parallel_executor.executor.parallel:closing loop
[4.440s] DEBUG:colcon.colcon_parallel_executor.executor.parallel:loop closed
[4.441s] DEBUG:colcon.colcon_parallel_executor.executor.parallel:run_until_complete finished with '0'
[4.441s] DEBUG:colcon.colcon_core.event_reactor:joining thread
[4.468s] INFO:colcon.colcon_core.plugin_system:Skipping extension 'colcon_notification.desktop_notification.terminal_notifier': Not used on non-Darwin systems
[4.468s] INFO:colcon.colcon_core.plugin_system:Skipping extension 'colcon_notification.desktop_notification.win32': Not used on non-Windows systems
[4.468s] INFO:colcon.colcon_notification.desktop_notification:Sending desktop notification using 'notify2'
[4.517s] DEBUG:colcon.colcon_core.event_reactor:joined thread
[4.521s] INFO:colcon.colcon_core.shell:Creating prefix script '/home/yahboom/S25_RobotProgramming_Ardent/aruco_final_project/install/local_setup.ps1'
[4.525s] INFO:colcon.colcon_core.shell:Creating prefix util module '/home/yahboom/S25_RobotProgramming_Ardent/aruco_final_project/install/_local_setup_util_ps1.py'
[4.529s] INFO:colcon.colcon_core.shell:Creating prefix chain script '/home/yahboom/S25_RobotProgramming_Ardent/aruco_final_project/install/setup.ps1'
[4.540s] INFO:colcon.colcon_core.shell:Creating prefix script '/home/yahboom/S25_RobotProgramming_Ardent/aruco_final_project/install/local_setup.sh'
[4.541s] INFO:colcon.colcon_core.shell:Creating prefix util module '/home/yahboom/S25_RobotProgramming_Ardent/aruco_final_project/install/_local_setup_util_sh.py'
[4.544s] INFO:colcon.colcon_core.shell:Creating prefix chain script '/home/yahboom/S25_RobotProgramming_Ardent/aruco_final_project/install/setup.sh'
[4.553s] INFO:colcon.colcon_core.shell:Creating prefix script '/home/yahboom/S25_RobotProgramming_Ardent/aruco_final_project/install/local_setup.bash'
[4.556s] INFO:colcon.colcon_core.shell:Creating prefix chain script '/home/yahboom/S25_RobotProgramming_Ardent/aruco_final_project/install/setup.bash'
[4.568s] INFO:colcon.colcon_core.shell:Creating prefix script '/home/yahboom/S25_RobotProgramming_Ardent/aruco_final_project/install/local_setup.zsh'
[4.572s] INFO:colcon.colcon_core.shell:Creating prefix chain script '/home/yahboom/S25_RobotProgramming_Ardent/aruco_final_project/install/setup.zsh'
