[1.332s] Invoking command in '/home/jason/ros2_ws/src/ros2_aruco/ros2_aruco': PYTHONPATH=/home/jason/ros2_ws/build/ros2_aruco/prefix_override:/usr/lib/python3/dist-packages/colcon_core/task/python/colcon_distutils_commands:/home/jason/ros2_ws/install/ros2_aruco/lib/python3.10/site-packages:${PYTHONPATH} /usr/bin/python3 -W ignore:setup.py install is deprecated -W ignore:easy_install command is deprecated setup.py egg_info --egg-base ../../../build/ros2_aruco build --build-base /home/jason/ros2_ws/build/ros2_aruco/build install --record /home/jason/ros2_ws/build/ros2_aruco/install.log --single-version-externally-managed install_data
[1.619s] running egg_info
[1.619s] writing ../../../build/ros2_aruco/ros2_aruco.egg-info/PKG-INFO
[1.620s] writing dependency_links to ../../../build/ros2_aruco/ros2_aruco.egg-info/dependency_links.txt
[1.620s] writing entry points to ../../../build/ros2_aruco/ros2_aruco.egg-info/entry_points.txt
[1.621s] writing requirements to ../../../build/ros2_aruco/ros2_aruco.egg-info/requires.txt
[1.621s] writing top-level names to ../../../build/ros2_aruco/ros2_aruco.egg-info/top_level.txt
[1.624s] reading manifest file '../../../build/ros2_aruco/ros2_aruco.egg-info/SOURCES.txt'
[1.625s] writing manifest file '../../../build/ros2_aruco/ros2_aruco.egg-info/SOURCES.txt'
[1.625s] running build
[1.625s] running build_py
[1.625s] running install
[1.625s] running install_lib
[1.627s] running install_data
[1.628s] running install_egg_info
[1.629s] removing '/home/jason/ros2_ws/install/ros2_aruco/lib/python3.10/site-packages/ros2_aruco-0.1.0-py3.10.egg-info' (and everything under it)
[1.630s] Copying ../../../build/ros2_aruco/ros2_aruco.egg-info to /home/jason/ros2_ws/install/ros2_aruco/lib/python3.10/site-packages/ros2_aruco-0.1.0-py3.10.egg-info
[1.631s] running install_scripts
[1.657s] Installing aruco_generate_marker script to /home/jason/ros2_ws/install/ros2_aruco/lib/ros2_aruco
[1.658s] Installing aruco_node script to /home/jason/ros2_ws/install/ros2_aruco/lib/ros2_aruco
[1.658s] writing list of installed files to '/home/jason/ros2_ws/build/ros2_aruco/install.log'
[1.703s] Invoked command in '/home/jason/ros2_ws/src/ros2_aruco/ros2_aruco' returned '0': PYTHONPATH=/home/jason/ros2_ws/build/ros2_aruco/prefix_override:/usr/lib/python3/dist-packages/colcon_core/task/python/colcon_distutils_commands:/home/jason/ros2_ws/install/ros2_aruco/lib/python3.10/site-packages:${PYTHONPATH} /usr/bin/python3 -W ignore:setup.py install is deprecated -W ignore:easy_install command is deprecated setup.py egg_info --egg-base ../../../build/ros2_aruco build --build-base /home/jason/ros2_ws/build/ros2_aruco/build install --record /home/jason/ros2_ws/build/ros2_aruco/install.log --single-version-externally-managed install_data
