[0.031s] Invoking command in '/home/jason/ros2_ws/build/gazebo_ros_link_attacher': CMAKE_PREFIX_PATH=/home/jason/ros2_ws/install/ros2_aruco_interfaces:/home/jason/ros2_ws/install/ros2_aruco:/home/jason/ros2_ws/install/mbot_teleop:/home/jason/ros2_ws/install/mbot_gazebo:/opt/ros/humble:/home/jason/ros2_ws/install/realsense_gazebo_plugin:/home/jason/ros2_ws/install/realsense2_description:/home/jason/ros2_ws/install/realsense2_camera_msgs:/home/jason/ros2_ws/install/gazebo_ros_link_attacher /usr/bin/cmake --build /home/jason/ros2_ws/build/gazebo_ros_link_attacher -- -j4 -l4
[0.386s] [35m[1mConsolidate compiler generated dependencies of target gazebo_ros_link_attacher__rosidl_generator_c[0m
[0.386s] [  3%] Built target gazebo_ros_link_attacher__cpp
[0.387s] [ 12%] Built target gazebo_ros_link_attacher__rosidl_generator_c
[0.387s] [ 12%] Built target ament_cmake_python_copy_gazebo_ros_link_attacher
[0.387s] [35m[1mConsolidate compiler generated dependencies of target gazebo_ros_link_attacher__rosidl_typesupport_cpp[0m
[0.387s] [35m[1mConsolidate compiler generated dependencies of target gazebo_ros_link_attacher__rosidl_typesupport_fastrtps_cpp[0m
[0.387s] [35m[1mConsolidate compiler generated dependencies of target gazebo_ros_link_attacher__rosidl_typesupport_introspection_cpp[0m
[0.387s] [35m[1mConsolidate compiler generated dependencies of target gazebo_ros_link_attacher__rosidl_typesupport_fastrtps_c[0m
[0.387s] [ 21%] Built target gazebo_ros_link_attacher__rosidl_typesupport_introspection_cpp
[0.387s] [ 30%] Built target gazebo_ros_link_attacher__rosidl_typesupport_cpp
[0.387s] [ 39%] Built target gazebo_ros_link_attacher__rosidl_typesupport_fastrtps_cpp
[0.387s] [ 48%] Built target gazebo_ros_link_attacher__rosidl_typesupport_fastrtps_c
[0.387s] [35m[1mConsolidate compiler generated dependencies of target gazebo_ros_link_attacher__rosidl_typesupport_introspection_c[0m
[0.387s] [35m[1mConsolidate compiler generated dependencies of target gazebo_ros_link_attacher__rosidl_typesupport_c[0m
[0.387s] [ 57%] Built target gazebo_ros_link_attacher__rosidl_typesupport_c
[0.387s] [ 66%] Built target gazebo_ros_link_attacher__rosidl_typesupport_introspection_c
[0.387s] [35m[1mConsolidate compiler generated dependencies of target gazebo_ros_link_attacher_plugin[0m
[0.390s] [ 66%] Built target gazebo_ros_link_attacher
[0.430s] [ 69%] Built target gazebo_ros_link_attacher__py
[0.461s] [35m[1mConsolidate compiler generated dependencies of target gazebo_ros_link_attacher__rosidl_generator_py[0m
[0.493s] [ 75%] Built target gazebo_ros_link_attacher__rosidl_generator_py
[0.522s] [35m[1mConsolidate compiler generated dependencies of target gazebo_ros_link_attacher__rosidl_typesupport_introspection_c__pyext[0m
[0.531s] [35m[1mConsolidate compiler generated dependencies of target gazebo_ros_link_attacher__rosidl_typesupport_fastrtps_c__pyext[0m
[0.555s] [ 81%] Built target gazebo_ros_link_attacher_plugin
[0.558s] [ 87%] Built target gazebo_ros_link_attacher__rosidl_typesupport_introspection_c__pyext
[0.558s] [ 93%] Built target gazebo_ros_link_attacher__rosidl_typesupport_fastrtps_c__pyext
[0.582s] [35m[1mConsolidate compiler generated dependencies of target gazebo_ros_link_attacher__rosidl_typesupport_c__pyext[0m
[0.610s] [100%] Built target gazebo_ros_link_attacher__rosidl_typesupport_c__pyext
[0.626s] running egg_info
[0.627s] writing gazebo_ros_link_attacher.egg-info/PKG-INFO
[0.627s] writing dependency_links to gazebo_ros_link_attacher.egg-info/dependency_links.txt
[0.627s] writing top-level names to gazebo_ros_link_attacher.egg-info/top_level.txt
[0.633s] reading manifest file 'gazebo_ros_link_attacher.egg-info/SOURCES.txt'
[0.634s] writing manifest file 'gazebo_ros_link_attacher.egg-info/SOURCES.txt'
[0.670s] [100%] Built target ament_cmake_python_build_gazebo_ros_link_attacher_egg
[0.777s] Invoked command in '/home/jason/ros2_ws/build/gazebo_ros_link_attacher' returned '0': CMAKE_PREFIX_PATH=/home/jason/ros2_ws/install/ros2_aruco_interfaces:/home/jason/ros2_ws/install/ros2_aruco:/home/jason/ros2_ws/install/mbot_teleop:/home/jason/ros2_ws/install/mbot_gazebo:/opt/ros/humble:/home/jason/ros2_ws/install/realsense_gazebo_plugin:/home/jason/ros2_ws/install/realsense2_description:/home/jason/ros2_ws/install/realsense2_camera_msgs:/home/jason/ros2_ws/install/gazebo_ros_link_attacher /usr/bin/cmake --build /home/jason/ros2_ws/build/gazebo_ros_link_attacher -- -j4 -l4
[0.782s] Invoking command in '/home/jason/ros2_ws/build/gazebo_ros_link_attacher': CMAKE_PREFIX_PATH=/home/jason/ros2_ws/install/ros2_aruco_interfaces:/home/jason/ros2_ws/install/ros2_aruco:/home/jason/ros2_ws/install/mbot_teleop:/home/jason/ros2_ws/install/mbot_gazebo:/opt/ros/humble:/home/jason/ros2_ws/install/realsense_gazebo_plugin:/home/jason/ros2_ws/install/realsense2_description:/home/jason/ros2_ws/install/realsense2_camera_msgs:/home/jason/ros2_ws/install/gazebo_ros_link_attacher /usr/bin/cmake --install /home/jason/ros2_ws/build/gazebo_ros_link_attacher
[0.791s] -- Install configuration: ""
[0.792s] -- Up-to-date: /home/jason/ros2_ws/install/gazebo_ros_link_attacher/share/ament_index/resource_index/rosidl_interfaces/gazebo_ros_link_attacher
[0.792s] -- Up-to-date: /home/jason/ros2_ws/install/gazebo_ros_link_attacher/include/gazebo_ros_link_attacher/gazebo_ros_link_attacher
[0.792s] -- Up-to-date: /home/jason/ros2_ws/install/gazebo_ros_link_attacher/include/gazebo_ros_link_attacher/gazebo_ros_link_attacher/srv
[0.793s] -- Up-to-date: /home/jason/ros2_ws/install/gazebo_ros_link_attacher/include/gazebo_ros_link_attacher/gazebo_ros_link_attacher/srv/attach.h
[0.793s] -- Up-to-date: /home/jason/ros2_ws/install/gazebo_ros_link_attacher/include/gazebo_ros_link_attacher/gazebo_ros_link_attacher/srv/detail
[0.794s] -- Up-to-date: /home/jason/ros2_ws/install/gazebo_ros_link_attacher/include/gazebo_ros_link_attacher/gazebo_ros_link_attacher/srv/detail/attach__functions.c
[0.794s] -- Up-to-date: /home/jason/ros2_ws/install/gazebo_ros_link_attacher/include/gazebo_ros_link_attacher/gazebo_ros_link_attacher/srv/detail/attach__type_support.h
[0.794s] -- Up-to-date: /home/jason/ros2_ws/install/gazebo_ros_link_attacher/include/gazebo_ros_link_attacher/gazebo_ros_link_attacher/srv/detail/attach__functions.h
[0.794s] -- Up-to-date: /home/jason/ros2_ws/install/gazebo_ros_link_attacher/include/gazebo_ros_link_attacher/gazebo_ros_link_attacher/srv/detail/attach__struct.h
[0.795s] -- Up-to-date: /home/jason/ros2_ws/install/gazebo_ros_link_attacher/include/gazebo_ros_link_attacher/gazebo_ros_link_attacher/msg
[0.795s] -- Up-to-date: /home/jason/ros2_ws/install/gazebo_ros_link_attacher/include/gazebo_ros_link_attacher/gazebo_ros_link_attacher/msg/rosidl_generator_c__visibility_control.h
[0.795s] -- Up-to-date: /home/jason/ros2_ws/install/gazebo_ros_link_attacher/share/gazebo_ros_link_attacher/environment/library_path.sh
[0.796s] -- Up-to-date: /home/jason/ros2_ws/install/gazebo_ros_link_attacher/share/gazebo_ros_link_attacher/environment/library_path.dsv
[0.796s] -- Up-to-date: /home/jason/ros2_ws/install/gazebo_ros_link_attacher/lib/libgazebo_ros_link_attacher__rosidl_generator_c.so
[0.796s] -- Up-to-date: /home/jason/ros2_ws/install/gazebo_ros_link_attacher/include/gazebo_ros_link_attacher/gazebo_ros_link_attacher
[0.796s] -- Up-to-date: /home/jason/ros2_ws/install/gazebo_ros_link_attacher/include/gazebo_ros_link_attacher/gazebo_ros_link_attacher/srv
[0.796s] -- Up-to-date: /home/jason/ros2_ws/install/gazebo_ros_link_attacher/include/gazebo_ros_link_attacher/gazebo_ros_link_attacher/srv/detail
[0.797s] -- Up-to-date: /home/jason/ros2_ws/install/gazebo_ros_link_attacher/include/gazebo_ros_link_attacher/gazebo_ros_link_attacher/srv/detail/attach__rosidl_typesupport_fastrtps_c.h
[0.797s] -- Up-to-date: /home/jason/ros2_ws/install/gazebo_ros_link_attacher/include/gazebo_ros_link_attacher/gazebo_ros_link_attacher/msg
[0.797s] -- Up-to-date: /home/jason/ros2_ws/install/gazebo_ros_link_attacher/include/gazebo_ros_link_attacher/gazebo_ros_link_attacher/msg/rosidl_typesupport_fastrtps_c__visibility_control.h
[0.798s] -- Up-to-date: /home/jason/ros2_ws/install/gazebo_ros_link_attacher/lib/libgazebo_ros_link_attacher__rosidl_typesupport_fastrtps_c.so
[0.801s] -- Up-to-date: /home/jason/ros2_ws/install/gazebo_ros_link_attacher/include/gazebo_ros_link_attacher/gazebo_ros_link_attacher
[0.801s] -- Up-to-date: /home/jason/ros2_ws/install/gazebo_ros_link_attacher/include/gazebo_ros_link_attacher/gazebo_ros_link_attacher/srv
[0.801s] -- Up-to-date: /home/jason/ros2_ws/install/gazebo_ros_link_attacher/include/gazebo_ros_link_attacher/gazebo_ros_link_attacher/srv/detail
[0.801s] -- Up-to-date: /home/jason/ros2_ws/install/gazebo_ros_link_attacher/include/gazebo_ros_link_attacher/gazebo_ros_link_attacher/srv/detail/attach__builder.hpp
[0.801s] -- Up-to-date: /home/jason/ros2_ws/install/gazebo_ros_link_attacher/include/gazebo_ros_link_attacher/gazebo_ros_link_attacher/srv/detail/attach__type_support.hpp
[0.802s] -- Up-to-date: /home/jason/ros2_ws/install/gazebo_ros_link_attacher/include/gazebo_ros_link_attacher/gazebo_ros_link_attacher/srv/detail/attach__struct.hpp
[0.802s] -- Up-to-date: /home/jason/ros2_ws/install/gazebo_ros_link_attacher/include/gazebo_ros_link_attacher/gazebo_ros_link_attacher/srv/detail/attach__traits.hpp
[0.802s] -- Up-to-date: /home/jason/ros2_ws/install/gazebo_ros_link_attacher/include/gazebo_ros_link_attacher/gazebo_ros_link_attacher/srv/attach.hpp
[0.802s] -- Up-to-date: /home/jason/ros2_ws/install/gazebo_ros_link_attacher/include/gazebo_ros_link_attacher/gazebo_ros_link_attacher/msg
[0.802s] -- Up-to-date: /home/jason/ros2_ws/install/gazebo_ros_link_attacher/include/gazebo_ros_link_attacher/gazebo_ros_link_attacher/msg/rosidl_generator_cpp__visibility_control.hpp
[0.802s] -- Up-to-date: /home/jason/ros2_ws/install/gazebo_ros_link_attacher/include/gazebo_ros_link_attacher/gazebo_ros_link_attacher
[0.802s] -- Up-to-date: /home/jason/ros2_ws/install/gazebo_ros_link_attacher/include/gazebo_ros_link_attacher/gazebo_ros_link_attacher/srv
[0.802s] -- Up-to-date: /home/jason/ros2_ws/install/gazebo_ros_link_attacher/include/gazebo_ros_link_attacher/gazebo_ros_link_attacher/srv/detail
[0.803s] -- Up-to-date: /home/jason/ros2_ws/install/gazebo_ros_link_attacher/include/gazebo_ros_link_attacher/gazebo_ros_link_attacher/srv/detail/attach__rosidl_typesupport_fastrtps_cpp.hpp
[0.803s] -- Up-to-date: /home/jason/ros2_ws/install/gazebo_ros_link_attacher/include/gazebo_ros_link_attacher/gazebo_ros_link_attacher/srv/detail/dds_fastrtps
[0.803s] -- Up-to-date: /home/jason/ros2_ws/install/gazebo_ros_link_attacher/include/gazebo_ros_link_attacher/gazebo_ros_link_attacher/msg
[0.803s] -- Up-to-date: /home/jason/ros2_ws/install/gazebo_ros_link_attacher/include/gazebo_ros_link_attacher/gazebo_ros_link_attacher/msg/rosidl_typesupport_fastrtps_cpp__visibility_control.h
[0.803s] -- Up-to-date: /home/jason/ros2_ws/install/gazebo_ros_link_attacher/lib/libgazebo_ros_link_attacher__rosidl_typesupport_fastrtps_cpp.so
[0.806s] -- Up-to-date: /home/jason/ros2_ws/install/gazebo_ros_link_attacher/include/gazebo_ros_link_attacher/gazebo_ros_link_attacher
[0.806s] -- Up-to-date: /home/jason/ros2_ws/install/gazebo_ros_link_attacher/include/gazebo_ros_link_attacher/gazebo_ros_link_attacher/srv
[0.806s] -- Up-to-date: /home/jason/ros2_ws/install/gazebo_ros_link_attacher/include/gazebo_ros_link_attacher/gazebo_ros_link_attacher/srv/detail
[0.806s] -- Up-to-date: /home/jason/ros2_ws/install/gazebo_ros_link_attacher/include/gazebo_ros_link_attacher/gazebo_ros_link_attacher/srv/detail/attach__type_support.c
[0.806s] -- Up-to-date: /home/jason/ros2_ws/install/gazebo_ros_link_attacher/include/gazebo_ros_link_attacher/gazebo_ros_link_attacher/srv/detail/attach__rosidl_typesupport_introspection_c.h
[0.806s] -- Up-to-date: /home/jason/ros2_ws/install/gazebo_ros_link_attacher/include/gazebo_ros_link_attacher/gazebo_ros_link_attacher/msg
[0.806s] -- Up-to-date: /home/jason/ros2_ws/install/gazebo_ros_link_attacher/include/gazebo_ros_link_attacher/gazebo_ros_link_attacher/msg/rosidl_typesupport_introspection_c__visibility_control.h
[0.808s] -- Up-to-date: /home/jason/ros2_ws/install/gazebo_ros_link_attacher/lib/libgazebo_ros_link_attacher__rosidl_typesupport_introspection_c.so
[0.808s] -- Up-to-date: /home/jason/ros2_ws/install/gazebo_ros_link_attacher/lib/libgazebo_ros_link_attacher__rosidl_typesupport_c.so
[0.808s] -- Up-to-date: /home/jason/ros2_ws/install/gazebo_ros_link_attacher/include/gazebo_ros_link_attacher/gazebo_ros_link_attacher
[0.810s] -- Up-to-date: /home/jason/ros2_ws/install/gazebo_ros_link_attacher/include/gazebo_ros_link_attacher/gazebo_ros_link_attacher/srv
[0.811s] -- Up-to-date: /home/jason/ros2_ws/install/gazebo_ros_link_attacher/include/gazebo_ros_link_attacher/gazebo_ros_link_attacher/srv/detail
[0.811s] -- Up-to-date: /home/jason/ros2_ws/install/gazebo_ros_link_attacher/include/gazebo_ros_link_attacher/gazebo_ros_link_attacher/srv/detail/attach__type_support.cpp
[0.811s] -- Up-to-date: /home/jason/ros2_ws/install/gazebo_ros_link_attacher/include/gazebo_ros_link_attacher/gazebo_ros_link_attacher/srv/detail/attach__rosidl_typesupport_introspection_cpp.hpp
[0.811s] -- Up-to-date: /home/jason/ros2_ws/install/gazebo_ros_link_attacher/lib/libgazebo_ros_link_attacher__rosidl_typesupport_introspection_cpp.so
[0.811s] -- Up-to-date: /home/jason/ros2_ws/install/gazebo_ros_link_attacher/lib/libgazebo_ros_link_attacher__rosidl_typesupport_cpp.so
[0.812s] -- Up-to-date: /home/jason/ros2_ws/install/gazebo_ros_link_attacher/share/gazebo_ros_link_attacher/environment/pythonpath.sh
[0.812s] -- Up-to-date: /home/jason/ros2_ws/install/gazebo_ros_link_attacher/share/gazebo_ros_link_attacher/environment/pythonpath.dsv
[0.812s] -- Up-to-date: /home/jason/ros2_ws/install/gazebo_ros_link_attacher/local/lib/python3.10/dist-packages/gazebo_ros_link_attacher-0.0.0-py3.10.egg-info
[0.813s] -- Installing: /home/jason/ros2_ws/install/gazebo_ros_link_attacher/local/lib/python3.10/dist-packages/gazebo_ros_link_attacher-0.0.0-py3.10.egg-info/SOURCES.txt
[0.813s] -- Installing: /home/jason/ros2_ws/install/gazebo_ros_link_attacher/local/lib/python3.10/dist-packages/gazebo_ros_link_attacher-0.0.0-py3.10.egg-info/PKG-INFO
[0.813s] -- Installing: /home/jason/ros2_ws/install/gazebo_ros_link_attacher/local/lib/python3.10/dist-packages/gazebo_ros_link_attacher-0.0.0-py3.10.egg-info/dependency_links.txt
[0.813s] -- Installing: /home/jason/ros2_ws/install/gazebo_ros_link_attacher/local/lib/python3.10/dist-packages/gazebo_ros_link_attacher-0.0.0-py3.10.egg-info/top_level.txt
[0.813s] -- Up-to-date: /home/jason/ros2_ws/install/gazebo_ros_link_attacher/local/lib/python3.10/dist-packages/gazebo_ros_link_attacher
[0.813s] -- Up-to-date: /home/jason/ros2_ws/install/gazebo_ros_link_attacher/local/lib/python3.10/dist-packages/gazebo_ros_link_attacher/_gazebo_ros_link_attacher_s.ep.rosidl_typesupport_introspection_c.c
[0.813s] -- Up-to-date: /home/jason/ros2_ws/install/gazebo_ros_link_attacher/local/lib/python3.10/dist-packages/gazebo_ros_link_attacher/_gazebo_ros_link_attacher_s.ep.rosidl_typesupport_c.c
[0.813s] -- Up-to-date: /home/jason/ros2_ws/install/gazebo_ros_link_attacher/local/lib/python3.10/dist-packages/gazebo_ros_link_attacher/srv
[0.813s] -- Up-to-date: /home/jason/ros2_ws/install/gazebo_ros_link_attacher/local/lib/python3.10/dist-packages/gazebo_ros_link_attacher/srv/_attach_s.c
[0.814s] -- Up-to-date: /home/jason/ros2_ws/install/gazebo_ros_link_attacher/local/lib/python3.10/dist-packages/gazebo_ros_link_attacher/srv/__init__.py
[0.814s] -- Up-to-date: /home/jason/ros2_ws/install/gazebo_ros_link_attacher/local/lib/python3.10/dist-packages/gazebo_ros_link_attacher/srv/_attach.py
[0.814s] -- Up-to-date: /home/jason/ros2_ws/install/gazebo_ros_link_attacher/local/lib/python3.10/dist-packages/gazebo_ros_link_attacher/gazebo_ros_link_attacher_s__rosidl_typesupport_introspection_c.cpython-310-x86_64-linux-gnu.so
[0.814s] -- Up-to-date: /home/jason/ros2_ws/install/gazebo_ros_link_attacher/local/lib/python3.10/dist-packages/gazebo_ros_link_attacher/__init__.py
[0.814s] -- Up-to-date: /home/jason/ros2_ws/install/gazebo_ros_link_attacher/local/lib/python3.10/dist-packages/gazebo_ros_link_attacher/gazebo_ros_link_attacher_s__rosidl_typesupport_c.cpython-310-x86_64-linux-gnu.so
[0.814s] -- Up-to-date: /home/jason/ros2_ws/install/gazebo_ros_link_attacher/local/lib/python3.10/dist-packages/gazebo_ros_link_attacher/_gazebo_ros_link_attacher_s.ep.rosidl_typesupport_fastrtps_c.c
[0.814s] -- Up-to-date: /home/jason/ros2_ws/install/gazebo_ros_link_attacher/local/lib/python3.10/dist-packages/gazebo_ros_link_attacher/libgazebo_ros_link_attacher__rosidl_generator_py.so
[0.814s] -- Up-to-date: /home/jason/ros2_ws/install/gazebo_ros_link_attacher/local/lib/python3.10/dist-packages/gazebo_ros_link_attacher/gazebo_ros_link_attacher_s__rosidl_typesupport_fastrtps_c.cpython-310-x86_64-linux-gnu.so
[0.853s] Listing '/home/jason/ros2_ws/install/gazebo_ros_link_attacher/local/lib/python3.10/dist-packages/gazebo_ros_link_attacher'...
[0.854s] Listing '/home/jason/ros2_ws/install/gazebo_ros_link_attacher/local/lib/python3.10/dist-packages/gazebo_ros_link_attacher/srv'...
[0.857s] -- Up-to-date: /home/jason/ros2_ws/install/gazebo_ros_link_attacher/local/lib/python3.10/dist-packages/gazebo_ros_link_attacher/gazebo_ros_link_attacher_s__rosidl_typesupport_fastrtps_c.cpython-310-x86_64-linux-gnu.so
[0.858s] -- Up-to-date: /home/jason/ros2_ws/install/gazebo_ros_link_attacher/local/lib/python3.10/dist-packages/gazebo_ros_link_attacher/gazebo_ros_link_attacher_s__rosidl_typesupport_introspection_c.cpython-310-x86_64-linux-gnu.so
[0.859s] -- Up-to-date: /home/jason/ros2_ws/install/gazebo_ros_link_attacher/local/lib/python3.10/dist-packages/gazebo_ros_link_attacher/gazebo_ros_link_attacher_s__rosidl_typesupport_c.cpython-310-x86_64-linux-gnu.so
[0.861s] -- Up-to-date: /home/jason/ros2_ws/install/gazebo_ros_link_attacher/lib/libgazebo_ros_link_attacher__rosidl_generator_py.so
[0.861s] -- Up-to-date: /home/jason/ros2_ws/install/gazebo_ros_link_attacher/share/gazebo_ros_link_attacher/srv/Attach.idl
[0.861s] -- Up-to-date: /home/jason/ros2_ws/install/gazebo_ros_link_attacher/share/gazebo_ros_link_attacher/srv/Attach.srv
[0.861s] -- Up-to-date: /home/jason/ros2_ws/install/gazebo_ros_link_attacher/share/gazebo_ros_link_attacher/srv/Attach_Request.msg
[0.861s] -- Up-to-date: /home/jason/ros2_ws/install/gazebo_ros_link_attacher/share/gazebo_ros_link_attacher/srv/Attach_Response.msg
[0.861s] -- Up-to-date: /home/jason/ros2_ws/install/gazebo_ros_link_attacher/lib/libgazebo_ros_link_attacher_plugin.so
[0.861s] -- Up-to-date: /home/jason/ros2_ws/install/gazebo_ros_link_attacher/lib/gazebo_ros_link_attacher/demo.py
[0.862s] -- Up-to-date: /home/jason/ros2_ws/install/gazebo_ros_link_attacher/lib/gazebo_ros_link_attacher/demo_multiple.py
[0.862s] -- Up-to-date: /home/jason/ros2_ws/install/gazebo_ros_link_attacher/lib/gazebo_ros_link_attacher/spawn_models.py
[0.862s] -- Up-to-date: /home/jason/ros2_ws/install/gazebo_ros_link_attacher/lib/gazebo_ros_link_attacher/attach.py
[0.862s] -- Up-to-date: /home/jason/ros2_ws/install/gazebo_ros_link_attacher/lib/gazebo_ros_link_attacher/detach.py
[0.863s] -- Up-to-date: /home/jason/ros2_ws/install/gazebo_ros_link_attacher/share/gazebo_ros_link_attacher/launch
[0.863s] -- Up-to-date: /home/jason/ros2_ws/install/gazebo_ros_link_attacher/share/gazebo_ros_link_attacher/launch/test_attacher.py
[0.863s] -- Up-to-date: /home/jason/ros2_ws/install/gazebo_ros_link_attacher/share/gazebo_ros_link_attacher/worlds
[0.863s] -- Up-to-date: /home/jason/ros2_ws/install/gazebo_ros_link_attacher/share/gazebo_ros_link_attacher/worlds/test_attacher.world
[0.864s] -- Up-to-date: /home/jason/ros2_ws/install/gazebo_ros_link_attacher/share/ament_index/resource_index/package_run_dependencies/gazebo_ros_link_attacher
[0.864s] -- Up-to-date: /home/jason/ros2_ws/install/gazebo_ros_link_attacher/share/ament_index/resource_index/parent_prefix_path/gazebo_ros_link_attacher
[0.864s] -- Up-to-date: /home/jason/ros2_ws/install/gazebo_ros_link_attacher/share/gazebo_ros_link_attacher/environment/ament_prefix_path.sh
[0.864s] -- Up-to-date: /home/jason/ros2_ws/install/gazebo_ros_link_attacher/share/gazebo_ros_link_attacher/environment/ament_prefix_path.dsv
[0.864s] -- Up-to-date: /home/jason/ros2_ws/install/gazebo_ros_link_attacher/share/gazebo_ros_link_attacher/environment/path.sh
[0.865s] -- Up-to-date: /home/jason/ros2_ws/install/gazebo_ros_link_attacher/share/gazebo_ros_link_attacher/environment/path.dsv
[0.865s] -- Up-to-date: /home/jason/ros2_ws/install/gazebo_ros_link_attacher/share/gazebo_ros_link_attacher/local_setup.bash
[0.865s] -- Up-to-date: /home/jason/ros2_ws/install/gazebo_ros_link_attacher/share/gazebo_ros_link_attacher/local_setup.sh
[0.865s] -- Up-to-date: /home/jason/ros2_ws/install/gazebo_ros_link_attacher/share/gazebo_ros_link_attacher/local_setup.zsh
[0.865s] -- Up-to-date: /home/jason/ros2_ws/install/gazebo_ros_link_attacher/share/gazebo_ros_link_attacher/local_setup.dsv
[0.865s] -- Installing: /home/jason/ros2_ws/install/gazebo_ros_link_attacher/share/gazebo_ros_link_attacher/package.dsv
[0.866s] -- Up-to-date: /home/jason/ros2_ws/install/gazebo_ros_link_attacher/share/ament_index/resource_index/packages/gazebo_ros_link_attacher
[0.867s] -- Up-to-date: /home/jason/ros2_ws/install/gazebo_ros_link_attacher/share/gazebo_ros_link_attacher/cmake/export_gazebo_ros_link_attacher__rosidl_generator_cExport.cmake
[0.867s] -- Up-to-date: /home/jason/ros2_ws/install/gazebo_ros_link_attacher/share/gazebo_ros_link_attacher/cmake/export_gazebo_ros_link_attacher__rosidl_generator_cExport-noconfig.cmake
[0.868s] -- Up-to-date: /home/jason/ros2_ws/install/gazebo_ros_link_attacher/share/gazebo_ros_link_attacher/cmake/export_gazebo_ros_link_attacher__rosidl_typesupport_fastrtps_cExport.cmake
[0.868s] -- Up-to-date: /home/jason/ros2_ws/install/gazebo_ros_link_attacher/share/gazebo_ros_link_attacher/cmake/export_gazebo_ros_link_attacher__rosidl_typesupport_fastrtps_cExport-noconfig.cmake
[0.868s] -- Up-to-date: /home/jason/ros2_ws/install/gazebo_ros_link_attacher/share/gazebo_ros_link_attacher/cmake/export_gazebo_ros_link_attacher__rosidl_generator_cppExport.cmake
[0.869s] -- Up-to-date: /home/jason/ros2_ws/install/gazebo_ros_link_attacher/share/gazebo_ros_link_attacher/cmake/export_gazebo_ros_link_attacher__rosidl_typesupport_fastrtps_cppExport.cmake
[0.869s] -- Up-to-date: /home/jason/ros2_ws/install/gazebo_ros_link_attacher/share/gazebo_ros_link_attacher/cmake/export_gazebo_ros_link_attacher__rosidl_typesupport_fastrtps_cppExport-noconfig.cmake
[0.871s] -- Up-to-date: /home/jason/ros2_ws/install/gazebo_ros_link_attacher/share/gazebo_ros_link_attacher/cmake/gazebo_ros_link_attacher__rosidl_typesupport_introspection_cExport.cmake
[0.872s] -- Up-to-date: /home/jason/ros2_ws/install/gazebo_ros_link_attacher/share/gazebo_ros_link_attacher/cmake/gazebo_ros_link_attacher__rosidl_typesupport_introspection_cExport-noconfig.cmake
[0.872s] -- Up-to-date: /home/jason/ros2_ws/install/gazebo_ros_link_attacher/share/gazebo_ros_link_attacher/cmake/gazebo_ros_link_attacher__rosidl_typesupport_cExport.cmake
[0.872s] -- Up-to-date: /home/jason/ros2_ws/install/gazebo_ros_link_attacher/share/gazebo_ros_link_attacher/cmake/gazebo_ros_link_attacher__rosidl_typesupport_cExport-noconfig.cmake
[0.874s] -- Up-to-date: /home/jason/ros2_ws/install/gazebo_ros_link_attacher/share/gazebo_ros_link_attacher/cmake/gazebo_ros_link_attacher__rosidl_typesupport_introspection_cppExport.cmake
[0.874s] -- Up-to-date: /home/jason/ros2_ws/install/gazebo_ros_link_attacher/share/gazebo_ros_link_attacher/cmake/gazebo_ros_link_attacher__rosidl_typesupport_introspection_cppExport-noconfig.cmake
[0.874s] -- Up-to-date: /home/jason/ros2_ws/install/gazebo_ros_link_attacher/share/gazebo_ros_link_attacher/cmake/gazebo_ros_link_attacher__rosidl_typesupport_cppExport.cmake
[0.874s] -- Up-to-date: /home/jason/ros2_ws/install/gazebo_ros_link_attacher/share/gazebo_ros_link_attacher/cmake/gazebo_ros_link_attacher__rosidl_typesupport_cppExport-noconfig.cmake
[0.875s] -- Up-to-date: /home/jason/ros2_ws/install/gazebo_ros_link_attacher/share/gazebo_ros_link_attacher/cmake/export_gazebo_ros_link_attacher__rosidl_generator_pyExport.cmake
[0.876s] -- Up-to-date: /home/jason/ros2_ws/install/gazebo_ros_link_attacher/share/gazebo_ros_link_attacher/cmake/export_gazebo_ros_link_attacher__rosidl_generator_pyExport-noconfig.cmake
[0.876s] -- Up-to-date: /home/jason/ros2_ws/install/gazebo_ros_link_attacher/share/gazebo_ros_link_attacher/cmake/rosidl_cmake-extras.cmake
[0.876s] -- Up-to-date: /home/jason/ros2_ws/install/gazebo_ros_link_attacher/share/gazebo_ros_link_attacher/cmake/ament_cmake_export_dependencies-extras.cmake
[0.877s] -- Up-to-date: /home/jason/ros2_ws/install/gazebo_ros_link_attacher/share/gazebo_ros_link_attacher/cmake/ament_cmake_export_include_directories-extras.cmake
[0.877s] -- Up-to-date: /home/jason/ros2_ws/install/gazebo_ros_link_attacher/share/gazebo_ros_link_attacher/cmake/ament_cmake_export_libraries-extras.cmake
[0.877s] -- Up-to-date: /home/jason/ros2_ws/install/gazebo_ros_link_attacher/share/gazebo_ros_link_attacher/cmake/ament_cmake_export_targets-extras.cmake
[0.877s] -- Up-to-date: /home/jason/ros2_ws/install/gazebo_ros_link_attacher/share/gazebo_ros_link_attacher/cmake/rosidl_cmake_export_typesupport_targets-extras.cmake
[0.878s] -- Up-to-date: /home/jason/ros2_ws/install/gazebo_ros_link_attacher/share/gazebo_ros_link_attacher/cmake/rosidl_cmake_export_typesupport_libraries-extras.cmake
[0.878s] -- Up-to-date: /home/jason/ros2_ws/install/gazebo_ros_link_attacher/share/gazebo_ros_link_attacher/cmake/gazebo_ros_link_attacherConfig.cmake
[0.878s] -- Up-to-date: /home/jason/ros2_ws/install/gazebo_ros_link_attacher/share/gazebo_ros_link_attacher/cmake/gazebo_ros_link_attacherConfig-version.cmake
[0.878s] -- Up-to-date: /home/jason/ros2_ws/install/gazebo_ros_link_attacher/share/gazebo_ros_link_attacher/package.xml
[0.881s] Invoked command in '/home/jason/ros2_ws/build/gazebo_ros_link_attacher' returned '0': CMAKE_PREFIX_PATH=/home/jason/ros2_ws/install/ros2_aruco_interfaces:/home/jason/ros2_ws/install/ros2_aruco:/home/jason/ros2_ws/install/mbot_teleop:/home/jason/ros2_ws/install/mbot_gazebo:/opt/ros/humble:/home/jason/ros2_ws/install/realsense_gazebo_plugin:/home/jason/ros2_ws/install/realsense2_description:/home/jason/ros2_ws/install/realsense2_camera_msgs:/home/jason/ros2_ws/install/gazebo_ros_link_attacher /usr/bin/cmake --install /home/jason/ros2_ws/build/gazebo_ros_link_attacher
