[1.687s] Invoking command in '/home/yahboom/S25_RobotProgramming_Ardent/aruco_final_project/src/webcam': PYTHONPATH=/home/yahboom/S25_RobotProgramming_Ardent/aruco_final_project/build/webcam/prefix_override:/home/yahboom/S25_RobotProgramming_Ardent/aruco_final_project/install/webcam/lib/python3.8/site-packages:${PYTHONPATH} /usr/bin/python3 setup.py egg_info --egg-base ../../build/webcam build --build-base /home/yahboom/S25_RobotProgramming_Ardent/aruco_final_project/build/webcam/build install --record /home/yahboom/S25_RobotProgramming_Ardent/aruco_final_project/build/webcam/install.log --install-scripts $base/lib/webcam --single-version-externally-managed
[2.056s] running egg_info
[2.056s] writing ../../build/webcam/webcam.egg-info/PKG-INFO
[2.056s] writing dependency_links to ../../build/webcam/webcam.egg-info/dependency_links.txt
[2.057s] writing entry points to ../../build/webcam/webcam.egg-info/entry_points.txt
[2.057s] writing requirements to ../../build/webcam/webcam.egg-info/requires.txt
[2.057s] writing top-level names to ../../build/webcam/webcam.egg-info/top_level.txt
[2.121s] reading manifest file '../../build/webcam/webcam.egg-info/SOURCES.txt'
[2.123s] writing manifest file '../../build/webcam/webcam.egg-info/SOURCES.txt'
[2.124s] running build
[2.124s] running build_py
[2.124s] running install
[2.125s] running install_lib
[2.129s] running install_data
[2.132s] running install_egg_info
[2.136s] removing '/home/yahboom/S25_RobotProgramming_Ardent/aruco_final_project/install/webcam/lib/python3.8/site-packages/webcam-0.0.0-py3.8.egg-info' (and everything under it)
[2.136s] Copying ../../build/webcam/webcam.egg-info to /home/yahboom/S25_RobotProgramming_Ardent/aruco_final_project/install/webcam/lib/python3.8/site-packages/webcam-0.0.0-py3.8.egg-info
[2.136s] running install_scripts
[2.168s] Installing webcam_pub script to /home/yahboom/S25_RobotProgramming_Ardent/aruco_final_project/install/webcam/lib/webcam
[2.169s] Installing webcam_sub script to /home/yahboom/S25_RobotProgramming_Ardent/aruco_final_project/install/webcam/lib/webcam
[2.169s] writing list of installed files to '/home/yahboom/S25_RobotProgramming_Ardent/aruco_final_project/build/webcam/install.log'
[2.217s] Invoked command in '/home/yahboom/S25_RobotProgramming_Ardent/aruco_final_project/src/webcam' returned '0': PYTHONPATH=/home/yahboom/S25_RobotProgramming_Ardent/aruco_final_project/build/webcam/prefix_override:/home/yahboom/S25_RobotProgramming_Ardent/aruco_final_project/install/webcam/lib/python3.8/site-packages:${PYTHONPATH} /usr/bin/python3 setup.py egg_info --egg-base ../../build/webcam build --build-base /home/yahboom/S25_RobotProgramming_Ardent/aruco_final_project/build/webcam/build install --record /home/yahboom/S25_RobotProgramming_Ardent/aruco_final_project/build/webcam/install.log --install-scripts $base/lib/webcam --single-version-externally-managed
