running egg_info
writing ../../build/mbot_teleop/mbot_teleop.egg-info/PKG-INFO
writing dependency_links to ../../build/mbot_teleop/mbot_teleop.egg-info/dependency_links.txt
writing entry points to ../../build/mbot_teleop/mbot_teleop.egg-info/entry_points.txt
writing requirements to ../../build/mbot_teleop/mbot_teleop.egg-info/requires.txt
writing top-level names to ../../build/mbot_teleop/mbot_teleop.egg-info/top_level.txt
package init file 'mbot_teleop/__init__.py' not found (or not a regular file)
reading manifest file '../../build/mbot_teleop/mbot_teleop.egg-info/SOURCES.txt'
writing manifest file '../../build/mbot_teleop/mbot_teleop.egg-info/SOURCES.txt'
running build
running build_py
running install
running install_lib
running install_data
running install_egg_info
removing '/home/jason/ros2_ws/install/mbot_teleop/lib/python3.10/site-packages/mbot_teleop-0.0.0-py3.10.egg-info' (and everything under it)
Copying ../../build/mbot_teleop/mbot_teleop.egg-info to /home/jason/ros2_ws/install/mbot_teleop/lib/python3.10/site-packages/mbot_teleop-0.0.0-py3.10.egg-info
running install_scripts
Installing mbot_teleop script to /home/jason/ros2_ws/install/mbot_teleop/lib/mbot_teleop
writing list of installed files to '/home/jason/ros2_ws/build/mbot_teleop/install.log'
