[1.380s] Invoking command in '/home/jason/ros2_ws/src/mbot_teleop': PYTHONPATH=/home/jason/ros2_ws/build/mbot_teleop/prefix_override:/usr/lib/python3/dist-packages/colcon_core/task/python/colcon_distutils_commands:/home/jason/ros2_ws/install/mbot_teleop/lib/python3.10/site-packages:${PYTHONPATH} /usr/bin/python3 -W ignore:setup.py install is deprecated -W ignore:easy_install command is deprecated setup.py egg_info --egg-base ../../build/mbot_teleop build --build-base /home/jason/ros2_ws/build/mbot_teleop/build install --record /home/jason/ros2_ws/build/mbot_teleop/install.log --single-version-externally-managed install_data
[1.842s] running egg_info
[1.842s] writing ../../build/mbot_teleop/mbot_teleop.egg-info/PKG-INFO
[1.846s] writing dependency_links to ../../build/mbot_teleop/mbot_teleop.egg-info/dependency_links.txt
[1.846s] writing entry points to ../../build/mbot_teleop/mbot_teleop.egg-info/entry_points.txt
[1.846s] writing requirements to ../../build/mbot_teleop/mbot_teleop.egg-info/requires.txt
[1.846s] writing top-level names to ../../build/mbot_teleop/mbot_teleop.egg-info/top_level.txt
[1.851s] package init file 'mbot_teleop/__init__.py' not found (or not a regular file)
[1.851s] reading manifest file '../../build/mbot_teleop/mbot_teleop.egg-info/SOURCES.txt'
[1.855s] writing manifest file '../../build/mbot_teleop/mbot_teleop.egg-info/SOURCES.txt'
[1.855s] running build
[1.855s] running build_py
[1.855s] running install
[1.855s] running install_lib
[1.856s] running install_data
[1.857s] running install_egg_info
[1.871s] removing '/home/jason/ros2_ws/install/mbot_teleop/lib/python3.10/site-packages/mbot_teleop-0.0.0-py3.10.egg-info' (and everything under it)
[1.871s] Copying ../../build/mbot_teleop/mbot_teleop.egg-info to /home/jason/ros2_ws/install/mbot_teleop/lib/python3.10/site-packages/mbot_teleop-0.0.0-py3.10.egg-info
[1.871s] running install_scripts
[1.891s] Installing mbot_teleop script to /home/jason/ros2_ws/install/mbot_teleop/lib/mbot_teleop
[1.895s] writing list of installed files to '/home/jason/ros2_ws/build/mbot_teleop/install.log'
[1.950s] Invoked command in '/home/jason/ros2_ws/src/mbot_teleop' returned '0': PYTHONPATH=/home/jason/ros2_ws/build/mbot_teleop/prefix_override:/usr/lib/python3/dist-packages/colcon_core/task/python/colcon_distutils_commands:/home/jason/ros2_ws/install/mbot_teleop/lib/python3.10/site-packages:${PYTHONPATH} /usr/bin/python3 -W ignore:setup.py install is deprecated -W ignore:easy_install command is deprecated setup.py egg_info --egg-base ../../build/mbot_teleop build --build-base /home/jason/ros2_ws/build/mbot_teleop/build install --record /home/jason/ros2_ws/build/mbot_teleop/install.log --single-version-externally-managed install_data
