/home/jason/ros2_ws/install/mbot_gazebo/lib/python3.10/site-packages/mbot_gazebo/__init__.py
/home/jason/ros2_ws/install/mbot_gazebo/lib/python3.10/site-packages/mbot_gazebo/__pycache__/__init__.cpython-310.pyc
/home/jason/ros2_ws/install/mbot_gazebo/share/ament_index/resource_index/packages/mbot_gazebo
/home/jason/ros2_ws/install/mbot_gazebo/share/mbot_gazebo/package.xml
/home/jason/ros2_ws/install/mbot_gazebo/share/mbot_gazebo/launch/mbot.launch.py
/home/jason/ros2_ws/install/mbot_gazebo/share/mbot_gazebo/launch/sim_bringup.launch.py
/home/jason/ros2_ws/install/mbot_gazebo/share/mbot_gazebo/urdf/mbot_gazebo.xacro
/home/jason/ros2_ws/install/mbot_gazebo/share/mbot_gazebo/urdf/mbot_base_gazebo.xacro
/home/jason/ros2_ws/install/mbot_gazebo/share/mbot_gazebo/meshes/kinect.tga
/home/jason/ros2_ws/install/mbot_gazebo/share/mbot_gazebo/meshes/kinect.dae
/home/jason/ros2_ws/install/mbot_gazebo/share/mbot_gazebo/meshes/kinect.jpg
/home/jason/ros2_ws/install/mbot_gazebo/share/mbot_gazebo/urdf/sensors
/home/jason/ros2_ws/install/mbot_gazebo/share/mbot_gazebo/worlds/empty.world
/home/jason/ros2_ws/install/mbot_gazebo/share/mbot_gazebo/rviz/urdf_gazebo_config.rviz
/home/jason/ros2_ws/install/mbot_gazebo/lib/python3.10/site-packages/mbot_gazebo-0.0.0-py3.10.egg-info/zip-safe
/home/jason/ros2_ws/install/mbot_gazebo/lib/python3.10/site-packages/mbot_gazebo-0.0.0-py3.10.egg-info/SOURCES.txt
/home/jason/ros2_ws/install/mbot_gazebo/lib/python3.10/site-packages/mbot_gazebo-0.0.0-py3.10.egg-info/PKG-INFO
/home/jason/ros2_ws/install/mbot_gazebo/lib/python3.10/site-packages/mbot_gazebo-0.0.0-py3.10.egg-info/dependency_links.txt
/home/jason/ros2_ws/install/mbot_gazebo/lib/python3.10/site-packages/mbot_gazebo-0.0.0-py3.10.egg-info/requires.txt
/home/jason/ros2_ws/install/mbot_gazebo/lib/python3.10/site-packages/mbot_gazebo-0.0.0-py3.10.egg-info/entry_points.txt
/home/jason/ros2_ws/install/mbot_gazebo/lib/python3.10/site-packages/mbot_gazebo-0.0.0-py3.10.egg-info/top_level.txt
