[0.005s] Invoking command in '/home/jason/ros2_ws/build/ros2_aruco_interfaces': CMAKE_PREFIX_PATH=/home/jason/ros2_ws/install/ros2_aruco_interfaces:/home/jason/ros2_ws/install/ros2_aruco:/home/jason/ros2_ws/install/mbot_teleop:/home/jason/ros2_ws/install/mbot_gazebo:/opt/ros/humble:/home/jason/ros2_ws/install/realsense_gazebo_plugin:/home/jason/ros2_ws/install/realsense2_description:/home/jason/ros2_ws/install/realsense2_camera_msgs:/home/jason/ros2_ws/install/gazebo_ros_link_attacher /usr/bin/cmake --build /home/jason/ros2_ws/build/ros2_aruco_interfaces -- -j4 -l4
[0.093s] [  3%] Built target ros2_aruco_interfaces__cpp
[0.095s] [  3%] Built target ament_cmake_python_copy_ros2_aruco_interfaces
[0.100s] [ 12%] Built target ros2_aruco_interfaces__rosidl_generator_c
[0.144s] [ 22%] Built target ros2_aruco_interfaces__rosidl_typesupport_fastrtps_cpp
[0.148s] [ 32%] Built target ros2_aruco_interfaces__rosidl_typesupport_cpp
[0.152s] [ 41%] Built target ros2_aruco_interfaces__rosidl_typesupport_introspection_cpp
[0.203s] [ 51%] Built target ros2_aruco_interfaces__rosidl_typesupport_introspection_c
[0.204s] [ 61%] Built target ros2_aruco_interfaces__rosidl_typesupport_fastrtps_c
[0.207s] [ 70%] Built target ros2_aruco_interfaces__rosidl_typesupport_c
[0.258s] [ 70%] Built target ros2_aruco_interfaces
[0.300s] [ 74%] Built target ros2_aruco_interfaces__py
[0.331s] [ 80%] Built target ros2_aruco_interfaces__rosidl_generator_py
[0.381s] [ 87%] Built target ros2_aruco_interfaces__rosidl_typesupport_fastrtps_c__pyext
[0.384s] [ 93%] Built target ros2_aruco_interfaces__rosidl_typesupport_introspection_c__pyext
[0.387s] [100%] Built target ros2_aruco_interfaces__rosidl_typesupport_c__pyext
[0.445s] running egg_info
[0.445s] writing ros2_aruco_interfaces.egg-info/PKG-INFO
[0.446s] writing dependency_links to ros2_aruco_interfaces.egg-info/dependency_links.txt
[0.446s] writing top-level names to ros2_aruco_interfaces.egg-info/top_level.txt
[0.448s] reading manifest file 'ros2_aruco_interfaces.egg-info/SOURCES.txt'
[0.449s] writing manifest file 'ros2_aruco_interfaces.egg-info/SOURCES.txt'
[0.484s] [100%] Built target ament_cmake_python_build_ros2_aruco_interfaces_egg
[0.498s] Invoked command in '/home/jason/ros2_ws/build/ros2_aruco_interfaces' returned '0': CMAKE_PREFIX_PATH=/home/jason/ros2_ws/install/ros2_aruco_interfaces:/home/jason/ros2_ws/install/ros2_aruco:/home/jason/ros2_ws/install/mbot_teleop:/home/jason/ros2_ws/install/mbot_gazebo:/opt/ros/humble:/home/jason/ros2_ws/install/realsense_gazebo_plugin:/home/jason/ros2_ws/install/realsense2_description:/home/jason/ros2_ws/install/realsense2_camera_msgs:/home/jason/ros2_ws/install/gazebo_ros_link_attacher /usr/bin/cmake --build /home/jason/ros2_ws/build/ros2_aruco_interfaces -- -j4 -l4
[0.500s] Invoking command in '/home/jason/ros2_ws/build/ros2_aruco_interfaces': CMAKE_PREFIX_PATH=/home/jason/ros2_ws/install/ros2_aruco_interfaces:/home/jason/ros2_ws/install/ros2_aruco:/home/jason/ros2_ws/install/mbot_teleop:/home/jason/ros2_ws/install/mbot_gazebo:/opt/ros/humble:/home/jason/ros2_ws/install/realsense_gazebo_plugin:/home/jason/ros2_ws/install/realsense2_description:/home/jason/ros2_ws/install/realsense2_camera_msgs:/home/jason/ros2_ws/install/gazebo_ros_link_attacher /usr/bin/cmake --install /home/jason/ros2_ws/build/ros2_aruco_interfaces
[0.508s] -- Install configuration: ""
[0.508s] -- Up-to-date: /home/jason/ros2_ws/install/ros2_aruco_interfaces/share/ament_index/resource_index/rosidl_interfaces/ros2_aruco_interfaces
[0.509s] -- Up-to-date: /home/jason/ros2_ws/install/ros2_aruco_interfaces/include/ros2_aruco_interfaces/ros2_aruco_interfaces
[0.509s] -- Up-to-date: /home/jason/ros2_ws/install/ros2_aruco_interfaces/include/ros2_aruco_interfaces/ros2_aruco_interfaces/msg
[0.509s] -- Up-to-date: /home/jason/ros2_ws/install/ros2_aruco_interfaces/include/ros2_aruco_interfaces/ros2_aruco_interfaces/msg/rosidl_generator_c__visibility_control.h
[0.509s] -- Up-to-date: /home/jason/ros2_ws/install/ros2_aruco_interfaces/include/ros2_aruco_interfaces/ros2_aruco_interfaces/msg/detail
[0.509s] -- Up-to-date: /home/jason/ros2_ws/install/ros2_aruco_interfaces/include/ros2_aruco_interfaces/ros2_aruco_interfaces/msg/detail/aruco_markers__functions.h
[0.509s] -- Up-to-date: /home/jason/ros2_ws/install/ros2_aruco_interfaces/include/ros2_aruco_interfaces/ros2_aruco_interfaces/msg/detail/aruco_markers__functions.c
[0.509s] -- Up-to-date: /home/jason/ros2_ws/install/ros2_aruco_interfaces/include/ros2_aruco_interfaces/ros2_aruco_interfaces/msg/detail/aruco_markers__struct.h
[0.509s] -- Up-to-date: /home/jason/ros2_ws/install/ros2_aruco_interfaces/include/ros2_aruco_interfaces/ros2_aruco_interfaces/msg/detail/aruco_markers__type_support.h
[0.509s] -- Up-to-date: /home/jason/ros2_ws/install/ros2_aruco_interfaces/include/ros2_aruco_interfaces/ros2_aruco_interfaces/msg/aruco_markers.h
[0.509s] -- Up-to-date: /home/jason/ros2_ws/install/ros2_aruco_interfaces/share/ros2_aruco_interfaces/environment/library_path.sh
[0.509s] -- Up-to-date: /home/jason/ros2_ws/install/ros2_aruco_interfaces/share/ros2_aruco_interfaces/environment/library_path.dsv
[0.509s] -- Up-to-date: /home/jason/ros2_ws/install/ros2_aruco_interfaces/lib/libros2_aruco_interfaces__rosidl_generator_c.so
[0.509s] -- Up-to-date: /home/jason/ros2_ws/install/ros2_aruco_interfaces/include/ros2_aruco_interfaces/ros2_aruco_interfaces
[0.509s] -- Up-to-date: /home/jason/ros2_ws/install/ros2_aruco_interfaces/include/ros2_aruco_interfaces/ros2_aruco_interfaces/msg
[0.509s] -- Up-to-date: /home/jason/ros2_ws/install/ros2_aruco_interfaces/include/ros2_aruco_interfaces/ros2_aruco_interfaces/msg/detail
[0.509s] -- Up-to-date: /home/jason/ros2_ws/install/ros2_aruco_interfaces/include/ros2_aruco_interfaces/ros2_aruco_interfaces/msg/detail/aruco_markers__rosidl_typesupport_fastrtps_c.h
[0.509s] -- Up-to-date: /home/jason/ros2_ws/install/ros2_aruco_interfaces/include/ros2_aruco_interfaces/ros2_aruco_interfaces/msg/rosidl_typesupport_fastrtps_c__visibility_control.h
[0.510s] -- Up-to-date: /home/jason/ros2_ws/install/ros2_aruco_interfaces/lib/libros2_aruco_interfaces__rosidl_typesupport_fastrtps_c.so
[0.510s] -- Up-to-date: /home/jason/ros2_ws/install/ros2_aruco_interfaces/include/ros2_aruco_interfaces/ros2_aruco_interfaces
[0.510s] -- Up-to-date: /home/jason/ros2_ws/install/ros2_aruco_interfaces/include/ros2_aruco_interfaces/ros2_aruco_interfaces/msg
[0.510s] -- Up-to-date: /home/jason/ros2_ws/install/ros2_aruco_interfaces/include/ros2_aruco_interfaces/ros2_aruco_interfaces/msg/aruco_markers.hpp
[0.510s] -- Up-to-date: /home/jason/ros2_ws/install/ros2_aruco_interfaces/include/ros2_aruco_interfaces/ros2_aruco_interfaces/msg/detail
[0.510s] -- Up-to-date: /home/jason/ros2_ws/install/ros2_aruco_interfaces/include/ros2_aruco_interfaces/ros2_aruco_interfaces/msg/detail/aruco_markers__type_support.hpp
[0.510s] -- Up-to-date: /home/jason/ros2_ws/install/ros2_aruco_interfaces/include/ros2_aruco_interfaces/ros2_aruco_interfaces/msg/detail/aruco_markers__struct.hpp
[0.510s] -- Up-to-date: /home/jason/ros2_ws/install/ros2_aruco_interfaces/include/ros2_aruco_interfaces/ros2_aruco_interfaces/msg/detail/aruco_markers__traits.hpp
[0.510s] -- Up-to-date: /home/jason/ros2_ws/install/ros2_aruco_interfaces/include/ros2_aruco_interfaces/ros2_aruco_interfaces/msg/detail/aruco_markers__builder.hpp
[0.510s] -- Up-to-date: /home/jason/ros2_ws/install/ros2_aruco_interfaces/include/ros2_aruco_interfaces/ros2_aruco_interfaces/msg/rosidl_generator_cpp__visibility_control.hpp
[0.510s] -- Up-to-date: /home/jason/ros2_ws/install/ros2_aruco_interfaces/include/ros2_aruco_interfaces/ros2_aruco_interfaces
[0.510s] -- Up-to-date: /home/jason/ros2_ws/install/ros2_aruco_interfaces/include/ros2_aruco_interfaces/ros2_aruco_interfaces/msg
[0.510s] -- Up-to-date: /home/jason/ros2_ws/install/ros2_aruco_interfaces/include/ros2_aruco_interfaces/ros2_aruco_interfaces/msg/detail
[0.510s] -- Up-to-date: /home/jason/ros2_ws/install/ros2_aruco_interfaces/include/ros2_aruco_interfaces/ros2_aruco_interfaces/msg/detail/aruco_markers__rosidl_typesupport_fastrtps_cpp.hpp
[0.510s] -- Up-to-date: /home/jason/ros2_ws/install/ros2_aruco_interfaces/include/ros2_aruco_interfaces/ros2_aruco_interfaces/msg/detail/dds_fastrtps
[0.511s] -- Up-to-date: /home/jason/ros2_ws/install/ros2_aruco_interfaces/include/ros2_aruco_interfaces/ros2_aruco_interfaces/msg/rosidl_typesupport_fastrtps_cpp__visibility_control.h
[0.511s] -- Up-to-date: /home/jason/ros2_ws/install/ros2_aruco_interfaces/lib/libros2_aruco_interfaces__rosidl_typesupport_fastrtps_cpp.so
[0.511s] -- Up-to-date: /home/jason/ros2_ws/install/ros2_aruco_interfaces/include/ros2_aruco_interfaces/ros2_aruco_interfaces
[0.511s] -- Up-to-date: /home/jason/ros2_ws/install/ros2_aruco_interfaces/include/ros2_aruco_interfaces/ros2_aruco_interfaces/msg
[0.511s] -- Up-to-date: /home/jason/ros2_ws/install/ros2_aruco_interfaces/include/ros2_aruco_interfaces/ros2_aruco_interfaces/msg/detail
[0.511s] -- Up-to-date: /home/jason/ros2_ws/install/ros2_aruco_interfaces/include/ros2_aruco_interfaces/ros2_aruco_interfaces/msg/detail/aruco_markers__rosidl_typesupport_introspection_c.h
[0.511s] -- Up-to-date: /home/jason/ros2_ws/install/ros2_aruco_interfaces/include/ros2_aruco_interfaces/ros2_aruco_interfaces/msg/detail/aruco_markers__type_support.c
[0.511s] -- Up-to-date: /home/jason/ros2_ws/install/ros2_aruco_interfaces/include/ros2_aruco_interfaces/ros2_aruco_interfaces/msg/rosidl_typesupport_introspection_c__visibility_control.h
[0.511s] -- Up-to-date: /home/jason/ros2_ws/install/ros2_aruco_interfaces/lib/libros2_aruco_interfaces__rosidl_typesupport_introspection_c.so
[0.511s] -- Up-to-date: /home/jason/ros2_ws/install/ros2_aruco_interfaces/lib/libros2_aruco_interfaces__rosidl_typesupport_c.so
[0.511s] -- Up-to-date: /home/jason/ros2_ws/install/ros2_aruco_interfaces/include/ros2_aruco_interfaces/ros2_aruco_interfaces
[0.511s] -- Up-to-date: /home/jason/ros2_ws/install/ros2_aruco_interfaces/include/ros2_aruco_interfaces/ros2_aruco_interfaces/msg
[0.511s] -- Up-to-date: /home/jason/ros2_ws/install/ros2_aruco_interfaces/include/ros2_aruco_interfaces/ros2_aruco_interfaces/msg/detail
[0.512s] -- Up-to-date: /home/jason/ros2_ws/install/ros2_aruco_interfaces/include/ros2_aruco_interfaces/ros2_aruco_interfaces/msg/detail/aruco_markers__type_support.cpp
[0.512s] -- Up-to-date: /home/jason/ros2_ws/install/ros2_aruco_interfaces/include/ros2_aruco_interfaces/ros2_aruco_interfaces/msg/detail/aruco_markers__rosidl_typesupport_introspection_cpp.hpp
[0.512s] -- Up-to-date: /home/jason/ros2_ws/install/ros2_aruco_interfaces/lib/libros2_aruco_interfaces__rosidl_typesupport_introspection_cpp.so
[0.512s] -- Up-to-date: /home/jason/ros2_ws/install/ros2_aruco_interfaces/lib/libros2_aruco_interfaces__rosidl_typesupport_cpp.so
[0.512s] -- Up-to-date: /home/jason/ros2_ws/install/ros2_aruco_interfaces/share/ros2_aruco_interfaces/environment/pythonpath.sh
[0.512s] -- Up-to-date: /home/jason/ros2_ws/install/ros2_aruco_interfaces/share/ros2_aruco_interfaces/environment/pythonpath.dsv
[0.512s] -- Up-to-date: /home/jason/ros2_ws/install/ros2_aruco_interfaces/local/lib/python3.10/dist-packages/ros2_aruco_interfaces-0.1.0-py3.10.egg-info
[0.512s] -- Installing: /home/jason/ros2_ws/install/ros2_aruco_interfaces/local/lib/python3.10/dist-packages/ros2_aruco_interfaces-0.1.0-py3.10.egg-info/SOURCES.txt
[0.512s] -- Installing: /home/jason/ros2_ws/install/ros2_aruco_interfaces/local/lib/python3.10/dist-packages/ros2_aruco_interfaces-0.1.0-py3.10.egg-info/PKG-INFO
[0.512s] -- Installing: /home/jason/ros2_ws/install/ros2_aruco_interfaces/local/lib/python3.10/dist-packages/ros2_aruco_interfaces-0.1.0-py3.10.egg-info/dependency_links.txt
[0.512s] -- Installing: /home/jason/ros2_ws/install/ros2_aruco_interfaces/local/lib/python3.10/dist-packages/ros2_aruco_interfaces-0.1.0-py3.10.egg-info/top_level.txt
[0.513s] -- Up-to-date: /home/jason/ros2_ws/install/ros2_aruco_interfaces/local/lib/python3.10/dist-packages/ros2_aruco_interfaces
[0.513s] -- Up-to-date: /home/jason/ros2_ws/install/ros2_aruco_interfaces/local/lib/python3.10/dist-packages/ros2_aruco_interfaces/_ros2_aruco_interfaces_s.ep.rosidl_typesupport_fastrtps_c.c
[0.513s] -- Up-to-date: /home/jason/ros2_ws/install/ros2_aruco_interfaces/local/lib/python3.10/dist-packages/ros2_aruco_interfaces/_ros2_aruco_interfaces_s.ep.rosidl_typesupport_introspection_c.c
[0.513s] -- Up-to-date: /home/jason/ros2_ws/install/ros2_aruco_interfaces/local/lib/python3.10/dist-packages/ros2_aruco_interfaces/ros2_aruco_interfaces_s__rosidl_typesupport_introspection_c.cpython-310-x86_64-linux-gnu.so
[0.513s] -- Up-to-date: /home/jason/ros2_ws/install/ros2_aruco_interfaces/local/lib/python3.10/dist-packages/ros2_aruco_interfaces/libros2_aruco_interfaces__rosidl_generator_py.so
[0.513s] -- Up-to-date: /home/jason/ros2_ws/install/ros2_aruco_interfaces/local/lib/python3.10/dist-packages/ros2_aruco_interfaces/ros2_aruco_interfaces_s__rosidl_typesupport_c.cpython-310-x86_64-linux-gnu.so
[0.513s] -- Up-to-date: /home/jason/ros2_ws/install/ros2_aruco_interfaces/local/lib/python3.10/dist-packages/ros2_aruco_interfaces/__init__.py
[0.513s] -- Up-to-date: /home/jason/ros2_ws/install/ros2_aruco_interfaces/local/lib/python3.10/dist-packages/ros2_aruco_interfaces/_ros2_aruco_interfaces_s.ep.rosidl_typesupport_c.c
[0.513s] -- Up-to-date: /home/jason/ros2_ws/install/ros2_aruco_interfaces/local/lib/python3.10/dist-packages/ros2_aruco_interfaces/ros2_aruco_interfaces_s__rosidl_typesupport_fastrtps_c.cpython-310-x86_64-linux-gnu.so
[0.513s] -- Up-to-date: /home/jason/ros2_ws/install/ros2_aruco_interfaces/local/lib/python3.10/dist-packages/ros2_aruco_interfaces/msg
[0.513s] -- Up-to-date: /home/jason/ros2_ws/install/ros2_aruco_interfaces/local/lib/python3.10/dist-packages/ros2_aruco_interfaces/msg/_aruco_markers_s.c
[0.514s] -- Up-to-date: /home/jason/ros2_ws/install/ros2_aruco_interfaces/local/lib/python3.10/dist-packages/ros2_aruco_interfaces/msg/_aruco_markers.py
[0.514s] -- Up-to-date: /home/jason/ros2_ws/install/ros2_aruco_interfaces/local/lib/python3.10/dist-packages/ros2_aruco_interfaces/msg/__init__.py
[0.546s] Listing '/home/jason/ros2_ws/install/ros2_aruco_interfaces/local/lib/python3.10/dist-packages/ros2_aruco_interfaces'...
[0.546s] Listing '/home/jason/ros2_ws/install/ros2_aruco_interfaces/local/lib/python3.10/dist-packages/ros2_aruco_interfaces/msg'...
[0.551s] -- Up-to-date: /home/jason/ros2_ws/install/ros2_aruco_interfaces/local/lib/python3.10/dist-packages/ros2_aruco_interfaces/ros2_aruco_interfaces_s__rosidl_typesupport_fastrtps_c.cpython-310-x86_64-linux-gnu.so
[0.551s] -- Up-to-date: /home/jason/ros2_ws/install/ros2_aruco_interfaces/local/lib/python3.10/dist-packages/ros2_aruco_interfaces/ros2_aruco_interfaces_s__rosidl_typesupport_introspection_c.cpython-310-x86_64-linux-gnu.so
[0.551s] -- Up-to-date: /home/jason/ros2_ws/install/ros2_aruco_interfaces/local/lib/python3.10/dist-packages/ros2_aruco_interfaces/ros2_aruco_interfaces_s__rosidl_typesupport_c.cpython-310-x86_64-linux-gnu.so
[0.552s] -- Up-to-date: /home/jason/ros2_ws/install/ros2_aruco_interfaces/lib/libros2_aruco_interfaces__rosidl_generator_py.so
[0.552s] -- Up-to-date: /home/jason/ros2_ws/install/ros2_aruco_interfaces/share/ros2_aruco_interfaces/msg/ArucoMarkers.idl
[0.553s] -- Up-to-date: /home/jason/ros2_ws/install/ros2_aruco_interfaces/share/ros2_aruco_interfaces/msg/ArucoMarkers.msg
[0.553s] -- Up-to-date: /home/jason/ros2_ws/install/ros2_aruco_interfaces/share/ament_index/resource_index/package_run_dependencies/ros2_aruco_interfaces
[0.553s] -- Up-to-date: /home/jason/ros2_ws/install/ros2_aruco_interfaces/share/ament_index/resource_index/parent_prefix_path/ros2_aruco_interfaces
[0.553s] -- Up-to-date: /home/jason/ros2_ws/install/ros2_aruco_interfaces/share/ros2_aruco_interfaces/environment/ament_prefix_path.sh
[0.553s] -- Up-to-date: /home/jason/ros2_ws/install/ros2_aruco_interfaces/share/ros2_aruco_interfaces/environment/ament_prefix_path.dsv
[0.553s] -- Up-to-date: /home/jason/ros2_ws/install/ros2_aruco_interfaces/share/ros2_aruco_interfaces/environment/path.sh
[0.553s] -- Up-to-date: /home/jason/ros2_ws/install/ros2_aruco_interfaces/share/ros2_aruco_interfaces/environment/path.dsv
[0.553s] -- Up-to-date: /home/jason/ros2_ws/install/ros2_aruco_interfaces/share/ros2_aruco_interfaces/local_setup.bash
[0.553s] -- Up-to-date: /home/jason/ros2_ws/install/ros2_aruco_interfaces/share/ros2_aruco_interfaces/local_setup.sh
[0.553s] -- Up-to-date: /home/jason/ros2_ws/install/ros2_aruco_interfaces/share/ros2_aruco_interfaces/local_setup.zsh
[0.553s] -- Up-to-date: /home/jason/ros2_ws/install/ros2_aruco_interfaces/share/ros2_aruco_interfaces/local_setup.dsv
[0.553s] -- Installing: /home/jason/ros2_ws/install/ros2_aruco_interfaces/share/ros2_aruco_interfaces/package.dsv
[0.553s] -- Up-to-date: /home/jason/ros2_ws/install/ros2_aruco_interfaces/share/ament_index/resource_index/packages/ros2_aruco_interfaces
[0.554s] -- Up-to-date: /home/jason/ros2_ws/install/ros2_aruco_interfaces/share/ros2_aruco_interfaces/cmake/export_ros2_aruco_interfaces__rosidl_generator_cExport.cmake
[0.554s] -- Up-to-date: /home/jason/ros2_ws/install/ros2_aruco_interfaces/share/ros2_aruco_interfaces/cmake/export_ros2_aruco_interfaces__rosidl_generator_cExport-noconfig.cmake
[0.554s] -- Up-to-date: /home/jason/ros2_ws/install/ros2_aruco_interfaces/share/ros2_aruco_interfaces/cmake/export_ros2_aruco_interfaces__rosidl_typesupport_fastrtps_cExport.cmake
[0.555s] -- Up-to-date: /home/jason/ros2_ws/install/ros2_aruco_interfaces/share/ros2_aruco_interfaces/cmake/export_ros2_aruco_interfaces__rosidl_typesupport_fastrtps_cExport-noconfig.cmake
[0.555s] -- Up-to-date: /home/jason/ros2_ws/install/ros2_aruco_interfaces/share/ros2_aruco_interfaces/cmake/export_ros2_aruco_interfaces__rosidl_generator_cppExport.cmake
[0.555s] -- Up-to-date: /home/jason/ros2_ws/install/ros2_aruco_interfaces/share/ros2_aruco_interfaces/cmake/export_ros2_aruco_interfaces__rosidl_typesupport_fastrtps_cppExport.cmake
[0.555s] -- Up-to-date: /home/jason/ros2_ws/install/ros2_aruco_interfaces/share/ros2_aruco_interfaces/cmake/export_ros2_aruco_interfaces__rosidl_typesupport_fastrtps_cppExport-noconfig.cmake
[0.555s] -- Up-to-date: /home/jason/ros2_ws/install/ros2_aruco_interfaces/share/ros2_aruco_interfaces/cmake/ros2_aruco_interfaces__rosidl_typesupport_introspection_cExport.cmake
[0.555s] -- Up-to-date: /home/jason/ros2_ws/install/ros2_aruco_interfaces/share/ros2_aruco_interfaces/cmake/ros2_aruco_interfaces__rosidl_typesupport_introspection_cExport-noconfig.cmake
[0.555s] -- Up-to-date: /home/jason/ros2_ws/install/ros2_aruco_interfaces/share/ros2_aruco_interfaces/cmake/ros2_aruco_interfaces__rosidl_typesupport_cExport.cmake
[0.555s] -- Up-to-date: /home/jason/ros2_ws/install/ros2_aruco_interfaces/share/ros2_aruco_interfaces/cmake/ros2_aruco_interfaces__rosidl_typesupport_cExport-noconfig.cmake
[0.555s] -- Up-to-date: /home/jason/ros2_ws/install/ros2_aruco_interfaces/share/ros2_aruco_interfaces/cmake/ros2_aruco_interfaces__rosidl_typesupport_introspection_cppExport.cmake
[0.555s] -- Up-to-date: /home/jason/ros2_ws/install/ros2_aruco_interfaces/share/ros2_aruco_interfaces/cmake/ros2_aruco_interfaces__rosidl_typesupport_introspection_cppExport-noconfig.cmake
[0.555s] -- Up-to-date: /home/jason/ros2_ws/install/ros2_aruco_interfaces/share/ros2_aruco_interfaces/cmake/ros2_aruco_interfaces__rosidl_typesupport_cppExport.cmake
[0.555s] -- Up-to-date: /home/jason/ros2_ws/install/ros2_aruco_interfaces/share/ros2_aruco_interfaces/cmake/ros2_aruco_interfaces__rosidl_typesupport_cppExport-noconfig.cmake
[0.555s] -- Up-to-date: /home/jason/ros2_ws/install/ros2_aruco_interfaces/share/ros2_aruco_interfaces/cmake/export_ros2_aruco_interfaces__rosidl_generator_pyExport.cmake
[0.555s] -- Up-to-date: /home/jason/ros2_ws/install/ros2_aruco_interfaces/share/ros2_aruco_interfaces/cmake/export_ros2_aruco_interfaces__rosidl_generator_pyExport-noconfig.cmake
[0.555s] -- Up-to-date: /home/jason/ros2_ws/install/ros2_aruco_interfaces/share/ros2_aruco_interfaces/cmake/rosidl_cmake-extras.cmake
[0.555s] -- Up-to-date: /home/jason/ros2_ws/install/ros2_aruco_interfaces/share/ros2_aruco_interfaces/cmake/ament_cmake_export_dependencies-extras.cmake
[0.556s] -- Up-to-date: /home/jason/ros2_ws/install/ros2_aruco_interfaces/share/ros2_aruco_interfaces/cmake/ament_cmake_export_include_directories-extras.cmake
[0.556s] -- Up-to-date: /home/jason/ros2_ws/install/ros2_aruco_interfaces/share/ros2_aruco_interfaces/cmake/ament_cmake_export_libraries-extras.cmake
[0.556s] -- Up-to-date: /home/jason/ros2_ws/install/ros2_aruco_interfaces/share/ros2_aruco_interfaces/cmake/ament_cmake_export_targets-extras.cmake
[0.556s] -- Up-to-date: /home/jason/ros2_ws/install/ros2_aruco_interfaces/share/ros2_aruco_interfaces/cmake/rosidl_cmake_export_typesupport_targets-extras.cmake
[0.556s] -- Up-to-date: /home/jason/ros2_ws/install/ros2_aruco_interfaces/share/ros2_aruco_interfaces/cmake/rosidl_cmake_export_typesupport_libraries-extras.cmake
[0.556s] -- Up-to-date: /home/jason/ros2_ws/install/ros2_aruco_interfaces/share/ros2_aruco_interfaces/cmake/ros2_aruco_interfacesConfig.cmake
[0.556s] -- Up-to-date: /home/jason/ros2_ws/install/ros2_aruco_interfaces/share/ros2_aruco_interfaces/cmake/ros2_aruco_interfacesConfig-version.cmake
[0.556s] -- Up-to-date: /home/jason/ros2_ws/install/ros2_aruco_interfaces/share/ros2_aruco_interfaces/package.xml
[0.559s] Invoked command in '/home/jason/ros2_ws/build/ros2_aruco_interfaces' returned '0': CMAKE_PREFIX_PATH=/home/jason/ros2_ws/install/ros2_aruco_interfaces:/home/jason/ros2_ws/install/ros2_aruco:/home/jason/ros2_ws/install/mbot_teleop:/home/jason/ros2_ws/install/mbot_gazebo:/opt/ros/humble:/home/jason/ros2_ws/install/realsense_gazebo_plugin:/home/jason/ros2_ws/install/realsense2_description:/home/jason/ros2_ws/install/realsense2_camera_msgs:/home/jason/ros2_ws/install/gazebo_ros_link_attacher /usr/bin/cmake --install /home/jason/ros2_ws/build/ros2_aruco_interfaces
