[0.007s] Invoking command in '/home/jason/ros2_ws/build/realsense_gazebo_plugin': /usr/bin/cmake /home/jason/ros2_ws/src/libs/realsense_gazebo_plugin -DCATKIN_INSTALL_INTO_PREFIX_ROOT=0 -DCMAKE_INSTALL_PREFIX=/home/jason/ros2_ws/install/realsense_gazebo_plugin
[0.064s] -- The C compiler identification is GNU 11.4.0
[0.126s] -- The CXX compiler identification is GNU 11.4.0
[0.133s] -- Detecting C compiler ABI info
[0.207s] -- Detecting C compiler ABI info - done
[0.208s] -- Check for working C compiler: /usr/bin/cc - skipped
[0.208s] -- Detecting C compile features
[0.210s] -- Detecting C compile features - done
[0.213s] -- Detecting CXX compiler ABI info
[0.299s] -- Detecting CXX compiler ABI info - done
[0.305s] -- Check for working CXX compiler: /usr/bin/c++ - skipped
[0.305s] -- Detecting CXX compile features
[0.306s] -- Detecting CXX compile features - done
[0.308s] -- Found ament_cmake: 1.3.11 (/opt/ros/humble/share/ament_cmake/cmake)
[0.440s] -- Found Python3: /usr/bin/python3 (found version "3.10.12") found components: Interpreter 
[0.509s] -- Found rclcpp: 16.0.12 (/opt/ros/humble/share/rclcpp/cmake)
[0.542s] -- Found rosidl_generator_c: 3.1.6 (/opt/ros/humble/share/rosidl_generator_c/cmake)
[0.546s] -- Found rosidl_adapter: 3.1.6 (/opt/ros/humble/share/rosidl_adapter/cmake)
[0.553s] -- Found rosidl_generator_cpp: 3.1.6 (/opt/ros/humble/share/rosidl_generator_cpp/cmake)
[0.562s] -- Using all available rosidl_typesupport_c: rosidl_typesupport_fastrtps_c;rosidl_typesupport_introspection_c
[0.575s] -- Using all available rosidl_typesupport_cpp: rosidl_typesupport_fastrtps_cpp;rosidl_typesupport_introspection_cpp
[0.610s] -- Found rmw_implementation_cmake: 6.1.2 (/opt/ros/humble/share/rmw_implementation_cmake/cmake)
[0.612s] -- Found rmw_fastrtps_cpp: 6.2.7 (/opt/ros/humble/share/rmw_fastrtps_cpp/cmake)
[0.695s] -- Found OpenSSL: /usr/lib/x86_64-linux-gnu/libcrypto.so (found version "3.0.2")  
[0.723s] -- Found FastRTPS: /opt/ros/humble/include  
[0.762s] -- Using RMW implementation 'rmw_fastrtps_cpp' as default
[0.769s] -- Looking for pthread.h
[0.852s] -- Looking for pthread.h - found
[0.853s] -- Performing Test CMAKE_HAVE_LIBC_PTHREAD
[0.941s] -- Performing Test CMAKE_HAVE_LIBC_PTHREAD - Success
[0.941s] -- Found Threads: TRUE  
[0.984s] -- Found gazebo_ros: 3.9.0 (/opt/ros/humble/share/gazebo_ros/cmake)
[0.994s] -- Found PkgConfig: /usr/bin/pkg-config (found version "0.29.2") 
[0.995s] -- Checking for module 'bullet>=2.82'
[1.011s] --   Found bullet, version 3.05
[1.189s] -- Found fcl: /usr/include (found suitable version "0.7.0", minimum required is "0.5.0") 
[1.297s] -- Found assimp: /usr/include (found version "5.2.0") 
[1.339s] -- Found DART: /usr/include (Required is at least version "6.6") found components: dart 
[1.373s] -- Found Boost: /usr/lib/x86_64-linux-gnu/cmake/Boost-1.74.0/BoostConfig.cmake (found suitable version "1.74.0", minimum required is "1.40.0") found components: thread system filesystem program_options regex iostreams date_time 
[1.391s] -- Found Protobuf: /usr/lib/x86_64-linux-gnu/libprotobuf.so (found version "3.12.4") 
[1.391s] -- Looking for ignition-math6 -- found version 6.15.1
[1.396s] -- Searching for dependencies of ignition-math6
[1.398s] -- Looking for OGRE...
[1.398s] -- OGRE_PREFIX_WATCH changed.
[1.405s] -- Checking for module 'OGRE'
[1.438s] --   Found OGRE, version 1.9.0
[1.495s] -- Found Ogre Ghadamon (1.9.0)
[1.501s] -- Found OGRE: optimized;/usr/lib/x86_64-linux-gnu/libOgreMain.so;debug;/usr/lib/x86_64-linux-gnu/libOgreMain.so
[1.510s] -- Looking for OGRE_Paging...
[1.515s] -- Found OGRE_Paging: optimized;/usr/lib/x86_64-linux-gnu/libOgrePaging.so;debug;/usr/lib/x86_64-linux-gnu/libOgrePaging.so
[1.517s] -- Looking for OGRE_Terrain...
[1.520s] -- Found OGRE_Terrain: optimized;/usr/lib/x86_64-linux-gnu/libOgreTerrain.so;debug;/usr/lib/x86_64-linux-gnu/libOgreTerrain.so
[1.520s] -- Looking for OGRE_Property...
[1.524s] -- Found OGRE_Property: optimized;/usr/lib/x86_64-linux-gnu/libOgreProperty.so;debug;/usr/lib/x86_64-linux-gnu/libOgreProperty.so
[1.526s] -- Looking for OGRE_RTShaderSystem...
[1.529s] -- Found OGRE_RTShaderSystem: optimized;/usr/lib/x86_64-linux-gnu/libOgreRTShaderSystem.so;debug;/usr/lib/x86_64-linux-gnu/libOgreRTShaderSystem.so
[1.529s] -- Looking for OGRE_Volume...
[1.533s] -- Found OGRE_Volume: optimized;/usr/lib/x86_64-linux-gnu/libOgreVolume.so;debug;/usr/lib/x86_64-linux-gnu/libOgreVolume.so
[1.533s] -- Looking for OGRE_Overlay...
[1.538s] -- Found OGRE_Overlay: optimized;/usr/lib/x86_64-linux-gnu/libOgreOverlay.so;debug;/usr/lib/x86_64-linux-gnu/libOgreOverlay.so
[1.628s] -- Looking for ignition-math6 -- found version 6.15.1
[1.629s] -- Looking for ignition-transport8 -- found version 8.2.1
[1.630s] -- Searching for dependencies of ignition-transport8
[1.651s] -- Found Protobuf: /usr/lib/x86_64-linux-gnu/libprotobuf.so (found suitable version "3.12.4", minimum required is "3") 
[1.664s] -- Config-file not installed for ZeroMQ -- checking for pkg-config
[1.678s] -- Checking for module 'libzmq >= 4'
[1.707s] --   Found libzmq , version 4.3.4
[1.792s] -- Found ZeroMQ: TRUE (Required is at least version "4") 
[1.806s] -- Checking for module 'uuid'
[1.839s] --   Found uuid, version 2.37.2
[1.927s] -- Found UUID: TRUE  
[1.927s] -- Looking for ignition-msgs5 -- found version 5.8.1
[1.930s] -- Searching for dependencies of ignition-msgs5
[1.948s] -- Looking for ignition-math6 -- found version 6.15.1
[1.956s] -- Checking for module 'tinyxml2'
[1.976s] --   Found tinyxml2, version 9.0.0
[2.053s] -- Looking for ignition-msgs5 -- found version 5.8.1
[2.055s] -- Looking for ignition-common3 -- found version 3.14.0
[2.056s] -- Searching for dependencies of ignition-common3
[2.056s] -- Looking for dlfcn.h - found
[2.057s] -- Looking for libdl - found
[2.058s] -- Found DL: TRUE  
[2.082s] -- Found tinyobjloader: /usr/lib/x86_64-linux-gnu/cmake/tinyobjloader/tinyobjloader-config.cmake (found version "2.0.0") 
[2.082s] -- Searching for <ignition-common3> component [graphics]
[2.084s] -- Looking for ignition-common3-graphics -- found version 3.14.0
[2.088s] -- Searching for dependencies of ignition-common3-graphics
[2.089s] -- Looking for ignition-math6 -- found version 6.15.1
[2.094s] -- Looking for ignition-fuel_tools4 -- found version 4.4.0
[2.096s] -- Searching for dependencies of ignition-fuel_tools4
[2.272s] -- Found CURL: /usr/lib/x86_64-linux-gnu/libcurl.so (found version "7.81.0")  
[2.292s] -- Checking for module 'jsoncpp'
[2.325s] --   Found jsoncpp, version 1.9.5
[2.405s] -- Found JSONCPP: TRUE  
[2.415s] -- Checking for module 'libzip'
[2.442s] --   Found libzip, version 1.7.3
[2.514s] -- Found ZIP: TRUE  
[2.516s] -- Looking for ignition-common3 -- found version 3.14.0
[2.518s] -- Looking for ignition-math6 -- found version 6.15.1
[2.518s] -- Looking for ignition-msgs5 -- found version 5.8.1
[2.523s] -- Gazebo version: 11.10
[2.529s] -- Checking for module 'tbb'
[2.557s] --   Found tbb, version 2021.5.0
[2.645s] -- Found image_transport: 3.1.11 (/opt/ros/humble/share/image_transport/cmake)
[2.777s] -- Found camera_info_manager: 3.1.11 (/opt/ros/humble/share/camera_info_manager/cmake)
[2.814s] -- Found ament_lint_auto: 0.12.12 (/opt/ros/humble/share/ament_lint_auto/cmake)
[2.931s] -- Configuring done
[3.037s] -- Generating done
[3.039s] [33mCMake Warning:
[3.039s]   Manually-specified variables were not used by the project:
[3.039s] 
[3.039s]     CATKIN_INSTALL_INTO_PREFIX_ROOT
[3.039s] 
[3.039s] [0m
[3.049s] -- Build files have been written to: /home/jason/ros2_ws/build/realsense_gazebo_plugin
[3.080s] Invoked command in '/home/jason/ros2_ws/build/realsense_gazebo_plugin' returned '0': /usr/bin/cmake /home/jason/ros2_ws/src/libs/realsense_gazebo_plugin -DCATKIN_INSTALL_INTO_PREFIX_ROOT=0 -DCMAKE_INSTALL_PREFIX=/home/jason/ros2_ws/install/realsense_gazebo_plugin
[3.080s] Invoking command in '/home/jason/ros2_ws/build/realsense_gazebo_plugin': /usr/bin/cmake --build /home/jason/ros2_ws/build/realsense_gazebo_plugin -- -j4 -l4
[3.198s] [ 33%] [32mBuilding CXX object CMakeFiles/realsense_gazebo_plugin.dir/src/RealSensePlugin.cpp.o[0m
[3.203s] [ 66%] [32mBuilding CXX object CMakeFiles/realsense_gazebo_plugin.dir/src/gazebo_ros_realsense.cpp.o[0m
[56.754s] [100%] [32m[1mLinking CXX shared library librealsense_gazebo_plugin.so[0m
[57.482s] [100%] Built target realsense_gazebo_plugin
[57.521s] Invoked command in '/home/jason/ros2_ws/build/realsense_gazebo_plugin' returned '0': /usr/bin/cmake --build /home/jason/ros2_ws/build/realsense_gazebo_plugin -- -j4 -l4
[57.523s] Invoking command in '/home/jason/ros2_ws/build/realsense_gazebo_plugin': /usr/bin/cmake --install /home/jason/ros2_ws/build/realsense_gazebo_plugin
[57.532s] -- Install configuration: ""
[57.533s] -- Installing: /home/jason/ros2_ws/install/realsense_gazebo_plugin/lib/librealsense_gazebo_plugin.so
[57.537s] -- Set runtime path of "/home/jason/ros2_ws/install/realsense_gazebo_plugin/lib/librealsense_gazebo_plugin.so" to ""
[57.538s] -- Installing: /home/jason/ros2_ws/install/realsense_gazebo_plugin/include/
[57.538s] -- Installing: /home/jason/ros2_ws/install/realsense_gazebo_plugin/include//realsense_gazebo_plugin
[57.538s] -- Installing: /home/jason/ros2_ws/install/realsense_gazebo_plugin/include//realsense_gazebo_plugin/gazebo_ros_realsense.h
[57.539s] -- Installing: /home/jason/ros2_ws/install/realsense_gazebo_plugin/include//realsense_gazebo_plugin/RealSensePlugin.h
[57.539s] -- Installing: /home/jason/ros2_ws/install/realsense_gazebo_plugin/share/realsense_gazebo_plugin/environment/library_path.sh
[57.540s] -- Installing: /home/jason/ros2_ws/install/realsense_gazebo_plugin/share/realsense_gazebo_plugin/environment/library_path.dsv
[57.541s] -- Installing: /home/jason/ros2_ws/install/realsense_gazebo_plugin/share/ament_index/resource_index/package_run_dependencies/realsense_gazebo_plugin
[57.541s] -- Installing: /home/jason/ros2_ws/install/realsense_gazebo_plugin/share/ament_index/resource_index/parent_prefix_path/realsense_gazebo_plugin
[57.542s] -- Installing: /home/jason/ros2_ws/install/realsense_gazebo_plugin/share/realsense_gazebo_plugin/environment/ament_prefix_path.sh
[57.542s] -- Installing: /home/jason/ros2_ws/install/realsense_gazebo_plugin/share/realsense_gazebo_plugin/environment/ament_prefix_path.dsv
[57.542s] -- Installing: /home/jason/ros2_ws/install/realsense_gazebo_plugin/share/realsense_gazebo_plugin/environment/path.sh
[57.542s] -- Installing: /home/jason/ros2_ws/install/realsense_gazebo_plugin/share/realsense_gazebo_plugin/environment/path.dsv
[57.543s] -- Installing: /home/jason/ros2_ws/install/realsense_gazebo_plugin/share/realsense_gazebo_plugin/local_setup.bash
[57.543s] -- Installing: /home/jason/ros2_ws/install/realsense_gazebo_plugin/share/realsense_gazebo_plugin/local_setup.sh
[57.544s] -- Installing: /home/jason/ros2_ws/install/realsense_gazebo_plugin/share/realsense_gazebo_plugin/local_setup.zsh
[57.544s] -- Installing: /home/jason/ros2_ws/install/realsense_gazebo_plugin/share/realsense_gazebo_plugin/local_setup.dsv
[57.545s] -- Installing: /home/jason/ros2_ws/install/realsense_gazebo_plugin/share/realsense_gazebo_plugin/package.dsv
[57.545s] -- Installing: /home/jason/ros2_ws/install/realsense_gazebo_plugin/share/ament_index/resource_index/packages/realsense_gazebo_plugin
[57.546s] -- Installing: /home/jason/ros2_ws/install/realsense_gazebo_plugin/share/realsense_gazebo_plugin/cmake/ament_cmake_export_include_directories-extras.cmake
[57.546s] -- Installing: /home/jason/ros2_ws/install/realsense_gazebo_plugin/share/realsense_gazebo_plugin/cmake/ament_cmake_export_libraries-extras.cmake
[57.547s] -- Installing: /home/jason/ros2_ws/install/realsense_gazebo_plugin/share/realsense_gazebo_plugin/cmake/realsense_gazebo_pluginConfig.cmake
[57.547s] -- Installing: /home/jason/ros2_ws/install/realsense_gazebo_plugin/share/realsense_gazebo_plugin/cmake/realsense_gazebo_pluginConfig-version.cmake
[57.547s] -- Installing: /home/jason/ros2_ws/install/realsense_gazebo_plugin/share/realsense_gazebo_plugin/package.xml
[57.551s] Invoked command in '/home/jason/ros2_ws/build/realsense_gazebo_plugin' returned '0': /usr/bin/cmake --install /home/jason/ros2_ws/build/realsense_gazebo_plugin
