[1.848s] Invoking command in '/home/jason/ros2_ws/src/mbot_gazebo': PYTHONPATH=/home/jason/ros2_ws/build/mbot_gazebo/prefix_override:/usr/lib/python3/dist-packages/colcon_core/task/python/colcon_distutils_commands:/home/jason/ros2_ws/install/mbot_gazebo/lib/python3.10/site-packages:${PYTHONPATH} /usr/bin/python3 -W ignore:setup.py install is deprecated -W ignore:easy_install command is deprecated setup.py egg_info --egg-base ../../build/mbot_gazebo build --build-base /home/jason/ros2_ws/build/mbot_gazebo/build install --record /home/jason/ros2_ws/build/mbot_gazebo/install.log --single-version-externally-managed install_data
[2.406s] running egg_info
[2.406s] writing ../../build/mbot_gazebo/mbot_gazebo.egg-info/PKG-INFO
[2.406s] writing dependency_links to ../../build/mbot_gazebo/mbot_gazebo.egg-info/dependency_links.txt
[2.406s] writing entry points to ../../build/mbot_gazebo/mbot_gazebo.egg-info/entry_points.txt
[2.406s] writing requirements to ../../build/mbot_gazebo/mbot_gazebo.egg-info/requires.txt
[2.406s] writing top-level names to ../../build/mbot_gazebo/mbot_gazebo.egg-info/top_level.txt
[2.406s] reading manifest file '../../build/mbot_gazebo/mbot_gazebo.egg-info/SOURCES.txt'
[2.406s] writing manifest file '../../build/mbot_gazebo/mbot_gazebo.egg-info/SOURCES.txt'
[2.408s] running build
[2.408s] running build_py
[2.408s] running install
[2.408s] running install_lib
[2.408s] running install_data
[2.408s] running install_egg_info
[2.415s] removing '/home/jason/ros2_ws/install/mbot_gazebo/lib/python3.10/site-packages/mbot_gazebo-0.0.0-py3.10.egg-info' (and everything under it)
[2.415s] Copying ../../build/mbot_gazebo/mbot_gazebo.egg-info to /home/jason/ros2_ws/install/mbot_gazebo/lib/python3.10/site-packages/mbot_gazebo-0.0.0-py3.10.egg-info
[2.415s] running install_scripts
[2.475s] writing list of installed files to '/home/jason/ros2_ws/build/mbot_gazebo/install.log'
[2.611s] Invoked command in '/home/jason/ros2_ws/src/mbot_gazebo' returned '0': PYTHONPATH=/home/jason/ros2_ws/build/mbot_gazebo/prefix_override:/usr/lib/python3/dist-packages/colcon_core/task/python/colcon_distutils_commands:/home/jason/ros2_ws/install/mbot_gazebo/lib/python3.10/site-packages:${PYTHONPATH} /usr/bin/python3 -W ignore:setup.py install is deprecated -W ignore:easy_install command is deprecated setup.py egg_info --egg-base ../../build/mbot_gazebo build --build-base /home/jason/ros2_ws/build/mbot_gazebo/build install --record /home/jason/ros2_ws/build/mbot_gazebo/install.log --single-version-externally-managed install_data
