[0.939s] Invoking command in '/home/yahboom/S25_RobotProgramming_Ardent/aruco_final_project/src/aruco_follower': PYTHONPATH=/home/yahboom/S25_RobotProgramming_Ardent/aruco_final_project/build/aruco_follower/prefix_override:/home/yahboom/S25_RobotProgramming_Ardent/aruco_final_project/install/aruco_follower/lib/python3.8/site-packages:${PYTHONPATH} /usr/bin/python3 setup.py egg_info --egg-base ../../build/aruco_follower build --build-base /home/yahboom/S25_RobotProgramming_Ardent/aruco_final_project/build/aruco_follower/build install --record /home/yahboom/S25_RobotProgramming_Ardent/aruco_final_project/build/aruco_follower/install.log --install-scripts $base/lib/aruco_follower --single-version-externally-managed
[1.145s] running egg_info
[1.145s] writing ../../build/aruco_follower/aruco_follower.egg-info/PKG-INFO
[1.146s] writing dependency_links to ../../build/aruco_follower/aruco_follower.egg-info/dependency_links.txt
[1.146s] writing entry points to ../../build/aruco_follower/aruco_follower.egg-info/entry_points.txt
[1.147s] writing requirements to ../../build/aruco_follower/aruco_follower.egg-info/requires.txt
[1.147s] writing top-level names to ../../build/aruco_follower/aruco_follower.egg-info/top_level.txt
[1.181s] reading manifest file '../../build/aruco_follower/aruco_follower.egg-info/SOURCES.txt'
[1.182s] writing manifest file '../../build/aruco_follower/aruco_follower.egg-info/SOURCES.txt'
[1.182s] running build
[1.182s] running build_py
[1.183s] copying aruco_follower/cam_sub.py -> /home/yahboom/S25_RobotProgramming_Ardent/aruco_final_project/build/aruco_follower/build/lib/aruco_follower
[1.183s] copying aruco_follower/cam_pub.py -> /home/yahboom/S25_RobotProgramming_Ardent/aruco_final_project/build/aruco_follower/build/lib/aruco_follower
[1.183s] copying aruco_follower/aruco_follower.py -> /home/yahboom/S25_RobotProgramming_Ardent/aruco_final_project/build/aruco_follower/build/lib/aruco_follower
[1.183s] running install
[1.184s] running install_lib
[1.186s] copying /home/yahboom/S25_RobotProgramming_Ardent/aruco_final_project/build/aruco_follower/build/lib/aruco_follower/cam_sub.py -> /home/yahboom/S25_RobotProgramming_Ardent/aruco_final_project/install/aruco_follower/lib/python3.8/site-packages/aruco_follower
[1.186s] copying /home/yahboom/S25_RobotProgramming_Ardent/aruco_final_project/build/aruco_follower/build/lib/aruco_follower/cam_pub.py -> /home/yahboom/S25_RobotProgramming_Ardent/aruco_final_project/install/aruco_follower/lib/python3.8/site-packages/aruco_follower
[1.186s] copying /home/yahboom/S25_RobotProgramming_Ardent/aruco_final_project/build/aruco_follower/build/lib/aruco_follower/aruco_follower.py -> /home/yahboom/S25_RobotProgramming_Ardent/aruco_final_project/install/aruco_follower/lib/python3.8/site-packages/aruco_follower
[1.187s] byte-compiling /home/yahboom/S25_RobotProgramming_Ardent/aruco_final_project/install/aruco_follower/lib/python3.8/site-packages/aruco_follower/cam_sub.py to cam_sub.cpython-38.pyc
[1.189s] byte-compiling /home/yahboom/S25_RobotProgramming_Ardent/aruco_final_project/install/aruco_follower/lib/python3.8/site-packages/aruco_follower/cam_pub.py to cam_pub.cpython-38.pyc
[1.189s] byte-compiling /home/yahboom/S25_RobotProgramming_Ardent/aruco_final_project/install/aruco_follower/lib/python3.8/site-packages/aruco_follower/aruco_follower.py to aruco_follower.cpython-38.pyc
[1.191s] running install_data
[1.192s] running install_egg_info
[1.194s] removing '/home/yahboom/S25_RobotProgramming_Ardent/aruco_final_project/install/aruco_follower/lib/python3.8/site-packages/aruco_follower-0.0.0-py3.8.egg-info' (and everything under it)
[1.195s] Copying ../../build/aruco_follower/aruco_follower.egg-info to /home/yahboom/S25_RobotProgramming_Ardent/aruco_final_project/install/aruco_follower/lib/python3.8/site-packages/aruco_follower-0.0.0-py3.8.egg-info
[1.196s] running install_scripts
[1.213s] Installing follower_node script to /home/yahboom/S25_RobotProgramming_Ardent/aruco_final_project/install/aruco_follower/lib/aruco_follower
[1.213s] Installing webcam_pub script to /home/yahboom/S25_RobotProgramming_Ardent/aruco_final_project/install/aruco_follower/lib/aruco_follower
[1.213s] Installing webcam_sub script to /home/yahboom/S25_RobotProgramming_Ardent/aruco_final_project/install/aruco_follower/lib/aruco_follower
[1.214s] writing list of installed files to '/home/yahboom/S25_RobotProgramming_Ardent/aruco_final_project/build/aruco_follower/install.log'
[1.247s] Invoked command in '/home/yahboom/S25_RobotProgramming_Ardent/aruco_final_project/src/aruco_follower' returned '0': PYTHONPATH=/home/yahboom/S25_RobotProgramming_Ardent/aruco_final_project/build/aruco_follower/prefix_override:/home/yahboom/S25_RobotProgramming_Ardent/aruco_final_project/install/aruco_follower/lib/python3.8/site-packages:${PYTHONPATH} /usr/bin/python3 setup.py egg_info --egg-base ../../build/aruco_follower build --build-base /home/yahboom/S25_RobotProgramming_Ardent/aruco_final_project/build/aruco_follower/build install --record /home/yahboom/S25_RobotProgramming_Ardent/aruco_final_project/build/aruco_follower/install.log --install-scripts $base/lib/aruco_follower --single-version-externally-managed
